#
# There is insufficient memory for the Java Runtime Environment to continue.
# Native memory allocation (malloc) failed to allocate 783376 bytes for Chunk::new
# Possible reasons:
#   The system is out of physical RAM or swap space
#   The process is running with CompressedOops enabled, and the Java Heap may be blocking the growth of the native heap
# Possible solutions:
#   Reduce memory load on the system
#   Increase physical memory or swap space
#   Check if swap backing store is full
#   Decrease Java heap size (-Xmx/-Xms)
#   Decrease number of Java threads
#   Decrease Java thread stack sizes (-Xss)
#   Set larger code cache with -XX:ReservedCodeCacheSize=
#   JVM is running with Unscaled Compressed Oops mode in which the Java heap is
#     placed in the first 4GB address space. The Java Heap base address is the
#     maximum limit for the native heap growth. Please use -XX:HeapBaseMinAddress
#     to set the Java Heap base and to place the Java Heap above 4GB virtual address.
# This output file may be truncated or incomplete.
#
#  Out of Memory Error (src/hotspot/share/memory/arena.cpp:197), pid=6784, tid=9920
#
# JRE version: OpenJDK Runtime Environment (11.0.15) (build 11.0.15+0-b2043.56-9505619)
# Java VM: OpenJDK 64-Bit Server VM (11.0.15+0-b2043.56-9505619, mixed mode, tiered, compressed oops, g1 gc, windows-amd64)
# No core dump will be written. Minidumps are not enabled by default on client versions of Windows
#

---------------  S U M M A R Y ------------

Command Line: --add-opens=java.base/java.util=ALL-UNNAMED --add-opens=java.base/java.lang=ALL-UNNAMED --add-opens=java.base/java.lang.invoke=ALL-UNNAMED --add-opens=java.base/java.util=ALL-UNNAMED --add-opens=java.prefs/java.util.prefs=ALL-UNNAMED --add-opens=java.prefs/java.util.prefs=ALL-UNNAMED --add-opens=java.base/java.nio.charset=ALL-UNNAMED --add-opens=java.base/java.net=ALL-UNNAMED --add-opens=java.base/java.util.concurrent.atomic=ALL-UNNAMED -Xmx2048m -Dfile.encoding=UTF-8 -Duser.country=US -Duser.language=en -Duser.variant org.gradle.launcher.daemon.bootstrap.GradleDaemon 7.5

Host: Intel(R) Celeron(R) N4020 CPU @ 1.10GHz, 2 cores, 3G,  Windows 10 , 64 bit Build 19041 (10.0.19041.2364)
Time: Sat Apr 29 23:28:19 2023 Central Daylight Time elapsed time: 304.011617 seconds (0d 0h 5m 4s)

---------------  T H R E A D  ---------------

Current thread (0x000001ab5cd68000):  JavaThread "C2 CompilerThread0" daemon [_thread_in_native, id=9920, stack(0x0000005b98c00000,0x0000005b98d00000)]


Current CompileTask:
C2: 304011 14211   !   4       org.gradle.cache.internal.btree.BTreePersistentIndexedCache::get (57 bytes)

Stack: [0x0000005b98c00000,0x0000005b98d00000]
Native frames: (J=compiled Java code, j=interpreted, Vv=VM code, C=native code)
V  [jvm.dll+0x64135a]
V  [jvm.dll+0x7d39f9]
V  [jvm.dll+0x7d51b9]
V  [jvm.dll+0x7d58a3]
V  [jvm.dll+0x2691c5]
V  [jvm.dll+0xc1a5c]
V  [jvm.dll+0xc200c]
V  [jvm.dll+0x377462]
V  [jvm.dll+0x342495]
V  [jvm.dll+0x34186a]
V  [jvm.dll+0x2214bd]
V  [jvm.dll+0x220498]
V  [jvm.dll+0x19e851]
V  [jvm.dll+0x230479]
V  [jvm.dll+0x22e5ef]
V  [jvm.dll+0x794de1]
V  [jvm.dll+0x78dc24]
V  [jvm.dll+0x6400f6]
C  [ucrtbase.dll+0x21bb2]
C  [KERNEL32.DLL+0x17614]
C  [ntdll.dll+0x526a1]


---------------  P R O C E S S  ---------------

Threads class SMR info:
_java_thread_list=0x000001ab65b244d0, length=65, elements={
0x000001ab43643800, 0x000001ab5cd02000, 0x000001ab5cd05000, 0x000001ab5cd60800,
0x000001ab5cd62000, 0x000001ab5cd63000, 0x000001ab5cd68000, 0x000001ab5d6d0000,
0x000001ab5cd8c800, 0x000001ab5d74e800, 0x000001ab5e7f6000, 0x000001ab5e792800,
0x000001ab5ec33800, 0x000001ab5d98c000, 0x000001ab5d986800, 0x000001ab5d98d000,
0x000001ab5d988000, 0x000001ab5d98a800, 0x000001ab5d98b000, 0x000001ab5d987000,
0x000001ab61a17000, 0x000001ab61a1a000, 0x000001ab5f96d000, 0x000001ab5f96e000,
0x000001ab5f96c000, 0x000001ab5f96f800, 0x000001ab5f96b800, 0x000001ab5f972800,
0x000001ab5f972000, 0x000001ab5f974800, 0x000001ab5f971000, 0x000001ab5f96e800,
0x000001ab5f975000, 0x000001ab5f976000, 0x000001ab5f970000, 0x000001ab5f978800,
0x000001ab5f977000, 0x000001ab5f977800, 0x000001ab5f979000, 0x000001ab5f97a000,
0x000001ab61a17800, 0x000001ab61a16000, 0x000001ab61a18800, 0x000001ab61a19800,
0x000001ab61a15800, 0x000001ab61a1c800, 0x000001ab61a1c000, 0x000001ab61a1e800,
0x000001ab61a20000, 0x000001ab61a20800, 0x000001ab61a21800, 0x000001ab61a1f000,
0x000001ab61a23000, 0x000001ab61a22800, 0x000001ab61a1d800, 0x000001ab61a24000,
0x000001ab5d989800, 0x000001ab5d988800, 0x000001ab6545f000, 0x000001ab65461800,
0x000001ab6545e000, 0x000001ab65460000, 0x000001ab65462800, 0x000001ab65460800,
0x000001ab65463000
}

Java Threads: ( => current thread )
  0x000001ab43643800 JavaThread "main" [_thread_blocked, id=6416, stack(0x0000005b98000000,0x0000005b98100000)]
  0x000001ab5cd02000 JavaThread "Reference Handler" daemon [_thread_blocked, id=11368, stack(0x0000005b98700000,0x0000005b98800000)]
  0x000001ab5cd05000 JavaThread "Finalizer" daemon [_thread_blocked, id=7304, stack(0x0000005b98800000,0x0000005b98900000)]
  0x000001ab5cd60800 JavaThread "Signal Dispatcher" daemon [_thread_blocked, id=568, stack(0x0000005b98900000,0x0000005b98a00000)]
  0x000001ab5cd62000 JavaThread "Attach Listener" daemon [_thread_blocked, id=3292, stack(0x0000005b98a00000,0x0000005b98b00000)]
  0x000001ab5cd63000 JavaThread "Service Thread" daemon [_thread_blocked, id=452, stack(0x0000005b98b00000,0x0000005b98c00000)]
=>0x000001ab5cd68000 JavaThread "C2 CompilerThread0" daemon [_thread_in_native, id=9920, stack(0x0000005b98c00000,0x0000005b98d00000)]
  0x000001ab5d6d0000 JavaThread "C1 CompilerThread0" daemon [_thread_blocked, id=3716, stack(0x0000005b98d00000,0x0000005b98e00000)]
  0x000001ab5cd8c800 JavaThread "Sweeper thread" daemon [_thread_blocked, id=8224, stack(0x0000005b98e00000,0x0000005b98f00000)]
  0x000001ab5d74e800 JavaThread "Common-Cleaner" daemon [_thread_blocked, id=4680, stack(0x0000005b98f00000,0x0000005b99000000)]
  0x000001ab5e7f6000 JavaThread "Daemon health stats" [_thread_blocked, id=5040, stack(0x0000005b99200000,0x0000005b99300000)]
  0x000001ab5e792800 JavaThread "Incoming local TCP Connector on port 53005" [_thread_in_native, id=4460, stack(0x0000005b99300000,0x0000005b99400000)]
  0x000001ab5ec33800 JavaThread "Daemon periodic checks" [_thread_blocked, id=3396, stack(0x0000005b99400000,0x0000005b99500000)]
  0x000001ab5d98c000 JavaThread "Cache worker for journal cache (C:\SD Card\.gradle\caches\journal-1)" [_thread_blocked, id=3544, stack(0x0000005b99c00000,0x0000005b99d00000)]
  0x000001ab5d986800 JavaThread "File lock request listener" [_thread_in_native, id=5924, stack(0x0000005b99d00000,0x0000005b99e00000)]
  0x000001ab5d98d000 JavaThread "Cache worker for file hash cache (C:\SD Card\.gradle\caches\7.5\fileHashes)" [_thread_blocked, id=4236, stack(0x0000005b99e00000,0x0000005b99f00000)]
  0x000001ab5d988000 JavaThread "File watcher server" daemon [_thread_in_native, id=5912, stack(0x0000005b99f00000,0x0000005b9a000000)]
  0x000001ab5d98a800 JavaThread "File watcher consumer" daemon [_thread_blocked, id=3068, stack(0x0000005b9a000000,0x0000005b9a100000)]
  0x000001ab5d98b000 JavaThread "jar transforms" [_thread_blocked, id=688, stack(0x0000005b9a100000,0x0000005b9a200000)]
  0x000001ab5d987000 JavaThread "jar transforms Thread 2" [_thread_blocked, id=3832, stack(0x0000005b9a200000,0x0000005b9a300000)]
  0x000001ab61a17000 JavaThread "Cache worker for file content cache (C:\SD Card\.gradle\caches\7.5\fileContent)" [_thread_blocked, id=10428, stack(0x0000005b9a500000,0x0000005b9a600000)]
  0x000001ab61a1a000 JavaThread "Cache worker for execution history cache (C:\SD Card\.gradle\caches\7.5\executionHistory)" [_thread_blocked, id=10908, stack(0x0000005b9a800000,0x0000005b9a900000)]
  0x000001ab5f96d000 JavaThread "Memory manager" [_thread_blocked, id=2880, stack(0x0000005b97d00000,0x0000005b97e00000)]
  0x000001ab5f96e000 JavaThread "pool-3-thread-1" [_thread_blocked, id=3596, stack(0x0000005b97e00000,0x0000005b97f00000)]
  0x000001ab5f96c000 JavaThread "Daemon Thread 2" [_thread_blocked, id=6780, stack(0x0000005b97f00000,0x0000005b98000000)]
  0x000001ab5f96f800 JavaThread "Handler for socket connection from /127.0.0.1:53005 to /127.0.0.1:62364" [_thread_in_native, id=9776, stack(0x0000005b99500000,0x0000005b99600000)]
  0x000001ab5f96b800 JavaThread "Cancel handler" [_thread_blocked, id=11472, stack(0x0000005b99600000,0x0000005b99700000)]
  0x000001ab5f972800 JavaThread "Daemon worker Thread 2" [_thread_blocked, id=6636, stack(0x0000005b99700000,0x0000005b99800000)]
  0x000001ab5f972000 JavaThread "Asynchronous log dispatcher for DefaultDaemonConnection: socket connection from /127.0.0.1:53005 to /127.0.0.1:62364" [_thread_blocked, id=10784, stack(0x0000005b99800000,0x0000005b99900000)]
  0x000001ab5f974800 JavaThread "Stdin handler" [_thread_blocked, id=4344, stack(0x0000005b99900000,0x0000005b99a00000)]
  0x000001ab5f971000 JavaThread "Daemon client event forwarder" [_thread_blocked, id=2244, stack(0x0000005b99a00000,0x0000005b99b00000)]
  0x000001ab5f96e800 JavaThread "Cache worker for checksums cache (C:\SD Card\Downloads\Task Eliminator\TaskEliminator\.gradle\7.5\checksums)" [_thread_blocked, id=11836, stack(0x0000005b99b00000,0x0000005b99c00000)]
  0x000001ab5f975000 JavaThread "Cache worker for cache directory md-rule (C:\SD Card\.gradle\caches\7.5\md-rule)" [_thread_blocked, id=10604, stack(0x0000005b9a300000,0x0000005b9a400000)]
  0x000001ab5f976000 JavaThread "Cache worker for file hash cache (C:\SD Card\Downloads\Task Eliminator\TaskEliminator\.gradle\7.5\fileHashes)" [_thread_blocked, id=3212, stack(0x0000005b9a400000,0x0000005b9a500000)]
  0x000001ab5f970000 JavaThread "Cache worker for cache directory md-supplier (C:\SD Card\.gradle\caches\7.5\md-supplier)" [_thread_blocked, id=6592, stack(0x0000005b9a600000,0x0000005b9a700000)]
  0x000001ab5f978800 JavaThread "Cache worker for dependencies-accessors (C:\SD Card\Downloads\Task Eliminator\TaskEliminator\.gradle\7.5\dependencies-accessors)" [_thread_blocked, id=11864, stack(0x0000005b9a700000,0x0000005b9a800000)]
  0x000001ab5f977000 JavaThread "Cache worker for Build Output Cleanup Cache (C:\SD Card\Downloads\Task Eliminator\TaskEliminator\.gradle\buildOutputCleanup)" [_thread_blocked, id=11248, stack(0x0000005b9a900000,0x0000005b9aa00000)]
  0x000001ab5f977800 JavaThread "Unconstrained build operations" [_thread_blocked, id=7888, stack(0x0000005b9aa00000,0x0000005b9ab00000)]
  0x000001ab5f979000 JavaThread "Unconstrained build operations Thread 2" [_thread_blocked, id=6520, stack(0x0000005b9ab00000,0x0000005b9ac00000)]
  0x000001ab5f97a000 JavaThread "Unconstrained build operations Thread 3" [_thread_blocked, id=11916, stack(0x0000005b9ac00000,0x0000005b9ad00000)]
  0x000001ab61a17800 JavaThread "Unconstrained build operations Thread 4" [_thread_blocked, id=7624, stack(0x0000005b9ad00000,0x0000005b9ae00000)]
  0x000001ab61a16000 JavaThread "Unconstrained build operations Thread 5" [_thread_blocked, id=584, stack(0x0000005b9ae00000,0x0000005b9af00000)]
  0x000001ab61a18800 JavaThread "Unconstrained build operations Thread 6" [_thread_blocked, id=12232, stack(0x0000005b9af00000,0x0000005b9b000000)]
  0x000001ab61a19800 JavaThread "Unconstrained build operations Thread 7" [_thread_blocked, id=7680, stack(0x0000005b9b000000,0x0000005b9b100000)]
  0x000001ab61a15800 JavaThread "Unconstrained build operations Thread 8" [_thread_blocked, id=10756, stack(0x0000005b9b100000,0x0000005b9b200000)]
  0x000001ab61a1c800 JavaThread "Unconstrained build operations Thread 9" [_thread_blocked, id=6132, stack(0x0000005b9b200000,0x0000005b9b300000)]
  0x000001ab61a1c000 JavaThread "Unconstrained build operations Thread 10" [_thread_blocked, id=2376, stack(0x0000005b9b300000,0x0000005b9b400000)]
  0x000001ab61a1e800 JavaThread "Unconstrained build operations Thread 11" [_thread_blocked, id=8732, stack(0x0000005b9b400000,0x0000005b9b500000)]
  0x000001ab61a20000 JavaThread "Unconstrained build operations Thread 12" [_thread_blocked, id=7424, stack(0x0000005b9b500000,0x0000005b9b600000)]
  0x000001ab61a20800 JavaThread "Unconstrained build operations Thread 13" [_thread_blocked, id=2492, stack(0x0000005b9b600000,0x0000005b9b700000)]
  0x000001ab61a21800 JavaThread "Unconstrained build operations Thread 14" [_thread_blocked, id=11688, stack(0x0000005b9b700000,0x0000005b9b800000)]
  0x000001ab61a1f000 JavaThread "Unconstrained build operations Thread 15" [_thread_blocked, id=9828, stack(0x0000005b9b800000,0x0000005b9b900000)]
  0x000001ab61a23000 JavaThread "Unconstrained build operations Thread 16" [_thread_in_native, id=10396, stack(0x0000005b9b900000,0x0000005b9ba00000)]
  0x000001ab61a22800 JavaThread "Unconstrained build operations Thread 17" [_thread_blocked, id=12112, stack(0x0000005b9ba00000,0x0000005b9bb00000)]
  0x000001ab61a1d800 JavaThread "Unconstrained build operations Thread 18" [_thread_blocked, id=11152, stack(0x0000005b9bb00000,0x0000005b9bc00000)]
  0x000001ab61a24000 JavaThread "Unconstrained build operations Thread 19" [_thread_blocked, id=7456, stack(0x0000005b9bc00000,0x0000005b9bd00000)]
  0x000001ab5d989800 JavaThread "Unconstrained build operations Thread 20" [_thread_blocked, id=5940, stack(0x0000005b9bd00000,0x0000005b9be00000)]
  0x000001ab5d988800 JavaThread "build event listener" [_thread_blocked, id=8140, stack(0x0000005b9be00000,0x0000005b9bf00000)]
  0x000001ab6545f000 JavaThread "pool-6-thread-1" [_thread_blocked, id=3420, stack(0x0000005b9bf00000,0x0000005b9c000000)]
  0x000001ab65461800 JavaThread "build event listener" [_thread_blocked, id=2652, stack(0x0000005b9c000000,0x0000005b9c100000)]
  0x000001ab6545e000 JavaThread "included builds" [_thread_blocked, id=4148, stack(0x0000005b9c100000,0x0000005b9c200000)]
  0x000001ab65460000 JavaThread "Execution worker" [_thread_blocked, id=10528, stack(0x0000005b9c200000,0x0000005b9c300000)]
  0x000001ab65462800 JavaThread "Cache worker for execution history cache (C:\SD Card\Downloads\Task Eliminator\TaskEliminator\.gradle\7.5\executionHistory)" [_thread_blocked, id=1608, stack(0x0000005b9c300000,0x0000005b9c400000)]
  0x000001ab65460800 JavaThread "WorkerExecutor Queue" [_thread_blocked, id=11904, stack(0x0000005b9c400000,0x0000005b9c500000)]
  0x000001ab65463000 JavaThread "WorkerExecutor Queue Thread 2" [_thread_blocked, id=6880, stack(0x0000005b9c600000,0x0000005b9c700000)]

Other Threads:
  0x000001ab5ccfe000 VMThread "VM Thread" [stack: 0x0000005b98600000,0x0000005b98700000] [id=5116]
  0x000001ab5d76c800 WatcherThread [stack: 0x0000005b99000000,0x0000005b99100000] [id=11560]
  0x000001ab4365b800 GCTaskThread "GC Thread#0" [stack: 0x0000005b98100000,0x0000005b98200000] [id=2188]
  0x000001ab5d894000 GCTaskThread "GC Thread#1" [stack: 0x0000005b99100000,0x0000005b99200000] [id=9848]
  0x000001ab4368c000 ConcurrentGCThread "G1 Main Marker" [stack: 0x0000005b98200000,0x0000005b98300000] [id=6864]
  0x000001ab4368d000 ConcurrentGCThread "G1 Conc#0" [stack: 0x0000005b98300000,0x0000005b98400000] [id=11580]
  0x000001ab436db000 ConcurrentGCThread "G1 Refine#0" [stack: 0x0000005b98400000,0x0000005b98500000] [id=4312]
  0x000001ab436dc000 ConcurrentGCThread "G1 Young RemSet Sampling" [stack: 0x0000005b98500000,0x0000005b98600000] [id=8124]

Threads with active compile tasks:
C2 CompilerThread0   304260 14211   !   4       org.gradle.cache.internal.btree.BTreePersistentIndexedCache::get (57 bytes)

VM state:not at safepoint (normal execution)

VM Mutex/Monitor currently owned by a thread: None

Heap address: 0x0000000080000000, size: 2048 MB, Compressed Oops mode: 32-bit
Narrow klass base: 0x0000000000000000, Narrow klass shift: 3
Compressed class space size: 1073741824 Address: 0x0000000100000000

Heap:
 garbage-first heap   total 246784K, used 209887K [0x0000000080000000, 0x0000000100000000)
  region size 1024K, 12 young (12288K), 2 survivors (2048K)
 Metaspace       used 111860K, capacity 115192K, committed 115248K, reserved 1148928K
  class space    used 13959K, capacity 15198K, committed 15232K, reserved 1048576K
Heap Regions: E=young(eden), S=young(survivor), O=old, HS=humongous(starts), HC=humongous(continues), CS=collection set, F=free, A=archive, TAMS=top-at-mark-start (previous, next)
|   0|0x0000000080000000, 0x0000000080100000, 0x0000000080100000|100%| O|  |TAMS 0x0000000080100000, 0x0000000080000000| Untracked 
|   1|0x0000000080100000, 0x0000000080200000, 0x0000000080200000|100%| O|  |TAMS 0x0000000080200000, 0x0000000080100000| Complete 
|   2|0x0000000080200000, 0x0000000080300000, 0x0000000080300000|100%| O|  |TAMS 0x0000000080300000, 0x0000000080200000| Untracked 
|   3|0x0000000080300000, 0x0000000080400000, 0x0000000080400000|100%| O|  |TAMS 0x0000000080400000, 0x0000000080300000| Untracked 
|   4|0x0000000080400000, 0x0000000080500000, 0x0000000080500000|100%|HS|  |TAMS 0x0000000080500000, 0x0000000080400000| Complete 
|   5|0x0000000080500000, 0x0000000080600000, 0x0000000080600000|100%|HC|  |TAMS 0x0000000080600000, 0x0000000080500000| Complete 
|   6|0x0000000080600000, 0x0000000080700000, 0x0000000080700000|100%|HC|  |TAMS 0x0000000080700000, 0x0000000080600000| Complete 
|   7|0x0000000080700000, 0x0000000080800000, 0x0000000080800000|100%| O|  |TAMS 0x0000000080800000, 0x0000000080700000| Untracked 
|   8|0x0000000080800000, 0x0000000080900000, 0x0000000080900000|100%| O|  |TAMS 0x0000000080900000, 0x0000000080800000| Untracked 
|   9|0x0000000080900000, 0x0000000080a00000, 0x0000000080a00000|100%| O|  |TAMS 0x0000000080a00000, 0x0000000080900000| Untracked 
|  10|0x0000000080a00000, 0x0000000080b00000, 0x0000000080b00000|100%| O|  |TAMS 0x0000000080b00000, 0x0000000080a00000| Untracked 
|  11|0x0000000080b00000, 0x0000000080c00000, 0x0000000080c00000|100%| O|  |TAMS 0x0000000080c00000, 0x0000000080b00000| Untracked 
|  12|0x0000000080c00000, 0x0000000080d00000, 0x0000000080d00000|100%| O|  |TAMS 0x0000000080d00000, 0x0000000080c00000| Complete 
|  13|0x0000000080d00000, 0x0000000080e00000, 0x0000000080e00000|100%| O|  |TAMS 0x0000000080e00000, 0x0000000080d00000| Untracked 
|  14|0x0000000080e00000, 0x0000000080f00000, 0x0000000080f00000|100%| O|  |TAMS 0x0000000080f00000, 0x0000000080e00000| Untracked 
|  15|0x0000000080f00000, 0x0000000081000000, 0x0000000081000000|100%| O|  |TAMS 0x0000000081000000, 0x0000000080f00000| Complete 
|  16|0x0000000081000000, 0x0000000081100000, 0x0000000081100000|100%| O|  |TAMS 0x0000000081100000, 0x0000000081000000| Complete 
|  17|0x0000000081100000, 0x0000000081200000, 0x0000000081200000|100%|HS|  |TAMS 0x0000000081200000, 0x0000000081100000| Complete 
|  18|0x0000000081200000, 0x0000000081300000, 0x0000000081300000|100%|HC|  |TAMS 0x0000000081300000, 0x0000000081200000| Complete 
|  19|0x0000000081300000, 0x0000000081400000, 0x0000000081400000|100%|HS|  |TAMS 0x0000000081400000, 0x0000000081300000| Complete 
|  20|0x0000000081400000, 0x0000000081500000, 0x0000000081500000|100%|HC|  |TAMS 0x0000000081500000, 0x0000000081400000| Complete 
|  21|0x0000000081500000, 0x0000000081600000, 0x0000000081600000|100%|HC|  |TAMS 0x0000000081600000, 0x0000000081500000| Complete 
|  22|0x0000000081600000, 0x0000000081700000, 0x0000000081700000|100%|HS|  |TAMS 0x0000000081700000, 0x0000000081600000| Complete 
|  23|0x0000000081700000, 0x0000000081800000, 0x0000000081800000|100%|HC|  |TAMS 0x0000000081800000, 0x0000000081700000| Complete 
|  24|0x0000000081800000, 0x0000000081900000, 0x0000000081900000|100%|HC|  |TAMS 0x0000000081900000, 0x0000000081800000| Complete 
|  25|0x0000000081900000, 0x0000000081a00000, 0x0000000081a00000|100%|HS|  |TAMS 0x0000000081a00000, 0x0000000081900000| Complete 
|  26|0x0000000081a00000, 0x0000000081b00000, 0x0000000081b00000|100%|HC|  |TAMS 0x0000000081b00000, 0x0000000081a00000| Complete 
|  27|0x0000000081b00000, 0x0000000081c00000, 0x0000000081c00000|100%| O|  |TAMS 0x0000000081c00000, 0x0000000081b00000| Complete 
|  28|0x0000000081c00000, 0x0000000081d00000, 0x0000000081d00000|100%|HS|  |TAMS 0x0000000081d00000, 0x0000000081c00000| Complete 
|  29|0x0000000081d00000, 0x0000000081e00000, 0x0000000081e00000|100%|HC|  |TAMS 0x0000000081e00000, 0x0000000081d00000| Complete 
|  30|0x0000000081e00000, 0x0000000081f00000, 0x0000000081f00000|100%|HC|  |TAMS 0x0000000081f00000, 0x0000000081e00000| Complete 
|  31|0x0000000081f00000, 0x0000000082000000, 0x0000000082000000|100%|HC|  |TAMS 0x0000000082000000, 0x0000000081f00000| Complete 
|  32|0x0000000082000000, 0x0000000082100000, 0x0000000082100000|100%|HC|  |TAMS 0x0000000082100000, 0x0000000082000000| Complete 
|  33|0x0000000082100000, 0x0000000082200000, 0x0000000082200000|100%| O|  |TAMS 0x0000000082200000, 0x0000000082100000| Untracked 
|  34|0x0000000082200000, 0x0000000082300000, 0x0000000082300000|100%| O|  |TAMS 0x0000000082300000, 0x0000000082200000| Untracked 
|  35|0x0000000082300000, 0x0000000082400000, 0x0000000082400000|100%| O|  |TAMS 0x0000000082400000, 0x0000000082300000| Untracked 
|  36|0x0000000082400000, 0x0000000082500000, 0x0000000082500000|100%| O|  |TAMS 0x0000000082500000, 0x0000000082400000| Complete 
|  37|0x0000000082500000, 0x0000000082600000, 0x0000000082600000|100%| O|  |TAMS 0x0000000082600000, 0x0000000082500000| Untracked 
|  38|0x0000000082600000, 0x0000000082700000, 0x0000000082700000|100%| O|  |TAMS 0x0000000082700000, 0x0000000082600000| Complete 
|  39|0x0000000082700000, 0x0000000082800000, 0x0000000082800000|100%| O|  |TAMS 0x0000000082800000, 0x0000000082700000| Untracked 
|  40|0x0000000082800000, 0x0000000082900000, 0x0000000082900000|100%| O|  |TAMS 0x0000000082900000, 0x0000000082800000| Untracked 
|  41|0x0000000082900000, 0x0000000082a00000, 0x0000000082a00000|100%| O|  |TAMS 0x0000000082a00000, 0x0000000082900000| Untracked 
|  42|0x0000000082a00000, 0x0000000082b00000, 0x0000000082b00000|100%| O|  |TAMS 0x0000000082b00000, 0x0000000082a00000| Complete 
|  43|0x0000000082b00000, 0x0000000082b00000, 0x0000000082c00000|  0%| F|  |TAMS 0x0000000082b00000, 0x0000000082b00000| Untracked 
|  44|0x0000000082c00000, 0x0000000082d00000, 0x0000000082d00000|100%| O|  |TAMS 0x0000000082d00000, 0x0000000082c00000| Untracked 
|  45|0x0000000082d00000, 0x0000000082e00000, 0x0000000082e00000|100%| O|  |TAMS 0x0000000082e00000, 0x0000000082d00000| Untracked 
|  46|0x0000000082e00000, 0x0000000082f00000, 0x0000000082f00000|100%| O|  |TAMS 0x0000000082f00000, 0x0000000082e00000| Complete 
|  47|0x0000000082f00000, 0x0000000083000000, 0x0000000083000000|100%| O|  |TAMS 0x0000000083000000, 0x0000000082f00000| Untracked 
|  48|0x0000000083000000, 0x0000000083100000, 0x0000000083100000|100%|HS|  |TAMS 0x0000000083100000, 0x0000000083000000| Complete 
|  49|0x0000000083100000, 0x0000000083200000, 0x0000000083200000|100%|HC|  |TAMS 0x0000000083200000, 0x0000000083100000| Complete 
|  50|0x0000000083200000, 0x0000000083300000, 0x0000000083300000|100%| O|  |TAMS 0x0000000083300000, 0x0000000083200000| Untracked 
|  51|0x0000000083300000, 0x0000000083400000, 0x0000000083400000|100%|HS|  |TAMS 0x0000000083400000, 0x0000000083300000| Complete 
|  52|0x0000000083400000, 0x0000000083500000, 0x0000000083500000|100%|HC|  |TAMS 0x0000000083500000, 0x0000000083400000| Complete 
|  53|0x0000000083500000, 0x0000000083600000, 0x0000000083600000|100%|HC|  |TAMS 0x0000000083600000, 0x0000000083500000| Complete 
|  54|0x0000000083600000, 0x0000000083700000, 0x0000000083700000|100%| O|  |TAMS 0x0000000083700000, 0x0000000083600000| Untracked 
|  55|0x0000000083700000, 0x0000000083800000, 0x0000000083800000|100%|HS|  |TAMS 0x0000000083800000, 0x0000000083700000| Complete 
|  56|0x0000000083800000, 0x0000000083900000, 0x0000000083900000|100%|HC|  |TAMS 0x0000000083900000, 0x0000000083800000| Complete 
|  57|0x0000000083900000, 0x0000000083a00000, 0x0000000083a00000|100%|HC|  |TAMS 0x0000000083a00000, 0x0000000083900000| Complete 
|  58|0x0000000083a00000, 0x0000000083b00000, 0x0000000083b00000|100%|HS|  |TAMS 0x0000000083b00000, 0x0000000083a00000| Complete 
|  59|0x0000000083b00000, 0x0000000083c00000, 0x0000000083c00000|100%|HC|  |TAMS 0x0000000083c00000, 0x0000000083b00000| Complete 
|  60|0x0000000083c00000, 0x0000000083d00000, 0x0000000083d00000|100%|HC|  |TAMS 0x0000000083d00000, 0x0000000083c00000| Complete 
|  61|0x0000000083d00000, 0x0000000083e00000, 0x0000000083e00000|100%|HC|  |TAMS 0x0000000083e00000, 0x0000000083d00000| Complete 
|  62|0x0000000083e00000, 0x0000000083f00000, 0x0000000083f00000|100%|HC|  |TAMS 0x0000000083f00000, 0x0000000083e00000| Complete 
|  63|0x0000000083f00000, 0x0000000084000000, 0x0000000084000000|100%|HC|  |TAMS 0x0000000084000000, 0x0000000083f00000| Complete 
|  64|0x0000000084000000, 0x0000000084100000, 0x0000000084100000|100%|HC|  |TAMS 0x0000000084100000, 0x0000000084000000| Complete 
|  65|0x0000000084100000, 0x0000000084200000, 0x0000000084200000|100%|HC|  |TAMS 0x0000000084200000, 0x0000000084100000| Complete 
|  66|0x0000000084200000, 0x0000000084300000, 0x0000000084300000|100%|HC|  |TAMS 0x0000000084300000, 0x0000000084200000| Complete 
|  67|0x0000000084300000, 0x0000000084400000, 0x0000000084400000|100%|HC|  |TAMS 0x0000000084400000, 0x0000000084300000| Complete 
|  68|0x0000000084400000, 0x0000000084500000, 0x0000000084500000|100%|HS|  |TAMS 0x0000000084500000, 0x0000000084400000| Complete 
|  69|0x0000000084500000, 0x0000000084600000, 0x0000000084600000|100%|HC|  |TAMS 0x0000000084600000, 0x0000000084500000| Complete 
|  70|0x0000000084600000, 0x0000000084700000, 0x0000000084700000|100%| O|  |TAMS 0x0000000084700000, 0x0000000084600000| Untracked 
|  71|0x0000000084700000, 0x0000000084800000, 0x0000000084800000|100%| O|  |TAMS 0x0000000084800000, 0x0000000084700000| Untracked 
|  72|0x0000000084800000, 0x0000000084900000, 0x0000000084900000|100%| O|  |TAMS 0x0000000084900000, 0x0000000084800000| Untracked 
|  73|0x0000000084900000, 0x0000000084a00000, 0x0000000084a00000|100%| O|  |TAMS 0x0000000084a00000, 0x0000000084900000| Complete 
|  74|0x0000000084a00000, 0x0000000084b00000, 0x0000000084b00000|100%|HS|  |TAMS 0x0000000084b00000, 0x0000000084a00000| Complete 
|  75|0x0000000084b00000, 0x0000000084c00000, 0x0000000084c00000|100%|HC|  |TAMS 0x0000000084c00000, 0x0000000084b00000| Complete 
|  76|0x0000000084c00000, 0x0000000084d00000, 0x0000000084d00000|100%|HC|  |TAMS 0x0000000084d00000, 0x0000000084c00000| Complete 
|  77|0x0000000084d00000, 0x0000000084e00000, 0x0000000084e00000|100%|HC|  |TAMS 0x0000000084e00000, 0x0000000084d00000| Complete 
|  78|0x0000000084e00000, 0x0000000084f00000, 0x0000000084f00000|100%|HC|  |TAMS 0x0000000084f00000, 0x0000000084e00000| Complete 
|  79|0x0000000084f00000, 0x0000000085000000, 0x0000000085000000|100%| O|  |TAMS 0x0000000085000000, 0x0000000084f00000| Untracked 
|  80|0x0000000085000000, 0x0000000085100000, 0x0000000085100000|100%| O|  |TAMS 0x0000000085100000, 0x0000000085000000| Untracked 
|  81|0x0000000085100000, 0x0000000085200000, 0x0000000085200000|100%| O|  |TAMS 0x0000000085200000, 0x0000000085100000| Untracked 
|  82|0x0000000085200000, 0x0000000085300000, 0x0000000085300000|100%|HS|  |TAMS 0x0000000085300000, 0x0000000085200000| Complete 
|  83|0x0000000085300000, 0x0000000085400000, 0x0000000085400000|100%|HS|  |TAMS 0x0000000085400000, 0x0000000085300000| Complete 
|  84|0x0000000085400000, 0x0000000085500000, 0x0000000085500000|100%| O|  |TAMS 0x0000000085500000, 0x0000000085400000| Complete 
|  85|0x0000000085500000, 0x0000000085600000, 0x0000000085600000|100%| O|  |TAMS 0x0000000085600000, 0x0000000085500000| Complete 
|  86|0x0000000085600000, 0x0000000085700000, 0x0000000085700000|100%| O|  |TAMS 0x0000000085700000, 0x0000000085600000| Untracked 
|  87|0x0000000085700000, 0x0000000085800000, 0x0000000085800000|100%| O|  |TAMS 0x0000000085800000, 0x0000000085700000| Complete 
|  88|0x0000000085800000, 0x0000000085900000, 0x0000000085900000|100%| O|  |TAMS 0x0000000085900000, 0x0000000085800000| Untracked 
|  89|0x0000000085900000, 0x0000000085a00000, 0x0000000085a00000|100%| O|  |TAMS 0x0000000085a00000, 0x0000000085900000| Untracked 
|  90|0x0000000085a00000, 0x0000000085b00000, 0x0000000085b00000|100%| O|  |TAMS 0x0000000085b00000, 0x0000000085a00000| Complete 
|  91|0x0000000085b00000, 0x0000000085c00000, 0x0000000085c00000|100%| O|  |TAMS 0x0000000085c00000, 0x0000000085b00000| Complete 
|  92|0x0000000085c00000, 0x0000000085d00000, 0x0000000085d00000|100%| O|  |TAMS 0x0000000085d00000, 0x0000000085c00000| Untracked 
|  93|0x0000000085d00000, 0x0000000085e00000, 0x0000000085e00000|100%| O|  |TAMS 0x0000000085e00000, 0x0000000085d00000| Complete 
|  94|0x0000000085e00000, 0x0000000085f00000, 0x0000000085f00000|100%| O|  |TAMS 0x0000000085f00000, 0x0000000085e00000| Complete 
|  95|0x0000000085f00000, 0x0000000086000000, 0x0000000086000000|100%| O|  |TAMS 0x0000000086000000, 0x0000000085f00000| Untracked 
|  96|0x0000000086000000, 0x0000000086100000, 0x0000000086100000|100%| O|  |TAMS 0x0000000086100000, 0x0000000086000000| Untracked 
|  97|0x0000000086100000, 0x0000000086200000, 0x0000000086200000|100%| O|  |TAMS 0x0000000086200000, 0x0000000086100000| Untracked 
|  98|0x0000000086200000, 0x0000000086300000, 0x0000000086300000|100%| O|  |TAMS 0x0000000086300000, 0x0000000086200000| Untracked 
|  99|0x0000000086300000, 0x0000000086400000, 0x0000000086400000|100%| O|  |TAMS 0x0000000086400000, 0x0000000086300000| Untracked 
| 100|0x0000000086400000, 0x0000000086500000, 0x0000000086500000|100%| O|  |TAMS 0x0000000086500000, 0x0000000086400000| Untracked 
| 101|0x0000000086500000, 0x0000000086600000, 0x0000000086600000|100%| O|  |TAMS 0x0000000086600000, 0x0000000086500000| Untracked 
| 102|0x0000000086600000, 0x0000000086700000, 0x0000000086700000|100%| O|  |TAMS 0x0000000086700000, 0x0000000086600000| Untracked 
| 103|0x0000000086700000, 0x0000000086800000, 0x0000000086800000|100%| O|  |TAMS 0x0000000086800000, 0x0000000086700000| Complete 
| 104|0x0000000086800000, 0x0000000086900000, 0x0000000086900000|100%| O|  |TAMS 0x0000000086900000, 0x0000000086800000| Complete 
| 105|0x0000000086900000, 0x0000000086a00000, 0x0000000086a00000|100%| O|  |TAMS 0x0000000086a00000, 0x0000000086900000| Complete 
| 106|0x0000000086a00000, 0x0000000086b00000, 0x0000000086b00000|100%| O|  |TAMS 0x0000000086b00000, 0x0000000086a00000| Complete 
| 107|0x0000000086b00000, 0x0000000086c00000, 0x0000000086c00000|100%| O|  |TAMS 0x0000000086c00000, 0x0000000086b00000| Complete 
| 108|0x0000000086c00000, 0x0000000086d00000, 0x0000000086d00000|100%| O|  |TAMS 0x0000000086d00000, 0x0000000086c00000| Complete 
| 109|0x0000000086d00000, 0x0000000086e00000, 0x0000000086e00000|100%| O|  |TAMS 0x0000000086e00000, 0x0000000086d00000| Complete 
| 110|0x0000000086e00000, 0x0000000086f00000, 0x0000000086f00000|100%|HS|  |TAMS 0x0000000086f00000, 0x0000000086e00000| Complete 
| 111|0x0000000086f00000, 0x0000000087000000, 0x0000000087000000|100%|HC|  |TAMS 0x0000000087000000, 0x0000000086f00000| Complete 
| 112|0x0000000087000000, 0x0000000087100000, 0x0000000087100000|100%|HC|  |TAMS 0x0000000087100000, 0x0000000087000000| Complete 
| 113|0x0000000087100000, 0x0000000087200000, 0x0000000087200000|100%|HC|  |TAMS 0x0000000087200000, 0x0000000087100000| Complete 
| 114|0x0000000087200000, 0x0000000087300000, 0x0000000087300000|100%|HC|  |TAMS 0x0000000087300000, 0x0000000087200000| Complete 
| 115|0x0000000087300000, 0x0000000087400000, 0x0000000087400000|100%|HC|  |TAMS 0x0000000087400000, 0x0000000087300000| Complete 
| 116|0x0000000087400000, 0x0000000087500000, 0x0000000087500000|100%|HC|  |TAMS 0x0000000087500000, 0x0000000087400000| Complete 
| 117|0x0000000087500000, 0x0000000087600000, 0x0000000087600000|100%|HC|  |TAMS 0x0000000087600000, 0x0000000087500000| Complete 
| 118|0x0000000087600000, 0x0000000087700000, 0x0000000087700000|100%|HC|  |TAMS 0x0000000087700000, 0x0000000087600000| Complete 
| 119|0x0000000087700000, 0x0000000087800000, 0x0000000087800000|100%|HC|  |TAMS 0x0000000087800000, 0x0000000087700000| Complete 
| 120|0x0000000087800000, 0x0000000087900000, 0x0000000087900000|100%|HS|  |TAMS 0x0000000087900000, 0x0000000087800000| Complete 
| 121|0x0000000087900000, 0x0000000087a00000, 0x0000000087a00000|100%|HC|  |TAMS 0x0000000087a00000, 0x0000000087900000| Complete 
| 122|0x0000000087a00000, 0x0000000087b00000, 0x0000000087b00000|100%|HS|  |TAMS 0x0000000087b00000, 0x0000000087a00000| Complete 
| 123|0x0000000087b00000, 0x0000000087c00000, 0x0000000087c00000|100%|HC|  |TAMS 0x0000000087c00000, 0x0000000087b00000| Complete 
| 124|0x0000000087c00000, 0x0000000087d00000, 0x0000000087d00000|100%|HS|  |TAMS 0x0000000087d00000, 0x0000000087c00000| Complete 
| 125|0x0000000087d00000, 0x0000000087e00000, 0x0000000087e00000|100%|HC|  |TAMS 0x0000000087e00000, 0x0000000087d00000| Complete 
| 126|0x0000000087e00000, 0x0000000087f00000, 0x0000000087f00000|100%|HC|  |TAMS 0x0000000087f00000, 0x0000000087e00000| Complete 
| 127|0x0000000087f00000, 0x0000000088000000, 0x0000000088000000|100%| O|  |TAMS 0x0000000088000000, 0x0000000087f00000| Untracked 
| 128|0x0000000088000000, 0x0000000088100000, 0x0000000088100000|100%|HS|  |TAMS 0x0000000088100000, 0x0000000088000000| Complete 
| 129|0x0000000088100000, 0x0000000088200000, 0x0000000088200000|100%|HC|  |TAMS 0x0000000088200000, 0x0000000088100000| Complete 
| 130|0x0000000088200000, 0x0000000088300000, 0x0000000088300000|100%|HC|  |TAMS 0x0000000088300000, 0x0000000088200000| Complete 
| 131|0x0000000088300000, 0x0000000088400000, 0x0000000088400000|100%|HS|  |TAMS 0x0000000088400000, 0x0000000088300000| Complete 
| 132|0x0000000088400000, 0x0000000088500000, 0x0000000088500000|100%|HC|  |TAMS 0x0000000088500000, 0x0000000088400000| Complete 
| 133|0x0000000088500000, 0x0000000088600000, 0x0000000088600000|100%| O|  |TAMS 0x0000000088600000, 0x0000000088500000| Untracked 
| 134|0x0000000088600000, 0x0000000088700000, 0x0000000088700000|100%|HS|  |TAMS 0x0000000088700000, 0x0000000088600000| Complete 
| 135|0x0000000088700000, 0x0000000088800000, 0x0000000088800000|100%|HC|  |TAMS 0x0000000088800000, 0x0000000088700000| Complete 
| 136|0x0000000088800000, 0x0000000088900000, 0x0000000088900000|100%|HC|  |TAMS 0x0000000088900000, 0x0000000088800000| Complete 
| 137|0x0000000088900000, 0x0000000088a00000, 0x0000000088a00000|100%|HC|  |TAMS 0x0000000088a00000, 0x0000000088900000| Complete 
| 138|0x0000000088a00000, 0x0000000088b00000, 0x0000000088b00000|100%|HC|  |TAMS 0x0000000088b00000, 0x0000000088a00000| Complete 
| 139|0x0000000088b00000, 0x0000000088c00000, 0x0000000088c00000|100%| O|  |TAMS 0x0000000088c00000, 0x0000000088b00000| Untracked 
| 140|0x0000000088c00000, 0x0000000088d00000, 0x0000000088d00000|100%| O|  |TAMS 0x0000000088d00000, 0x0000000088c00000| Untracked 
| 141|0x0000000088d00000, 0x0000000088e00000, 0x0000000088e00000|100%|HS|  |TAMS 0x0000000088e00000, 0x0000000088d00000| Complete 
| 142|0x0000000088e00000, 0x0000000088f00000, 0x0000000088f00000|100%|HC|  |TAMS 0x0000000088f00000, 0x0000000088e00000| Complete 
| 143|0x0000000088f00000, 0x0000000089000000, 0x0000000089000000|100%|HC|  |TAMS 0x0000000089000000, 0x0000000088f00000| Complete 
| 144|0x0000000089000000, 0x0000000089100000, 0x0000000089100000|100%|HC|  |TAMS 0x0000000089100000, 0x0000000089000000| Complete 
| 145|0x0000000089100000, 0x0000000089200000, 0x0000000089200000|100%|HC|  |TAMS 0x0000000089200000, 0x0000000089100000| Complete 
| 146|0x0000000089200000, 0x0000000089300000, 0x0000000089300000|100%|HC|  |TAMS 0x0000000089300000, 0x0000000089200000| Complete 
| 147|0x0000000089300000, 0x0000000089400000, 0x0000000089400000|100%|HC|  |TAMS 0x0000000089400000, 0x0000000089300000| Complete 
| 148|0x0000000089400000, 0x0000000089500000, 0x0000000089500000|100%|HC|  |TAMS 0x0000000089500000, 0x0000000089400000| Complete 
| 149|0x0000000089500000, 0x0000000089600000, 0x0000000089600000|100%|HC|  |TAMS 0x0000000089600000, 0x0000000089500000| Complete 
| 150|0x0000000089600000, 0x0000000089700000, 0x0000000089700000|100%|HC|  |TAMS 0x0000000089700000, 0x0000000089600000| Complete 
| 151|0x0000000089700000, 0x0000000089800000, 0x0000000089800000|100%| O|  |TAMS 0x0000000089800000, 0x0000000089700000| Untracked 
| 152|0x0000000089800000, 0x0000000089900000, 0x0000000089900000|100%| O|  |TAMS 0x0000000089900000, 0x0000000089800000| Complete 
| 153|0x0000000089900000, 0x0000000089a00000, 0x0000000089a00000|100%| O|  |TAMS 0x0000000089a00000, 0x0000000089900000| Complete 
| 154|0x0000000089a00000, 0x0000000089b00000, 0x0000000089b00000|100%| O|  |TAMS 0x0000000089b00000, 0x0000000089a00000| Untracked 
| 155|0x0000000089b00000, 0x0000000089c00000, 0x0000000089c00000|100%| O|  |TAMS 0x0000000089c00000, 0x0000000089b00000| Untracked 
| 156|0x0000000089c00000, 0x0000000089d00000, 0x0000000089d00000|100%|HS|  |TAMS 0x0000000089d00000, 0x0000000089c00000| Complete 
| 157|0x0000000089d00000, 0x0000000089e00000, 0x0000000089e00000|100%|HC|  |TAMS 0x0000000089e00000, 0x0000000089d00000| Complete 
| 158|0x0000000089e00000, 0x0000000089f00000, 0x0000000089f00000|100%| O|  |TAMS 0x0000000089f00000, 0x0000000089e00000| Complete 
| 159|0x0000000089f00000, 0x000000008a000000, 0x000000008a000000|100%| O|  |TAMS 0x000000008a000000, 0x0000000089f00000| Untracked 
| 160|0x000000008a000000, 0x000000008a100000, 0x000000008a100000|100%| O|  |TAMS 0x000000008a100000, 0x000000008a000000| Complete 
| 161|0x000000008a100000, 0x000000008a200000, 0x000000008a200000|100%| O|  |TAMS 0x000000008a200000, 0x000000008a100000| Untracked 
| 162|0x000000008a200000, 0x000000008a300000, 0x000000008a300000|100%| O|  |TAMS 0x000000008a300000, 0x000000008a200000| Complete 
| 163|0x000000008a300000, 0x000000008a400000, 0x000000008a400000|100%| O|  |TAMS 0x000000008a400000, 0x000000008a300000| Complete 
| 164|0x000000008a400000, 0x000000008a500000, 0x000000008a500000|100%| O|  |TAMS 0x000000008a500000, 0x000000008a400000| Untracked 
| 165|0x000000008a500000, 0x000000008a600000, 0x000000008a600000|100%| O|  |TAMS 0x000000008a600000, 0x000000008a500000| Complete 
| 166|0x000000008a600000, 0x000000008a700000, 0x000000008a700000|100%| O|  |TAMS 0x000000008a700000, 0x000000008a600000| Complete 
| 167|0x000000008a700000, 0x000000008a800000, 0x000000008a800000|100%| O|  |TAMS 0x000000008a800000, 0x000000008a700000| Untracked 
| 168|0x000000008a800000, 0x000000008a900000, 0x000000008a900000|100%| O|  |TAMS 0x000000008a900000, 0x000000008a800000| Complete 
| 169|0x000000008a900000, 0x000000008aa00000, 0x000000008aa00000|100%| O|CS|TAMS 0x000000008aa00000, 0x000000008a900000| Complete 
| 170|0x000000008aa00000, 0x000000008ab00000, 0x000000008ab00000|100%| O|  |TAMS 0x000000008ab00000, 0x000000008aa00000| Complete 
| 171|0x000000008ab00000, 0x000000008ac00000, 0x000000008ac00000|100%| O|  |TAMS 0x000000008ac00000, 0x000000008ab00000| Untracked 
| 172|0x000000008ac00000, 0x000000008ad00000, 0x000000008ad00000|100%| O|  |TAMS 0x000000008ad00000, 0x000000008ac00000| Untracked 
| 173|0x000000008ad00000, 0x000000008ae00000, 0x000000008ae00000|100%| O|  |TAMS 0x000000008ae00000, 0x000000008ad00000| Complete 
| 174|0x000000008ae00000, 0x000000008af00000, 0x000000008af00000|100%| O|  |TAMS 0x000000008af00000, 0x000000008ae00000| Complete 
| 175|0x000000008af00000, 0x000000008b000000, 0x000000008b000000|100%| O|  |TAMS 0x000000008b000000, 0x000000008af00000| Untracked 
| 176|0x000000008b000000, 0x000000008b100000, 0x000000008b100000|100%| O|  |TAMS 0x000000008b100000, 0x000000008b000000| Untracked 
| 177|0x000000008b100000, 0x000000008b200000, 0x000000008b200000|100%| O|  |TAMS 0x000000008b200000, 0x000000008b100000| Complete 
| 178|0x000000008b200000, 0x000000008b300000, 0x000000008b300000|100%| O|  |TAMS 0x000000008b300000, 0x000000008b200000| Untracked 
| 179|0x000000008b300000, 0x000000008b400000, 0x000000008b400000|100%| O|  |TAMS 0x000000008b400000, 0x000000008b300000| Untracked 
| 180|0x000000008b400000, 0x000000008b500000, 0x000000008b500000|100%| O|  |TAMS 0x000000008b500000, 0x000000008b400000| Untracked 
| 181|0x000000008b500000, 0x000000008b600000, 0x000000008b600000|100%| O|  |TAMS 0x000000008b600000, 0x000000008b500000| Untracked 
| 182|0x000000008b600000, 0x000000008b700000, 0x000000008b700000|100%| O|  |TAMS 0x000000008b6d7400, 0x000000008b600000| Untracked 
| 183|0x000000008b700000, 0x000000008b800000, 0x000000008b800000|100%| O|  |TAMS 0x000000008b800000, 0x000000008b700000| Untracked 
| 184|0x000000008b800000, 0x000000008b900000, 0x000000008b900000|100%| O|  |TAMS 0x000000008b900000, 0x000000008b800000| Untracked 
| 185|0x000000008b900000, 0x000000008ba00000, 0x000000008ba00000|100%| O|  |TAMS 0x000000008ba00000, 0x000000008b900000| Complete 
| 186|0x000000008ba00000, 0x000000008bb00000, 0x000000008bb00000|100%| O|  |TAMS 0x000000008bb00000, 0x000000008ba00000| Complete 
| 187|0x000000008bb00000, 0x000000008bc00000, 0x000000008bc00000|100%| O|CS|TAMS 0x000000008bc00000, 0x000000008bb00000| Complete 
| 188|0x000000008bc00000, 0x000000008bc00000, 0x000000008bd00000|  0%| F|  |TAMS 0x000000008bc00000, 0x000000008bc00000| Untracked 
| 189|0x000000008bd00000, 0x000000008bd00000, 0x000000008be00000|  0%| F|  |TAMS 0x000000008bd00000, 0x000000008bd00000| Untracked 
| 190|0x000000008be00000, 0x000000008be00000, 0x000000008bf00000|  0%| F|  |TAMS 0x000000008be00000, 0x000000008be00000| Untracked 
| 191|0x000000008bf00000, 0x000000008bf00000, 0x000000008c000000|  0%| F|  |TAMS 0x000000008bf00000, 0x000000008bf00000| Untracked 
| 192|0x000000008c000000, 0x000000008c000000, 0x000000008c100000|  0%| F|  |TAMS 0x000000008c000000, 0x000000008c000000| Untracked 
| 193|0x000000008c100000, 0x000000008c200000, 0x000000008c200000|100%| O|  |TAMS 0x000000008c200000, 0x000000008c100000| Complete 
| 194|0x000000008c200000, 0x000000008c300000, 0x000000008c300000|100%| O|CS|TAMS 0x000000008c300000, 0x000000008c200000| Complete 
| 195|0x000000008c300000, 0x000000008c300000, 0x000000008c400000|  0%| F|  |TAMS 0x000000008c300000, 0x000000008c300000| Untracked 
| 196|0x000000008c400000, 0x000000008c500000, 0x000000008c500000|100%| O|  |TAMS 0x000000008c500000, 0x000000008c400000| Complete 
| 197|0x000000008c500000, 0x000000008c500000, 0x000000008c600000|  0%| F|  |TAMS 0x000000008c500000, 0x000000008c500000| Untracked 
| 198|0x000000008c600000, 0x000000008c600000, 0x000000008c700000|  0%| F|  |TAMS 0x000000008c600000, 0x000000008c600000| Untracked 
| 199|0x000000008c700000, 0x000000008c700000, 0x000000008c800000|  0%| F|  |TAMS 0x000000008c700000, 0x000000008c700000| Untracked 
| 200|0x000000008c800000, 0x000000008c800000, 0x000000008c900000|  0%| F|  |TAMS 0x000000008c800000, 0x000000008c800000| Untracked 
| 201|0x000000008c900000, 0x000000008c900000, 0x000000008ca00000|  0%| F|  |TAMS 0x000000008c900000, 0x000000008c900000| Untracked 
| 202|0x000000008ca00000, 0x000000008ca00000, 0x000000008cb00000|  0%| F|  |TAMS 0x000000008ca00000, 0x000000008ca00000| Untracked 
| 203|0x000000008cb00000, 0x000000008cb00000, 0x000000008cc00000|  0%| F|  |TAMS 0x000000008cb00000, 0x000000008cb00000| Untracked 
| 204|0x000000008cc00000, 0x000000008cd00000, 0x000000008cd00000|100%| O|CS|TAMS 0x000000008cd00000, 0x000000008cc00000| Complete 
| 205|0x000000008cd00000, 0x000000008cd00000, 0x000000008ce00000|  0%| F|  |TAMS 0x000000008cd00000, 0x000000008cd00000| Untracked 
| 206|0x000000008ce00000, 0x000000008ce00000, 0x000000008cf00000|  0%| F|  |TAMS 0x000000008ce00000, 0x000000008ce00000| Untracked 
| 207|0x000000008cf00000, 0x000000008cf00000, 0x000000008d000000|  0%| F|  |TAMS 0x000000008cf00000, 0x000000008cf00000| Untracked 
| 208|0x000000008d000000, 0x000000008d000000, 0x000000008d100000|  0%| F|  |TAMS 0x000000008d000000, 0x000000008d000000| Untracked 
| 209|0x000000008d100000, 0x000000008d100000, 0x000000008d200000|  0%| F|  |TAMS 0x000000008d100000, 0x000000008d100000| Untracked 
| 210|0x000000008d200000, 0x000000008d200000, 0x000000008d300000|  0%| F|  |TAMS 0x000000008d200000, 0x000000008d200000| Untracked 
| 211|0x000000008d300000, 0x000000008d300000, 0x000000008d400000|  0%| F|  |TAMS 0x000000008d300000, 0x000000008d300000| Untracked 
| 212|0x000000008d400000, 0x000000008d400000, 0x000000008d500000|  0%| F|  |TAMS 0x000000008d400000, 0x000000008d400000| Untracked 
| 213|0x000000008d500000, 0x000000008d500000, 0x000000008d600000|  0%| F|  |TAMS 0x000000008d500000, 0x000000008d500000| Untracked 
| 214|0x000000008d600000, 0x000000008d600000, 0x000000008d700000|  0%| F|  |TAMS 0x000000008d600000, 0x000000008d600000| Untracked 
| 215|0x000000008d700000, 0x000000008d700000, 0x000000008d800000|  0%| F|  |TAMS 0x000000008d700000, 0x000000008d700000| Untracked 
| 216|0x000000008d800000, 0x000000008d800000, 0x000000008d900000|  0%| F|  |TAMS 0x000000008d800000, 0x000000008d800000| Untracked 
| 217|0x000000008d900000, 0x000000008d900000, 0x000000008da00000|  0%| F|  |TAMS 0x000000008d900000, 0x000000008d900000| Untracked 
| 218|0x000000008da00000, 0x000000008da00000, 0x000000008db00000|  0%| F|  |TAMS 0x000000008da00000, 0x000000008da00000| Untracked 
| 219|0x000000008db00000, 0x000000008db00000, 0x000000008dc00000|  0%| F|  |TAMS 0x000000008db00000, 0x000000008db00000| Untracked 
| 220|0x000000008dc00000, 0x000000008dc00000, 0x000000008dd00000|  0%| F|  |TAMS 0x000000008dc00000, 0x000000008dc00000| Untracked 
| 221|0x000000008dd00000, 0x000000008dd00000, 0x000000008de00000|  0%| F|  |TAMS 0x000000008dd00000, 0x000000008dd00000| Untracked 
| 222|0x000000008de00000, 0x000000008df00000, 0x000000008df00000|100%| O|CS|TAMS 0x000000008df00000, 0x000000008de00000| Complete 
| 223|0x000000008df00000, 0x000000008e000000, 0x000000008e000000|100%| O|CS|TAMS 0x000000008e000000, 0x000000008df00000| Complete 
| 224|0x000000008e000000, 0x000000008e000000, 0x000000008e100000|  0%| F|  |TAMS 0x000000008e000000, 0x000000008e000000| Untracked 
| 225|0x000000008e100000, 0x000000008e200000, 0x000000008e200000|100%| O|  |TAMS 0x000000008e200000, 0x000000008e100000| Complete 
| 226|0x000000008e200000, 0x000000008e300000, 0x000000008e300000|100%| E|CS|TAMS 0x000000008e200000, 0x000000008e200000| Complete 
| 227|0x000000008e300000, 0x000000008e300000, 0x000000008e400000|  0%| F|  |TAMS 0x000000008e300000, 0x000000008e300000| Untracked 
| 228|0x000000008e400000, 0x000000008e500000, 0x000000008e500000|100%| E|CS|TAMS 0x000000008e400000, 0x000000008e400000| Complete 
| 229|0x000000008e500000, 0x000000008e52a700, 0x000000008e600000| 16%| S|  |TAMS 0x000000008e500000, 0x000000008e500000| Complete 
| 230|0x000000008e600000, 0x000000008e700000, 0x000000008e700000|100%| E|CS|TAMS 0x000000008e600000, 0x000000008e600000| Complete 
| 231|0x000000008e700000, 0x000000008e800000, 0x000000008e800000|100%| E|CS|TAMS 0x000000008e700000, 0x000000008e700000| Complete 
| 232|0x000000008e800000, 0x000000008e900000, 0x000000008e900000|100%| E|CS|TAMS 0x000000008e800000, 0x000000008e800000| Complete 
| 233|0x000000008e900000, 0x000000008ea00000, 0x000000008ea00000|100%| E|CS|TAMS 0x000000008e900000, 0x000000008e900000| Complete 
| 234|0x000000008ea00000, 0x000000008eb00000, 0x000000008eb00000|100%| E|CS|TAMS 0x000000008ea00000, 0x000000008ea00000| Complete 
| 235|0x000000008eb00000, 0x000000008ec00000, 0x000000008ec00000|100%| E|CS|TAMS 0x000000008eb00000, 0x000000008eb00000| Complete 
| 236|0x000000008ec00000, 0x000000008ed00000, 0x000000008ed00000|100%| E|CS|TAMS 0x000000008ec00000, 0x000000008ec00000| Complete 
| 237|0x000000008ed00000, 0x000000008ee00000, 0x000000008ee00000|100%| E|CS|TAMS 0x000000008ed00000, 0x000000008ed00000| Complete 
| 238|0x000000008ee00000, 0x000000008ef00000, 0x000000008ef00000|100%| E|CS|TAMS 0x000000008ee00000, 0x000000008ee00000| Complete 
| 239|0x000000008ef00000, 0x000000008f000000, 0x000000008f000000|100%| E|CS|TAMS 0x000000008ef00000, 0x000000008ef00000| Complete 
| 240|0x000000008f000000, 0x000000008f100000, 0x000000008f100000|100%| O|CS|TAMS 0x000000008f100000, 0x000000008f000000| Complete 

Card table byte_map: [0x000001ab56170000,0x000001ab56570000] _byte_map_base: 0x000001ab55d70000

Marking Bits (Prev, Next): (CMBitMap*) 0x000001ab43683538, (CMBitMap*) 0x000001ab43683570
 Prev Bits: [0x000001ab56970000, 0x000001ab58970000)
 Next Bits: [0x000001ab58970000, 0x000001ab5a970000)

Polling page: 0x000001ab41470000

Metaspace:

Usage:
  Non-class:     97.65 MB capacity,    95.61 MB ( 98%) used,     1.68 MB (  2%) free+waste,   372.81 KB ( <1%) overhead. 
      Class:     14.84 MB capacity,    13.63 MB ( 92%) used,     1.05 MB (  7%) free+waste,   166.19 KB (  1%) overhead. 
       Both:    112.49 MB capacity,   109.24 MB ( 97%) used,     2.73 MB (  2%) free+waste,   539.00 KB ( <1%) overhead. 

Virtual space:
  Non-class space:       98.00 MB reserved,      97.67 MB (>99%) committed 
      Class space:        1.00 GB reserved,      14.88 MB (  1%) committed 
             Both:        1.10 GB reserved,     112.55 MB ( 10%) committed 

Chunk freelists:
   Non-Class:  2.00 KB
       Class:  2.00 KB
        Both:  4.00 KB

MaxMetaspaceSize: 17179869184.00 GB
CompressedClassSpaceSize: 1.00 GB
Initial GC threshold: 20.80 MB
Current GC threshold: 186.54 MB
CDS: off

CodeHeap 'non-profiled nmethods': size=120064Kb used=9750Kb max_used=9750Kb free=110313Kb
 bounds [0x000001ab4ec30000, 0x000001ab4f5c0000, 0x000001ab56170000]
CodeHeap 'profiled nmethods': size=120000Kb used=32331Kb max_used=32331Kb free=87668Kb
 bounds [0x000001ab47700000, 0x000001ab496a0000, 0x000001ab4ec30000]
CodeHeap 'non-nmethods': size=5696Kb used=2426Kb max_used=2472Kb free=3269Kb
 bounds [0x000001ab47170000, 0x000001ab473f0000, 0x000001ab47700000]
 total_blobs=15085 nmethods=14121 adapters=877
 compilation: enabled
              stopped_count=0, restarted_count=0
 full_count=0

Compilation events (20 events):
Event: 303.564 Thread 0x000001ab5cd68000 nmethod 14201 0x000001ab4f5b2b90 code [0x000001ab4f5b2d40, 0x000001ab4f5b2e38]
Event: 303.564 Thread 0x000001ab5cd68000 14202   !   4       java.lang.StringCoding::encode (324 bytes)
Event: 303.574 Thread 0x000001ab5cd68000 nmethod 14202 0x000001ab4f5b2f10 code [0x000001ab4f5b3120, 0x000001ab4f5b3650]
Event: 303.577 Thread 0x000001ab5d6d0000 14203       3       org.gradle.internal.execution.steps.ResolveChangesStep$$Lambda$1025/0x0000000100cac840::apply (12 bytes)
Event: 303.578 Thread 0x000001ab5d6d0000 nmethod 14203 0x000001ab49687c90 code [0x000001ab49687e80, 0x000001ab49688448]
Event: 303.578 Thread 0x000001ab5d6d0000 14204       3       java.io.FileDescriptor::setHandle (33 bytes)
Event: 303.579 Thread 0x000001ab5d6d0000 nmethod 14204 0x000001ab49688610 code [0x000001ab496887e0, 0x000001ab49688a68]
Event: 303.589 Thread 0x000001ab5d6d0000 14205       3       sun.nio.fs.WindowsSecurityDescriptor::release (75 bytes)
Event: 303.590 Thread 0x000001ab5d6d0000 nmethod 14205 0x000001ab49688b90 code [0x000001ab49688de0, 0x000001ab496894f8]
Event: 303.603 Thread 0x000001ab5d6d0000 14206       3       org.gradle.internal.execution.steps.SkipUpToDateStep::skipExecution (81 bytes)
Event: 303.606 Thread 0x000001ab5d6d0000 nmethod 14206 0x000001ab49689790 code [0x000001ab49689ac0, 0x000001ab4968b0e8]
Event: 303.619 Thread 0x000001ab5cd68000 14207       4       com.google.common.collect.ImmutableSortedMap$1EntrySet$1::get (39 bytes)
Event: 303.639 Thread 0x000001ab5cd68000 nmethod 14207 0x000001ab4f5b3b10 code [0x000001ab4f5b3d00, 0x000001ab4f5b44d8]
Event: 303.640 Thread 0x000001ab5cd68000 14208       4       com.google.common.collect.ImmutableSortedMap$1EntrySet$1::get (6 bytes)
Event: 303.662 Thread 0x000001ab5cd68000 nmethod 14208 0x000001ab4f5b4a10 code [0x000001ab4f5b4c00, 0x000001ab4f5b53d8]
Event: 303.663 Thread 0x000001ab5d6d0000 14209       3       org.gradle.internal.execution.steps.SkipUpToDateStep$$Lambda$1028/0x0000000100cad440::apply (20 bytes)
Event: 303.663 Thread 0x000001ab5d6d0000 nmethod 14209 0x000001ab4968b810 code [0x000001ab4968ba00, 0x000001ab4968bd78]
Event: 303.663 Thread 0x000001ab5d6d0000 14210       3       org.gradle.internal.execution.steps.SkipUpToDateStep::lambda$execute$1 (13 bytes)
Event: 303.664 Thread 0x000001ab5d6d0000 nmethod 14210 0x000001ab4968bf10 code [0x000001ab4968c0e0, 0x000001ab4968c2f8]
Event: 303.754 Thread 0x000001ab5cd68000 14211   !   4       org.gradle.cache.internal.btree.BTreePersistentIndexedCache::get (57 bytes)

GC Heap History (20 events):
Event: 265.767 GC heap before
{Heap before GC invocations=146 (full 0):
 garbage-first heap   total 245760K, used 212462K [0x0000000080000000, 0x0000000100000000)
  region size 1024K, 27 young (27648K), 4 survivors (4096K)
 Metaspace       used 106489K, capacity 109703K, committed 110000K, reserved 1144832K
  class space    used 13339K, capacity 14523K, committed 14592K, reserved 1048576K
}
Event: 265.799 GC heap after
{Heap after GC invocations=147 (full 0):
 garbage-first heap   total 245760K, used 191724K [0x0000000080000000, 0x0000000100000000)
  region size 1024K, 2 young (2048K), 2 survivors (2048K)
 Metaspace       used 106489K, capacity 109703K, committed 110000K, reserved 1144832K
  class space    used 13339K, capacity 14523K, committed 14592K, reserved 1048576K
}
Event: 266.283 GC heap before
{Heap before GC invocations=147 (full 0):
 garbage-first heap   total 245760K, used 194796K [0x0000000080000000, 0x0000000100000000)
  region size 1024K, 6 young (6144K), 2 survivors (2048K)
 Metaspace       used 106904K, capacity 110112K, committed 110256K, reserved 1144832K
  class space    used 13394K, capacity 14532K, committed 14592K, reserved 1048576K
}
Event: 266.295 GC heap after
{Heap after GC invocations=148 (full 0):
 garbage-first heap   total 245760K, used 192182K [0x0000000080000000, 0x0000000100000000)
  region size 1024K, 1 young (1024K), 1 survivors (1024K)
 Metaspace       used 106904K, capacity 110112K, committed 110256K, reserved 1144832K
  class space    used 13394K, capacity 14532K, committed 14592K, reserved 1048576K
}
Event: 268.051 GC heap before
{Heap before GC invocations=149 (full 0):
 garbage-first heap   total 245760K, used 209590K [0x0000000080000000, 0x0000000100000000)
  region size 1024K, 17 young (17408K), 1 survivors (1024K)
 Metaspace       used 108523K, capacity 111732K, committed 112048K, reserved 1146880K
  class space    used 13594K, capacity 14733K, committed 14848K, reserved 1048576K
}
Event: 268.074 GC heap after
{Heap after GC invocations=150 (full 0):
 garbage-first heap   total 245760K, used 198847K [0x0000000080000000, 0x0000000100000000)
  region size 1024K, 3 young (3072K), 3 survivors (3072K)
 Metaspace       used 108523K, capacity 111732K, committed 112048K, reserved 1146880K
  class space    used 13594K, capacity 14733K, committed 14848K, reserved 1048576K
}
Event: 269.527 GC heap before
{Heap before GC invocations=150 (full 0):
 garbage-first heap   total 245760K, used 208063K [0x0000000080000000, 0x0000000100000000)
  region size 1024K, 12 young (12288K), 3 survivors (3072K)
 Metaspace       used 108953K, capacity 112144K, committed 112304K, reserved 1146880K
  class space    used 13645K, capacity 14807K, committed 14848K, reserved 1048576K
}
Event: 269.556 GC heap after
{Heap after GC invocations=151 (full 0):
 garbage-first heap   total 245760K, used 204800K [0x0000000080000000, 0x0000000100000000)
  region size 1024K, 2 young (2048K), 2 survivors (2048K)
 Metaspace       used 108953K, capacity 112144K, committed 112304K, reserved 1146880K
  class space    used 13645K, capacity 14807K, committed 14848K, reserved 1048576K
}
Event: 273.421 GC heap before
{Heap before GC invocations=151 (full 0):
 garbage-first heap   total 245760K, used 215040K [0x0000000080000000, 0x0000000100000000)
  region size 1024K, 12 young (12288K), 2 survivors (2048K)
 Metaspace       used 109296K, capacity 112498K, committed 112560K, reserved 1146880K
  class space    used 13685K, capacity 14840K, committed 14848K, reserved 1048576K
}
Event: 273.461 GC heap after
{Heap after GC invocations=152 (full 0):
 garbage-first heap   total 245760K, used 207360K [0x0000000080000000, 0x0000000100000000)
  region size 1024K, 2 young (2048K), 2 survivors (2048K)
 Metaspace       used 109296K, capacity 112498K, committed 112560K, reserved 1146880K
  class space    used 13685K, capacity 14840K, committed 14848K, reserved 1048576K
}
Event: 285.233 GC heap before
{Heap before GC invocations=153 (full 0):
 garbage-first heap   total 245760K, used 217600K [0x0000000080000000, 0x0000000100000000)
  region size 1024K, 12 young (12288K), 2 survivors (2048K)
 Metaspace       used 109464K, capacity 112672K, committed 112944K, reserved 1146880K
  class space    used 13699K, capacity 14854K, committed 14976K, reserved 1048576K
}
Event: 285.260 GC heap after
{Heap after GC invocations=154 (full 0):
 garbage-first heap   total 245760K, used 211591K [0x0000000080000000, 0x0000000100000000)
  region size 1024K, 2 young (2048K), 2 survivors (2048K)
 Metaspace       used 109464K, capacity 112672K, committed 112944K, reserved 1146880K
  class space    used 13699K, capacity 14854K, committed 14976K, reserved 1048576K
}
Event: 288.218 GC heap before
{Heap before GC invocations=154 (full 0):
 garbage-first heap   total 245760K, used 238215K [0x0000000080000000, 0x0000000100000000)
  region size 1024K, 12 young (12288K), 2 survivors (2048K)
 Metaspace       used 109890K, capacity 113160K, committed 113456K, reserved 1148928K
  class space    used 13754K, capacity 14924K, committed 14976K, reserved 1048576K
}
Event: 288.250 GC heap after
{Heap after GC invocations=155 (full 0):
 garbage-first heap   total 246784K, used 214376K [0x0000000080000000, 0x0000000100000000)
  region size 1024K, 2 young (2048K), 2 survivors (2048K)
 Metaspace       used 109890K, capacity 113160K, committed 113456K, reserved 1148928K
  class space    used 13754K, capacity 14924K, committed 14976K, reserved 1048576K
}
Event: 290.869 GC heap before
{Heap before GC invocations=155 (full 0):
 garbage-first heap   total 246784K, used 223592K [0x0000000080000000, 0x0000000100000000)
  region size 1024K, 12 young (12288K), 2 survivors (2048K)
 Metaspace       used 111175K, capacity 114461K, committed 114608K, reserved 1148928K
  class space    used 13884K, capacity 15092K, committed 15104K, reserved 1048576K
}
Event: 291.828 GC heap after
{Heap after GC invocations=156 (full 0):
 garbage-first heap   total 246784K, used 215490K [0x0000000080000000, 0x0000000100000000)
  region size 1024K, 1 young (1024K), 1 survivors (1024K)
 Metaspace       used 111175K, capacity 114461K, committed 114608K, reserved 1148928K
  class space    used 13884K, capacity 15092K, committed 15104K, reserved 1048576K
}
Event: 298.731 GC heap before
{Heap before GC invocations=157 (full 0):
 garbage-first heap   total 246784K, used 218562K [0x0000000080000000, 0x0000000100000000)
  region size 1024K, 12 young (12288K), 1 survivors (1024K)
 Metaspace       used 111729K, capacity 115040K, committed 115248K, reserved 1148928K
  class space    used 13946K, capacity 15157K, committed 15232K, reserved 1048576K
}
Event: 298.757 GC heap after
{Heap after GC invocations=158 (full 0):
 garbage-first heap   total 246784K, used 207699K [0x0000000080000000, 0x0000000100000000)
  region size 1024K, 1 young (1024K), 1 survivors (1024K)
 Metaspace       used 111729K, capacity 115040K, committed 115248K, reserved 1148928K
  class space    used 13946K, capacity 15157K, committed 15232K, reserved 1048576K
}
Event: 303.338 GC heap before
{Heap before GC invocations=158 (full 0):
 garbage-first heap   total 246784K, used 217939K [0x0000000080000000, 0x0000000100000000)
  region size 1024K, 12 young (12288K), 1 survivors (1024K)
 Metaspace       used 111846K, capacity 115191K, committed 115248K, reserved 1148928K
  class space    used 13959K, capacity 15198K, committed 15232K, reserved 1048576K
}
Event: 303.357 GC heap after
{Heap after GC invocations=159 (full 0):
 garbage-first heap   total 246784K, used 201695K [0x0000000080000000, 0x0000000100000000)
  region size 1024K, 2 young (2048K), 2 survivors (2048K)
 Metaspace       used 111846K, capacity 115191K, committed 115248K, reserved 1148928K
  class space    used 13959K, capacity 15198K, committed 15232K, reserved 1048576K
}

Deoptimization events (20 events):
Event: 300.977 Thread 0x000001ab6545e000 Uncommon trap: trap_request=0xffffffc6 fr.pc=0x000001ab4f0a0070 relative=0x00000000000000b0
Event: 300.977 Thread 0x000001ab6545e000 Uncommon trap: reason=bimorphic_or_optimized_type_check action=maybe_recompile pc=0x000001ab4f0a0070 method=com.google.common.collect.RegularImmutableMap.checkNoConflictInKeyBucket(Ljava/lang/Object;Ljava/util/Map$Entry;Lcom/google/common/collect/Immutabl
Event: 300.977 Thread 0x000001ab6545e000 DEOPT PACKING pc=0x000001ab4f0a0070 sp=0x0000005b9c1fc260
Event: 300.977 Thread 0x000001ab6545e000 DEOPT UNPACKING pc=0x000001ab471ba1a9 sp=0x0000005b9c1fc208 mode 2
Event: 303.162 Thread 0x000001ab6545e000 Uncommon trap: trap_request=0xffffffde fr.pc=0x000001ab4f566a60 relative=0x00000000000050c0
Event: 303.162 Thread 0x000001ab6545e000 Uncommon trap: reason=class_check action=maybe_recompile pc=0x000001ab4f566a60 method=org.gradle.internal.snapshot.impl.AbstractValueProcessor.processValue(Ljava/lang/Object;Lorg/gradle/internal/snapshot/impl/AbstractValueProcessor$ValueVisitor;)Ljava/lan
Event: 303.162 Thread 0x000001ab6545e000 DEOPT PACKING pc=0x000001ab4f566a60 sp=0x0000005b9c1fbd40
Event: 303.162 Thread 0x000001ab6545e000 DEOPT UNPACKING pc=0x000001ab471ba1a9 sp=0x0000005b9c1fbd40 mode 2
Event: 303.218 Thread 0x000001ab6545e000 Uncommon trap: trap_request=0xffffffbe fr.pc=0x000001ab4f57ee28 relative=0x0000000000000208
Event: 303.218 Thread 0x000001ab6545e000 Uncommon trap: reason=profile_predicate action=maybe_recompile pc=0x000001ab4f57ee28 method=java.net.URI$Parser.scan(IILjava/lang/String;)I @ 6 c2
Event: 303.218 Thread 0x000001ab6545e000 DEOPT PACKING pc=0x000001ab4f57ee28 sp=0x0000005b9c1f8060
Event: 303.219 Thread 0x000001ab6545e000 DEOPT UNPACKING pc=0x000001ab471ba1a9 sp=0x0000005b9c1f7fd8 mode 2
Event: 303.316 Thread 0x000001ab6545e000 Uncommon trap: trap_request=0xffffffbe fr.pc=0x000001ab4f566054 relative=0x00000000000046b4
Event: 303.316 Thread 0x000001ab6545e000 Uncommon trap: reason=profile_predicate action=maybe_recompile pc=0x000001ab4f566054 method=org.gradle.internal.snapshot.impl.AbstractValueProcessor.processValue(Ljava/lang/Object;Lorg/gradle/internal/snapshot/impl/AbstractValueProcessor$ValueVisitor;)Lja
Event: 303.316 Thread 0x000001ab6545e000 DEOPT PACKING pc=0x000001ab4f566054 sp=0x0000005b9c1f9ab0
Event: 303.316 Thread 0x000001ab6545e000 DEOPT UNPACKING pc=0x000001ab471ba1a9 sp=0x0000005b9c1f9ab0 mode 2
Event: 303.316 Thread 0x000001ab6545e000 Uncommon trap: trap_request=0xffffff4d fr.pc=0x000001ab4f565c88 relative=0x00000000000042e8
Event: 303.316 Thread 0x000001ab6545e000 Uncommon trap: reason=unstable_if action=reinterpret pc=0x000001ab4f565c88 method=org.gradle.internal.snapshot.impl.AbstractValueProcessor.processValue(Ljava/lang/Object;Lorg/gradle/internal/snapshot/impl/AbstractValueProcessor$ValueVisitor;)Ljava/lang/Ob
Event: 303.317 Thread 0x000001ab6545e000 DEOPT PACKING pc=0x000001ab4f565c88 sp=0x0000005b9c1f99f0
Event: 303.317 Thread 0x000001ab6545e000 DEOPT UNPACKING pc=0x000001ab471ba1a9 sp=0x0000005b9c1f9a08 mode 2

Classes redefined (0 events):
No events

Internal exceptions (20 events):
Event: 259.834 Thread 0x000001ab5f971000 Exception <a 'java/lang/NoSuchMethodError'{0x000000008de6ba48}: <clinit>> (0x000000008de6ba48) thrown at [src/hotspot/share/prims/jni.cpp, line 1367]
Event: 259.917 Thread 0x000001ab6545e000 Exception <a 'java/lang/NoSuchMethodError'{0x000000008dd48a70}: 'int java.lang.invoke.DirectMethodHandle$Holder.invokeSpecial(java.lang.Object, java.lang.Object, java.lang.Object, java.lang.Object, java.lang.Object)'> (0x000000008dd48a70) thrown at [src/hotspot/share/interpreter/linkResolver.cpp, line 773]
Event: 264.701 Thread 0x000001ab6545e000 Exception <a 'java/lang/NoSuchMethodError'{0x000000008e299e00}: 'void java.lang.invoke.DirectMethodHandle$Holder.invokeVirtual(java.lang.Object, java.lang.Object)'> (0x000000008e299e00) thrown at [src/hotspot/share/interpreter/linkResolver.cpp, line 773]
Event: 264.817 Thread 0x000001ab6545e000 Exception <a 'java/lang/NoSuchMethodError'{0x000000008e01ae48}: 'java.lang.Object java.lang.invoke.DirectMethodHandle$Holder.invokeSpecial(java.lang.Object, java.lang.Object, int, int, int, java.lang.Object, java.lang.Object, java.lang.Object, int)'> (0x000000008e01ae48) thrown at [src/hotspot/share/interpreter/linkResolver.cpp, line 773]
Event: 264.817 Thread 0x000001ab6545e000 Exception <a 'java/lang/NoSuchMethodError'{0x000000008e01efa0}: 'java.lang.Object java.lang.invoke.DelegatingMethodHandle$Holder.reinvoke_L(java.lang.Object, int, int, int, java.lang.Object, java.lang.Object, java.lang.Object, int)'> (0x000000008e01efa0) thrown at [src/hotspot/share/interpreter/linkResolver.cpp, line 773]
Event: 264.820 Thread 0x000001ab6545e000 Exception <a 'java/lang/NoSuchMethodError'{0x000000008e0413c0}: 'java.lang.Object java.lang.invoke.DirectMethodHandle$Holder.invokeStatic(java.lang.Object, java.lang.Object, java.lang.Object, java.lang.Object, java.lang.Object, java.lang.Object, java.lang.Object, int)'> (0x000000008e0413c0) thrown at [src/hotspot/share/interpreter/linkResolver.cpp, line 773]
Event: 265.007 Thread 0x000001ab6545e000 Exception <a 'java/lang/NoSuchMethodError'{0x000000008df72910}: 'java.lang.Object java.lang.invoke.DirectMethodHandle$Holder.newInvokeSpecial(java.lang.Object, java.lang.Object, java.lang.Object, java.lang.Object)'> (0x000000008df72910) thrown at [src/hotspot/share/interpreter/linkResolver.cpp, line 773]
Event: 265.055 Thread 0x000001ab5f971000 Exception <a 'java/lang/NoSuchMethodError'{0x000000008de8f890}: <clinit>> (0x000000008de8f890) thrown at [src/hotspot/share/prims/jni.cpp, line 1367]
Event: 265.829 Thread 0x000001ab6545e000 Exception <a 'java/lang/NoSuchMethodError'{0x000000008effd348}: 'void java.lang.invoke.DirectMethodHandle$Holder.invokeInterface(java.lang.Object, java.lang.Object, java.lang.Object, java.lang.Object)'> (0x000000008effd348) thrown at [src/hotspot/share/interpreter/linkResolver.cpp, line 773]
Event: 274.448 Thread 0x000001ab6545e000 Implicit null exception at 0x000001ab4f4c0a15 to 0x000001ab4f4c1327
Event: 284.323 Thread 0x000001ab6545e000 Implicit null exception at 0x000001ab4f4aa45a to 0x000001ab4f4aa514
Event: 284.614 Thread 0x000001ab6545e000 Implicit null exception at 0x000001ab4f504eca to 0x000001ab4f505638
Event: 287.764 Thread 0x000001ab6545e000 Exception <a 'java/lang/NoSuchMethodError'{0x000000008e898010}: 'java.lang.Object java.lang.invoke.DirectMethodHandle$Holder.invokeStatic(java.lang.Object, java.lang.Object, java.lang.Object, java.lang.Object, java.lang.Object, java.lang.Object, java.lang.Object, java.lang.Object, java.lang.Object, java.lang.Object, java.lang.Object, java.lang.Object, java.lang.Object, java.lang.Object, java.lang.Object, int)'> (0x000000008e898010) thrown at [src/hotspot/share/interpreter/linkResolver.cpp, line 773]
Event: 287.860 Thread 0x000001ab6545e000 Exception <a 'java/lang/NoSuchMethodError'{0x000000008e742380}: <clinit>> (0x000000008e742380) thrown at [src/hotspot/share/prims/jni.cpp, line 1367]
Event: 288.130 Thread 0x000001ab6545e000 Exception <a 'java/lang/NoSuchMethodError'{0x000000008e7c0358}: <clinit>> (0x000000008e7c0358) thrown at [src/hotspot/share/prims/jni.cpp, line 1367]
Event: 303.187 Thread 0x000001ab6545e000 Exception <a 'java/lang/NoSuchMethodError'{0x000000008e69b740}: <clinit>> (0x000000008e69b740) thrown at [src/hotspot/share/prims/jni.cpp, line 1367]
Event: 303.187 Thread 0x000001ab6545e000 Exception <a 'java/lang/NoSuchMethodError'{0x000000008e69d188}: <clinit>> (0x000000008e69d188) thrown at [src/hotspot/share/prims/jni.cpp, line 1367]
Event: 303.188 Thread 0x000001ab6545e000 Exception <a 'java/lang/NoSuchMethodError'{0x000000008e6a0648}: <clinit>> (0x000000008e6a0648) thrown at [src/hotspot/share/prims/jni.cpp, line 1367]
Event: 303.197 Thread 0x000001ab6545e000 Exception <a 'java/lang/NoSuchMethodError'{0x000000008e6bbb78}: <clinit>> (0x000000008e6bbb78) thrown at [src/hotspot/share/prims/jni.cpp, line 1367]
Event: 303.197 Thread 0x000001ab6545e000 Exception <a 'java/lang/NoSuchMethodError'{0x000000008e6bd058}: <clinit>> (0x000000008e6bd058) thrown at [src/hotspot/share/prims/jni.cpp, line 1367]

Events (20 events):
Event: 303.195 loading class kotlin/reflect/KClass
Event: 303.195 loading class kotlin/reflect/KClass done
Event: 303.205 loading class org/gradle/internal/snapshot/FileSystemLocationSnapshot
Event: 303.205 loading class org/gradle/internal/snapshot/FileSystemLocationSnapshot done
Event: 303.205 loading class org/gradle/internal/fingerprint/impl/IgnoredPathFingerprintingStrategy
Event: 303.205 loading class org/gradle/internal/fingerprint/impl/IgnoredPathFingerprintingStrategy done
Event: 303.206 loading class org/gradle/internal/fingerprint/impl/IgnoredPathFingerprintingStrategy$1
Event: 303.206 loading class org/gradle/internal/fingerprint/impl/IgnoredPathFingerprintingStrategy$1 done
Event: 303.235 Executing VM operation: RevokeBias
Event: 303.235 Executing VM operation: RevokeBias done
Event: 303.260 loading class org/gradle/api/internal/artifacts/ivyservice/clientmodule/ClientModuleResolver$ClientModuleComponentResolveMetadata
Event: 303.260 loading class org/gradle/api/internal/artifacts/ivyservice/clientmodule/ClientModuleResolver$ClientModuleComponentResolveMetadata done
Event: 303.264 loading class org/gradle/api/internal/artifacts/ivyservice/clientmodule/ClientModuleResolver$ClientModuleConfigurationMetadata
Event: 303.264 loading class org/gradle/api/internal/artifacts/ivyservice/clientmodule/ClientModuleResolver$ClientModuleConfigurationMetadata done
Event: 303.265 Executing VM operation: Deoptimize
Event: 303.268 Executing VM operation: Deoptimize done
Event: 303.337 Executing VM operation: G1CollectForAllocation
Event: 303.357 Executing VM operation: G1CollectForAllocation done
Event: 303.591 Executing VM operation: RevokeBias
Event: 303.591 Executing VM operation: RevokeBias done


Dynamic libraries:
0x00007ff7314a0000 - 0x00007ff7314aa000 	D:\Android Studio\android\jbr\bin\java.exe
0x00007ffdd1b30000 - 0x00007ffdd1d28000 	C:\windows\SYSTEM32\ntdll.dll
0x00007ffdd05d0000 - 0x00007ffdd068f000 	C:\windows\System32\KERNEL32.DLL
0x00007ffdcf340000 - 0x00007ffdcf612000 	C:\windows\System32\KERNELBASE.dll
0x00007ffdcf6b0000 - 0x00007ffdcf7b0000 	C:\windows\System32\ucrtbase.dll
0x00007ffdb8300000 - 0x00007ffdb8317000 	D:\Android Studio\android\jbr\bin\jli.dll
0x00007ffdd16e0000 - 0x00007ffdd1881000 	C:\windows\System32\USER32.dll
0x00007ffdcf8c0000 - 0x00007ffdcf8e2000 	C:\windows\System32\win32u.dll
0x00007ffdd02b0000 - 0x00007ffdd02db000 	C:\windows\System32\GDI32.dll
0x00007ffdcf7b0000 - 0x00007ffdcf8bf000 	C:\windows\System32\gdi32full.dll
0x00007ffdcfa50000 - 0x00007ffdcfaed000 	C:\windows\System32\msvcp_win.dll
0x00007ffdb7eb0000 - 0x00007ffdb814a000 	C:\windows\WinSxS\amd64_microsoft.windows.common-controls_6595b64144ccf1df_6.0.19041.1110_none_60b5254171f9507e\COMCTL32.dll
0x00007ffdd0690000 - 0x00007ffdd072e000 	C:\windows\System32\msvcrt.dll
0x00007ffdb82e0000 - 0x00007ffdb82fb000 	D:\Android Studio\android\jbr\bin\VCRUNTIME140.dll
0x00007ffdd0730000 - 0x00007ffdd0762000 	C:\windows\System32\IMM32.DLL
0x00007ffdc9de0000 - 0x00007ffdc9dec000 	D:\Android Studio\android\jbr\bin\vcruntime140_1.dll
0x00007ffd964a0000 - 0x00007ffd9652d000 	D:\Android Studio\android\jbr\bin\msvcp140.dll
0x00007ffd941e0000 - 0x00007ffd94d9c000 	D:\Android Studio\android\jbr\bin\server\jvm.dll
0x00007ffdcfb70000 - 0x00007ffdcfc1e000 	C:\windows\System32\ADVAPI32.dll
0x00007ffdd0210000 - 0x00007ffdd02ac000 	C:\windows\System32\sechost.dll
0x00007ffdd19c0000 - 0x00007ffdd1ae5000 	C:\windows\System32\RPCRT4.dll
0x00007ffdd16d0000 - 0x00007ffdd16d8000 	C:\windows\System32\PSAPI.DLL
0x00007ffdbf6f0000 - 0x00007ffdbf6f9000 	C:\windows\SYSTEM32\WSOCK32.dll
0x00007ffdd1890000 - 0x00007ffdd18fb000 	C:\windows\System32\WS2_32.dll
0x00007ffdad210000 - 0x00007ffdad237000 	C:\windows\SYSTEM32\WINMM.dll
0x00007ffdc7a60000 - 0x00007ffdc7a6a000 	C:\windows\SYSTEM32\VERSION.dll
0x00007ffdcda80000 - 0x00007ffdcda92000 	C:\windows\SYSTEM32\kernel.appcore.dll
0x00007ffda8540000 - 0x00007ffda8550000 	D:\Android Studio\android\jbr\bin\verify.dll
0x00007ffdcd750000 - 0x00007ffdcd934000 	C:\windows\SYSTEM32\DBGHELP.DLL
0x00007ffdb9cb0000 - 0x00007ffdb9ce5000 	C:\windows\SYSTEM32\dbgcore.DLL
0x00007ffdcf620000 - 0x00007ffdcf6a2000 	C:\windows\System32\bcryptPrimitives.dll
0x00007ffd9a410000 - 0x00007ffd9a438000 	D:\Android Studio\android\jbr\bin\java.dll
0x00007ffda8300000 - 0x00007ffda830a000 	D:\Android Studio\android\jbr\bin\jimage.dll
0x00007ffd9a3f0000 - 0x00007ffd9a408000 	D:\Android Studio\android\jbr\bin\zip.dll
0x00007ffdd0f80000 - 0x00007ffdd16c4000 	C:\windows\System32\SHELL32.dll
0x00007ffdccee0000 - 0x00007ffdcd672000 	C:\windows\SYSTEM32\windows.storage.dll
0x00007ffdcfc20000 - 0x00007ffdcff75000 	C:\windows\System32\combase.dll
0x00007ffdceba0000 - 0x00007ffdcebd0000 	C:\windows\SYSTEM32\Wldp.dll
0x00007ffdd0a00000 - 0x00007ffdd0aad000 	C:\windows\System32\SHCORE.dll
0x00007ffdd1960000 - 0x00007ffdd19b5000 	C:\windows\System32\shlwapi.dll
0x00007ffdcf160000 - 0x00007ffdcf17f000 	C:\windows\SYSTEM32\profapi.dll
0x00007ffd99980000 - 0x00007ffd99999000 	D:\Android Studio\android\jbr\bin\net.dll
0x00007ffdbfb90000 - 0x00007ffdbfc9c000 	C:\windows\SYSTEM32\WINHTTP.dll
0x00007ffdce8c0000 - 0x00007ffdce92a000 	C:\windows\system32\mswsock.dll
0x00007ffd98fc0000 - 0x00007ffd98fd3000 	D:\Android Studio\android\jbr\bin\nio.dll
0x00007ffd99b70000 - 0x00007ffd99b97000 	C:\SD Card\.gradle\native\e1d6ef7f7dcc3fd88c89a11ec53ec762bb8ba0a96d01ffa2cd45eb1d1d8dd5c5\windows-amd64\native-platform.dll
0x00007ffd8fd60000 - 0x00007ffd8fea4000 	C:\SD Card\.gradle\native\0d407fdbe67a94daf76414ababcb853783967236a71b16ec16e742cd7a986fd3\windows-amd64\native-platform-file-events.dll
0x00007ffda82f0000 - 0x00007ffda82fa000 	D:\Android Studio\android\jbr\bin\management.dll
0x00007ffda6a70000 - 0x00007ffda6a7b000 	D:\Android Studio\android\jbr\bin\management_ext.dll
0x00007ffdceae0000 - 0x00007ffdceaf8000 	C:\windows\SYSTEM32\CRYPTSP.dll
0x00007ffdce1e0000 - 0x00007ffdce214000 	C:\windows\system32\rsaenh.dll
0x00007ffdcfaf0000 - 0x00007ffdcfb17000 	C:\windows\System32\bcrypt.dll
0x00007ffdcf0e0000 - 0x00007ffdcf10e000 	C:\windows\SYSTEM32\USERENV.dll
0x00007ffdcead0000 - 0x00007ffdceadc000 	C:\windows\SYSTEM32\CRYPTBASE.dll
0x00007ffdce5c0000 - 0x00007ffdce5fb000 	C:\windows\SYSTEM32\IPHLPAPI.DLL
0x00007ffdd0770000 - 0x00007ffdd0778000 	C:\windows\System32\NSI.dll
0x00007ffdbfa90000 - 0x00007ffdbfaa7000 	C:\windows\SYSTEM32\dhcpcsvc6.DLL
0x00007ffdbf7f0000 - 0x00007ffdbf80d000 	C:\windows\SYSTEM32\dhcpcsvc.DLL
0x00007ffdce600000 - 0x00007ffdce6ca000 	C:\windows\SYSTEM32\DNSAPI.dll
0x00007ffdce320000 - 0x00007ffdce353000 	C:\windows\SYSTEM32\ntmarta.dll

dbghelp: loaded successfully - version: 4.0.5 - missing functions: none
symbol engine: initialized successfully - sym options: 0x614 - pdb path: .;D:\Android Studio\android\jbr\bin;C:\windows\SYSTEM32;C:\windows\WinSxS\amd64_microsoft.windows.common-controls_6595b64144ccf1df_6.0.19041.1110_none_60b5254171f9507e;D:\Android Studio\android\jbr\bin\server;C:\SD Card\.gradle\native\e1d6ef7f7dcc3fd88c89a11ec53ec762bb8ba0a96d01ffa2cd45eb1d1d8dd5c5\windows-amd64;C:\SD Card\.gradle\native\0d407fdbe67a94daf76414ababcb853783967236a71b16ec16e742cd7a986fd3\windows-amd64

VM Arguments:
jvm_args: --add-opens=java.base/java.util=ALL-UNNAMED --add-opens=java.base/java.lang=ALL-UNNAMED --add-opens=java.base/java.lang.invoke=ALL-UNNAMED --add-opens=java.base/java.util=ALL-UNNAMED --add-opens=java.prefs/java.util.prefs=ALL-UNNAMED --add-opens=java.prefs/java.util.prefs=ALL-UNNAMED --add-opens=java.base/java.nio.charset=ALL-UNNAMED --add-opens=java.base/java.net=ALL-UNNAMED --add-opens=java.base/java.util.concurrent.atomic=ALL-UNNAMED -Xmx2048m -Dfile.encoding=UTF-8 -Duser.country=US -Duser.language=en -Duser.variant 
java_command: org.gradle.launcher.daemon.bootstrap.GradleDaemon 7.5
java_class_path (initial): C:\SD Card\.gradle\wrapper\dists\gradle-7.5-bin\f1w0cc9nuo0eivz97x2xlu9sv\gradle-7.5\lib\gradle-launcher-7.5.jar
Launcher Type: SUN_STANDARD

[Global flags]
     intx CICompilerCount                          = 2                                         {product} {ergonomic}
     uint ConcGCThreads                            = 1                                         {product} {ergonomic}
     uint G1ConcRefinementThreads                  = 2                                         {product} {ergonomic}
   size_t G1HeapRegionSize                         = 1048576                                   {product} {ergonomic}
    uintx GCDrainStackTargetSize                   = 64                                        {product} {ergonomic}
   size_t InitialHeapSize                          = 65011712                                  {product} {ergonomic}
   size_t MarkStackSize                            = 4194304                                   {product} {ergonomic}
   size_t MaxHeapSize                              = 2147483648                                {product} {command line}
   size_t MaxNewSize                               = 1287651328                                {product} {ergonomic}
   size_t MinHeapDeltaBytes                        = 1048576                                   {product} {ergonomic}
    uintx NonNMethodCodeHeapSize                   = 5825164                                {pd product} {ergonomic}
    uintx NonProfiledCodeHeapSize                  = 122916538                              {pd product} {ergonomic}
    uintx ProfiledCodeHeapSize                     = 122916538                              {pd product} {ergonomic}
    uintx ReservedCodeCacheSize                    = 251658240                              {pd product} {ergonomic}
     bool SegmentedCodeCache                       = true                                      {product} {ergonomic}
     bool UseCompressedClassPointers               = true                                 {lp64_product} {ergonomic}
     bool UseCompressedOops                        = true                                 {lp64_product} {ergonomic}
     bool UseG1GC                                  = true                                      {product} {ergonomic}
     bool UseLargePagesIndividualAllocation        = false                                  {pd product} {ergonomic}

Logging:
Log output configuration:
 #0: stdout all=warning uptime,level,tags
 #1: stderr all=off uptime,level,tags

Environment Variables:
PATH=C:\windows\system32;C:\windows;C:\windows\System32\Wbem;C:\windows\System32\WindowsPowerShell\v1.0\;C:\Program Files (x86)\dotnet\;C:\Program Files\dotnet\;C:\Program Files\Java\jdk-19\bin;D:\MinGW\bin;D:\Git\cmd;C:\Users\karin\AppData\Local\Microsoft\WindowsApps;C:\Program Files (x86)\SSH Communications Security\SSH Secure Shell
USERNAME=karin
OS=Windows_NT
PROCESSOR_IDENTIFIER=Intel64 Family 6 Model 122 Stepping 8, GenuineIntel



---------------  S Y S T E M  ---------------

OS: Windows 10 , 64 bit Build 19041 (10.0.19041.2364)
OS uptime: 0 days 6:58 hours
Hyper-V role detected

CPU:total 2 (initial active 2) (2 cores per cpu, 1 threads per core) family 6 model 122 stepping 8 microcode 0x18, cmov, cx8, fxsr, mmx, sse, sse2, sse3, ssse3, sse4.1, sse4.2, popcnt, aes, clmul, erms, 3dnowpref, tsc, tscinvbit, sha

Memory: 4k page, system-wide physical 3911M (308M free)
TotalPageFile size 5252M (AvailPageFile size 1M)
current process WorkingSet (physical memory assigned to process): 384M, peak: 473M
current process commit charge ("private bytes"): 550M, peak: 554M

vm_info: OpenJDK 64-Bit Server VM (11.0.15+0-b2043.56-9505619) for windows-amd64 JRE (11.0.15+0-b2043.56-9505619), built on Jan 19 2023 02:48:00 by "builduser" with unknown MS VC++:1929

END.
