#
# There is insufficient memory for the Java Runtime Environment to continue.
# Native memory allocation (malloc) failed to allocate 133776 bytes for Chunk::new
# Possible reasons:
#   The system is out of physical RAM or swap space
#   The process is running with CompressedOops enabled, and the Java Heap may be blocking the growth of the native heap
# Possible solutions:
#   Reduce memory load on the system
#   Increase physical memory or swap space
#   Check if swap backing store is full
#   Decrease Java heap size (-Xmx/-Xms)
#   Decrease number of Java threads
#   Decrease Java thread stack sizes (-Xss)
#   Set larger code cache with -XX:ReservedCodeCacheSize=
#   JVM is running with Unscaled Compressed Oops mode in which the Java heap is
#     placed in the first 4GB address space. The Java Heap base address is the
#     maximum limit for the native heap growth. Please use -XX:HeapBaseMinAddress
#     to set the Java Heap base and to place the Java Heap above 4GB virtual address.
# This output file may be truncated or incomplete.
#
#  Out of Memory Error (src/hotspot/share/memory/arena.cpp:197), pid=8188, tid=4064
#
# JRE version: OpenJDK Runtime Environment (11.0.15) (build 11.0.15+0-b2043.56-9505619)
# Java VM: OpenJDK 64-Bit Server VM (11.0.15+0-b2043.56-9505619, mixed mode, tiered, compressed oops, g1 gc, windows-amd64)
# No core dump will be written. Minidumps are not enabled by default on client versions of Windows
#

---------------  S U M M A R Y ------------

Command Line: --add-opens=java.base/java.util=ALL-UNNAMED --add-opens=java.base/java.lang=ALL-UNNAMED --add-opens=java.base/java.lang.invoke=ALL-UNNAMED --add-opens=java.base/java.util=ALL-UNNAMED --add-opens=java.prefs/java.util.prefs=ALL-UNNAMED --add-opens=java.prefs/java.util.prefs=ALL-UNNAMED --add-opens=java.base/java.nio.charset=ALL-UNNAMED --add-opens=java.base/java.net=ALL-UNNAMED --add-opens=java.base/java.util.concurrent.atomic=ALL-UNNAMED -Xmx2048m -Dfile.encoding=UTF-8 -Duser.country=US -Duser.language=en -Duser.variant org.gradle.launcher.daemon.bootstrap.GradleDaemon 7.5

Host: Intel(R) Celeron(R) N4020 CPU @ 1.10GHz, 2 cores, 3G,  Windows 10 , 64 bit Build 19041 (10.0.19041.2364)
Time: Sat Apr 29 23:17:28 2023 Central Daylight Time elapsed time: 26.244817 seconds (0d 0h 0m 26s)

---------------  T H R E A D  ---------------

Current thread (0x000001b9bfeba800):  JavaThread "C2 CompilerThread0" daemon [_thread_in_native, id=4064, stack(0x000000610ec00000,0x000000610ed00000)]


Current CompileTask:
C2:  26245 6020   !   4       java.util.zip.ZipFile$ZipFileInflaterInputStream::close (67 bytes)

Stack: [0x000000610ec00000,0x000000610ed00000]
Native frames: (J=compiled Java code, j=interpreted, Vv=VM code, C=native code)
V  [jvm.dll+0x64135a]
V  [jvm.dll+0x7d39f9]
V  [jvm.dll+0x7d51b9]
V  [jvm.dll+0x7d58a3]
V  [jvm.dll+0x2691c5]
V  [jvm.dll+0xc1a5c]
V  [jvm.dll+0xc200c]
V  [jvm.dll+0x3774a7]
V  [jvm.dll+0x1b35e4]
V  [jvm.dll+0x22163e]
V  [jvm.dll+0x220498]
V  [jvm.dll+0x19e851]
V  [jvm.dll+0x230479]
V  [jvm.dll+0x22e5ef]
V  [jvm.dll+0x794de1]
V  [jvm.dll+0x78dc24]
V  [jvm.dll+0x6400f6]
C  [ucrtbase.dll+0x21bb2]
C  [KERNEL32.DLL+0x17614]
C  [ntdll.dll+0x526a1]


---------------  P R O C E S S  ---------------

Threads class SMR info:
_java_thread_list=0x000001b9c4318be0, length=55, elements={
0x000001b9a65b3800, 0x000001b9bfe55000, 0x000001b9bfe58000, 0x000001b9bfeb3800,
0x000001b9bfeb4800, 0x000001b9bfeb7800, 0x000001b9bfeba800, 0x000001b9bfebe000,
0x000001b9bfec3000, 0x000001b9c0823800, 0x000001b9c28e9800, 0x000001b9c2074000,
0x000001b9c2595000, 0x000001b9c293f800, 0x000001b9c2940000, 0x000001b9c11f6000,
0x000001b9c22ad800, 0x000001b9c22ae000, 0x000001b9c2652800, 0x000001b9c11f1000,
0x000001b9c14b2000, 0x000001b9c14b1000, 0x000001b9c14af800, 0x000001b9c14ae800,
0x000001b9c14b2800, 0x000001b9c14b3800, 0x000001b9c14ad800, 0x000001b9c14b4800,
0x000001b9c14b0000, 0x000001b9c3376000, 0x000001b9c3378800, 0x000001b9c3379800,
0x000001b9c3377800, 0x000001b9c337a000, 0x000001b9c3374800, 0x000001b9c337d800,
0x000001b9c337c000, 0x000001b9c337f000, 0x000001b9c3380000, 0x000001b9c3380800,
0x000001b9c337b000, 0x000001b9c3381800, 0x000001b9c3382800, 0x000001b9c337c800,
0x000001b9c337e800, 0x000001b9c3186000, 0x000001b9c3187000, 0x000001b9c3188000,
0x000001b9c3188800, 0x000001b9c3183000, 0x000001b9c3189800, 0x000001b9c3184000,
0x000001b9c318a800, 0x000001b9c3184800, 0x000001b9c318b000
}

Java Threads: ( => current thread )
  0x000001b9a65b3800 JavaThread "main" [_thread_blocked, id=11624, stack(0x000000610e000000,0x000000610e100000)]
  0x000001b9bfe55000 JavaThread "Reference Handler" daemon [_thread_blocked, id=8256, stack(0x000000610e700000,0x000000610e800000)]
  0x000001b9bfe58000 JavaThread "Finalizer" daemon [_thread_blocked, id=5800, stack(0x000000610e800000,0x000000610e900000)]
  0x000001b9bfeb3800 JavaThread "Signal Dispatcher" daemon [_thread_blocked, id=11960, stack(0x000000610e900000,0x000000610ea00000)]
  0x000001b9bfeb4800 JavaThread "Attach Listener" daemon [_thread_blocked, id=4576, stack(0x000000610ea00000,0x000000610eb00000)]
  0x000001b9bfeb7800 JavaThread "Service Thread" daemon [_thread_blocked, id=11200, stack(0x000000610eb00000,0x000000610ec00000)]
=>0x000001b9bfeba800 JavaThread "C2 CompilerThread0" daemon [_thread_in_native, id=4064, stack(0x000000610ec00000,0x000000610ed00000)]
  0x000001b9bfebe000 JavaThread "C1 CompilerThread0" daemon [_thread_blocked, id=5632, stack(0x000000610ed00000,0x000000610ee00000)]
  0x000001b9bfec3000 JavaThread "Sweeper thread" daemon [_thread_blocked, id=8812, stack(0x000000610ee00000,0x000000610ef00000)]
  0x000001b9c0823800 JavaThread "Common-Cleaner" daemon [_thread_blocked, id=9804, stack(0x000000610ef00000,0x000000610f000000)]
  0x000001b9c28e9800 JavaThread "Daemon health stats" [_thread_blocked, id=7388, stack(0x000000610f200000,0x000000610f300000)]
  0x000001b9c2074000 JavaThread "Incoming local TCP Connector on port 63413" [_thread_in_native, id=4420, stack(0x000000610f300000,0x000000610f400000)]
  0x000001b9c2595000 JavaThread "Daemon periodic checks" [_thread_blocked, id=8620, stack(0x000000610f400000,0x000000610f500000)]
  0x000001b9c293f800 JavaThread "Daemon" [_thread_blocked, id=9860, stack(0x000000610f500000,0x000000610f600000)]
  0x000001b9c2940000 JavaThread "Handler for socket connection from /127.0.0.1:63413 to /127.0.0.1:63414" [_thread_in_native, id=10424, stack(0x000000610f600000,0x000000610f700000)]
  0x000001b9c11f6000 JavaThread "Cancel handler" [_thread_blocked, id=12164, stack(0x000000610f700000,0x000000610f800000)]
  0x000001b9c22ad800 JavaThread "Daemon worker" [_thread_in_native, id=7752, stack(0x000000610f800000,0x000000610f900000)]
  0x000001b9c22ae000 JavaThread "Asynchronous log dispatcher for DefaultDaemonConnection: socket connection from /127.0.0.1:63413 to /127.0.0.1:63414" [_thread_blocked, id=2036, stack(0x000000610f900000,0x000000610fa00000)]
  0x000001b9c2652800 JavaThread "Stdin handler" [_thread_blocked, id=9284, stack(0x000000610fa00000,0x000000610fb00000)]
  0x000001b9c11f1000 JavaThread "Daemon client event forwarder" [_thread_blocked, id=6200, stack(0x000000610fb00000,0x000000610fc00000)]
  0x000001b9c14b2000 JavaThread "Cache worker for journal cache (C:\SD Card\.gradle\caches\journal-1)" [_thread_blocked, id=9760, stack(0x000000610fc00000,0x000000610fd00000)]
  0x000001b9c14b1000 JavaThread "File lock request listener" [_thread_in_native, id=9936, stack(0x000000610fd00000,0x000000610fe00000)]
  0x000001b9c14af800 JavaThread "Cache worker for file hash cache (C:\SD Card\.gradle\caches\7.5\fileHashes)" [_thread_blocked, id=4180, stack(0x000000610fe00000,0x000000610ff00000)]
  0x000001b9c14ae800 JavaThread "File watcher server" daemon [_thread_in_native, id=2840, stack(0x000000610ff00000,0x0000006110000000)]
  0x000001b9c14b2800 JavaThread "File watcher consumer" daemon [_thread_blocked, id=10892, stack(0x0000006110000000,0x0000006110100000)]
  0x000001b9c14b3800 JavaThread "jar transforms" [_thread_blocked, id=1752, stack(0x0000006110100000,0x0000006110200000)]
  0x000001b9c14ad800 JavaThread "jar transforms Thread 2" [_thread_blocked, id=2332, stack(0x0000006110200000,0x0000006110300000)]
  0x000001b9c14b4800 JavaThread "Cache worker for checksums cache (C:\SD Card\Downloads\Task Eliminator\TaskEliminator\.gradle\7.5\checksums)" [_thread_blocked, id=6668, stack(0x0000006110300000,0x0000006110400000)]
  0x000001b9c14b0000 JavaThread "Cache worker for cache directory md-rule (C:\SD Card\.gradle\caches\7.5\md-rule)" [_thread_blocked, id=4000, stack(0x0000006110400000,0x0000006110500000)]
  0x000001b9c3376000 JavaThread "Cache worker for file content cache (C:\SD Card\.gradle\caches\7.5\fileContent)" [_thread_blocked, id=1292, stack(0x0000006110500000,0x0000006110600000)]
  0x000001b9c3378800 JavaThread "Cache worker for file hash cache (C:\SD Card\Downloads\Task Eliminator\TaskEliminator\.gradle\7.5\fileHashes)" [_thread_blocked, id=9624, stack(0x0000006110600000,0x0000006110700000)]
  0x000001b9c3379800 JavaThread "Cache worker for cache directory md-supplier (C:\SD Card\.gradle\caches\7.5\md-supplier)" [_thread_blocked, id=6880, stack(0x0000006110700000,0x0000006110800000)]
  0x000001b9c3377800 JavaThread "Cache worker for execution history cache (C:\SD Card\.gradle\caches\7.5\executionHistory)" [_thread_blocked, id=11360, stack(0x0000006110800000,0x0000006110900000)]
  0x000001b9c337a000 JavaThread "Cache worker for dependencies-accessors (C:\SD Card\Downloads\Task Eliminator\TaskEliminator\.gradle\7.5\dependencies-accessors)" [_thread_blocked, id=9968, stack(0x0000006110900000,0x0000006110a00000)]
  0x000001b9c3374800 JavaThread "Cache worker for Build Output Cleanup Cache (C:\SD Card\Downloads\Task Eliminator\TaskEliminator\.gradle\buildOutputCleanup)" [_thread_blocked, id=8284, stack(0x0000006110a00000,0x0000006110b00000)]
  0x000001b9c337d800 JavaThread "Unconstrained build operations" [_thread_blocked, id=8156, stack(0x0000006110b00000,0x0000006110c00000)]
  0x000001b9c337c000 JavaThread "Unconstrained build operations Thread 2" [_thread_blocked, id=8376, stack(0x0000006110c00000,0x0000006110d00000)]
  0x000001b9c337f000 JavaThread "Unconstrained build operations Thread 3" [_thread_blocked, id=12272, stack(0x0000006110d00000,0x0000006110e00000)]
  0x000001b9c3380000 JavaThread "Unconstrained build operations Thread 4" [_thread_blocked, id=10724, stack(0x0000006110e00000,0x0000006110f00000)]
  0x000001b9c3380800 JavaThread "Unconstrained build operations Thread 5" [_thread_blocked, id=1096, stack(0x0000006110f00000,0x0000006111000000)]
  0x000001b9c337b000 JavaThread "Unconstrained build operations Thread 6" [_thread_blocked, id=10748, stack(0x0000006111000000,0x0000006111100000)]
  0x000001b9c3381800 JavaThread "Unconstrained build operations Thread 7" [_thread_blocked, id=8880, stack(0x0000006111100000,0x0000006111200000)]
  0x000001b9c3382800 JavaThread "Unconstrained build operations Thread 8" [_thread_blocked, id=1092, stack(0x0000006111200000,0x0000006111300000)]
  0x000001b9c337c800 JavaThread "Unconstrained build operations Thread 9" [_thread_blocked, id=3984, stack(0x0000006111300000,0x0000006111400000)]
  0x000001b9c337e800 JavaThread "Unconstrained build operations Thread 10" [_thread_blocked, id=7920, stack(0x0000006111400000,0x0000006111500000)]
  0x000001b9c3186000 JavaThread "Unconstrained build operations Thread 11" [_thread_blocked, id=9320, stack(0x0000006111500000,0x0000006111600000)]
  0x000001b9c3187000 JavaThread "Unconstrained build operations Thread 12" [_thread_blocked, id=7704, stack(0x0000006111600000,0x0000006111700000)]
  0x000001b9c3188000 JavaThread "Unconstrained build operations Thread 13" [_thread_blocked, id=10728, stack(0x0000006111700000,0x0000006111800000)]
  0x000001b9c3188800 JavaThread "Unconstrained build operations Thread 14" [_thread_blocked, id=4340, stack(0x0000006111800000,0x0000006111900000)]
  0x000001b9c3183000 JavaThread "Unconstrained build operations Thread 15" [_thread_blocked, id=1628, stack(0x0000006111900000,0x0000006111a00000)]
  0x000001b9c3189800 JavaThread "Unconstrained build operations Thread 16" [_thread_blocked, id=1600, stack(0x0000006111a00000,0x0000006111b00000)]
  0x000001b9c3184000 JavaThread "Unconstrained build operations Thread 17" [_thread_blocked, id=8684, stack(0x0000006111b00000,0x0000006111c00000)]
  0x000001b9c318a800 JavaThread "Unconstrained build operations Thread 18" [_thread_blocked, id=1876, stack(0x0000006111c00000,0x0000006111d00000)]
  0x000001b9c3184800 JavaThread "Unconstrained build operations Thread 19" [_thread_blocked, id=11280, stack(0x0000006111d00000,0x0000006111e00000)]
  0x000001b9c318b000 JavaThread "Unconstrained build operations Thread 20" [_thread_blocked, id=6724, stack(0x0000006111e00000,0x0000006111f00000)]

Other Threads:
  0x000001b9bfe52000 VMThread "VM Thread" [stack: 0x000000610e600000,0x000000610e700000] [id=8232]
  0x000001b9c0857000 WatcherThread [stack: 0x000000610f000000,0x000000610f100000] [id=7404]
  0x000001b9a65cc800 GCTaskThread "GC Thread#0" [stack: 0x000000610e100000,0x000000610e200000] [id=10304]
  0x000001b9c08da800 GCTaskThread "GC Thread#1" [stack: 0x000000610f100000,0x000000610f200000] [id=2892]
  0x000001b9a65fe800 ConcurrentGCThread "G1 Main Marker" [stack: 0x000000610e200000,0x000000610e300000] [id=1192]
  0x000001b9a65ff800 ConcurrentGCThread "G1 Conc#0" [stack: 0x000000610e300000,0x000000610e400000] [id=12132]
  0x000001b9a664e000 ConcurrentGCThread "G1 Refine#0" [stack: 0x000000610e400000,0x000000610e500000] [id=11140]
  0x000001b9a664f800 ConcurrentGCThread "G1 Young RemSet Sampling" [stack: 0x000000610e500000,0x000000610e600000] [id=4076]

Threads with active compile tasks:
C2 CompilerThread0    26470 6020   !   4       java.util.zip.ZipFile$ZipFileInflaterInputStream::close (67 bytes)

VM state:not at safepoint (normal execution)

VM Mutex/Monitor currently owned by a thread: None

Heap address: 0x0000000080000000, size: 2048 MB, Compressed Oops mode: 32-bit
Narrow klass base: 0x0000000000000000, Narrow klass shift: 3
Compressed class space size: 1073741824 Address: 0x0000000100000000

Heap:
 garbage-first heap   total 204800K, used 105189K [0x0000000080000000, 0x0000000100000000)
  region size 1024K, 5 young (5120K), 3 survivors (3072K)
 Metaspace       used 56367K, capacity 58008K, committed 58236K, reserved 1099776K
  class space    used 7189K, capacity 7825K, committed 7884K, reserved 1048576K
Heap Regions: E=young(eden), S=young(survivor), O=old, HS=humongous(starts), HC=humongous(continues), CS=collection set, F=free, A=archive, TAMS=top-at-mark-start (previous, next)
|   0|0x0000000080000000, 0x0000000080100000, 0x0000000080100000|100%| O|  |TAMS 0x0000000080100000, 0x0000000080000000| Untracked 
|   1|0x0000000080100000, 0x0000000080200000, 0x0000000080200000|100%| O|  |TAMS 0x0000000080200000, 0x0000000080100000| Untracked 
|   2|0x0000000080200000, 0x0000000080300000, 0x0000000080300000|100%| O|  |TAMS 0x0000000080300000, 0x0000000080200000| Untracked 
|   3|0x0000000080300000, 0x0000000080400000, 0x0000000080400000|100%| O|  |TAMS 0x0000000080400000, 0x0000000080300000| Untracked 
|   4|0x0000000080400000, 0x0000000080500000, 0x0000000080500000|100%|HS|  |TAMS 0x0000000080500000, 0x0000000080400000| Complete 
|   5|0x0000000080500000, 0x0000000080600000, 0x0000000080600000|100%|HC|  |TAMS 0x0000000080600000, 0x0000000080500000| Complete 
|   6|0x0000000080600000, 0x0000000080700000, 0x0000000080700000|100%|HC|  |TAMS 0x0000000080700000, 0x0000000080600000| Complete 
|   7|0x0000000080700000, 0x0000000080800000, 0x0000000080800000|100%| O|  |TAMS 0x0000000080800000, 0x0000000080700000| Untracked 
|   8|0x0000000080800000, 0x0000000080900000, 0x0000000080900000|100%| O|  |TAMS 0x0000000080900000, 0x0000000080800000| Untracked 
|   9|0x0000000080900000, 0x0000000080a00000, 0x0000000080a00000|100%| O|  |TAMS 0x0000000080a00000, 0x0000000080900000| Untracked 
|  10|0x0000000080a00000, 0x0000000080b00000, 0x0000000080b00000|100%| O|  |TAMS 0x0000000080b00000, 0x0000000080a00000| Untracked 
|  11|0x0000000080b00000, 0x0000000080c00000, 0x0000000080c00000|100%| O|  |TAMS 0x0000000080c00000, 0x0000000080b00000| Untracked 
|  12|0x0000000080c00000, 0x0000000080d00000, 0x0000000080d00000|100%| O|  |TAMS 0x0000000080d00000, 0x0000000080c00000| Untracked 
|  13|0x0000000080d00000, 0x0000000080e00000, 0x0000000080e00000|100%| O|  |TAMS 0x0000000080e00000, 0x0000000080d00000| Untracked 
|  14|0x0000000080e00000, 0x0000000080f00000, 0x0000000080f00000|100%| O|  |TAMS 0x0000000080f00000, 0x0000000080e00000| Untracked 
|  15|0x0000000080f00000, 0x0000000081000000, 0x0000000081000000|100%| O|  |TAMS 0x0000000081000000, 0x0000000080f00000| Untracked 
|  16|0x0000000081000000, 0x0000000081100000, 0x0000000081100000|100%| O|  |TAMS 0x0000000081100000, 0x0000000081000000| Untracked 
|  17|0x0000000081100000, 0x0000000081200000, 0x0000000081200000|100%|HS|  |TAMS 0x0000000081200000, 0x0000000081100000| Complete 
|  18|0x0000000081200000, 0x0000000081300000, 0x0000000081300000|100%|HC|  |TAMS 0x0000000081300000, 0x0000000081200000| Complete 
|  19|0x0000000081300000, 0x0000000081400000, 0x0000000081400000|100%|HS|  |TAMS 0x0000000081400000, 0x0000000081300000| Complete 
|  20|0x0000000081400000, 0x0000000081500000, 0x0000000081500000|100%|HC|  |TAMS 0x0000000081500000, 0x0000000081400000| Complete 
|  21|0x0000000081500000, 0x0000000081600000, 0x0000000081600000|100%|HC|  |TAMS 0x0000000081600000, 0x0000000081500000| Complete 
|  22|0x0000000081600000, 0x0000000081700000, 0x0000000081700000|100%|HS|  |TAMS 0x0000000081700000, 0x0000000081600000| Complete 
|  23|0x0000000081700000, 0x0000000081800000, 0x0000000081800000|100%|HC|  |TAMS 0x0000000081800000, 0x0000000081700000| Complete 
|  24|0x0000000081800000, 0x0000000081900000, 0x0000000081900000|100%|HC|  |TAMS 0x0000000081900000, 0x0000000081800000| Complete 
|  25|0x0000000081900000, 0x0000000081a00000, 0x0000000081a00000|100%|HS|  |TAMS 0x0000000081a00000, 0x0000000081900000| Complete 
|  26|0x0000000081a00000, 0x0000000081b00000, 0x0000000081b00000|100%|HC|  |TAMS 0x0000000081b00000, 0x0000000081a00000| Complete 
|  27|0x0000000081b00000, 0x0000000081c00000, 0x0000000081c00000|100%| O|  |TAMS 0x0000000081c00000, 0x0000000081b00000| Untracked 
|  28|0x0000000081c00000, 0x0000000081d00000, 0x0000000081d00000|100%|HS|  |TAMS 0x0000000081d00000, 0x0000000081c00000| Complete 
|  29|0x0000000081d00000, 0x0000000081e00000, 0x0000000081e00000|100%|HC|  |TAMS 0x0000000081e00000, 0x0000000081d00000| Complete 
|  30|0x0000000081e00000, 0x0000000081f00000, 0x0000000081f00000|100%|HC|  |TAMS 0x0000000081f00000, 0x0000000081e00000| Complete 
|  31|0x0000000081f00000, 0x0000000082000000, 0x0000000082000000|100%|HC|  |TAMS 0x0000000082000000, 0x0000000081f00000| Complete 
|  32|0x0000000082000000, 0x0000000082100000, 0x0000000082100000|100%|HC|  |TAMS 0x0000000082100000, 0x0000000082000000| Complete 
|  33|0x0000000082100000, 0x0000000082200000, 0x0000000082200000|100%|HC|  |TAMS 0x0000000082200000, 0x0000000082100000| Complete 
|  34|0x0000000082200000, 0x0000000082300000, 0x0000000082300000|100%|HC|  |TAMS 0x0000000082300000, 0x0000000082200000| Complete 
|  35|0x0000000082300000, 0x0000000082400000, 0x0000000082400000|100%|HC|  |TAMS 0x0000000082400000, 0x0000000082300000| Complete 
|  36|0x0000000082400000, 0x0000000082500000, 0x0000000082500000|100%|HC|  |TAMS 0x0000000082500000, 0x0000000082400000| Complete 
|  37|0x0000000082500000, 0x0000000082600000, 0x0000000082600000|100%|HC|  |TAMS 0x0000000082600000, 0x0000000082500000| Complete 
|  38|0x0000000082600000, 0x0000000082700000, 0x0000000082700000|100%| O|  |TAMS 0x0000000082700000, 0x0000000082600000| Untracked 
|  39|0x0000000082700000, 0x0000000082800000, 0x0000000082800000|100%| O|  |TAMS 0x0000000082800000, 0x0000000082700000| Untracked 
|  40|0x0000000082800000, 0x0000000082900000, 0x0000000082900000|100%| O|  |TAMS 0x0000000082900000, 0x0000000082800000| Untracked 
|  41|0x0000000082900000, 0x0000000082a00000, 0x0000000082a00000|100%| O|  |TAMS 0x0000000082a00000, 0x0000000082900000| Untracked 
|  42|0x0000000082a00000, 0x0000000082b00000, 0x0000000082b00000|100%|HS|  |TAMS 0x0000000082b00000, 0x0000000082a00000| Complete 
|  43|0x0000000082b00000, 0x0000000082c00000, 0x0000000082c00000|100%|HC|  |TAMS 0x0000000082c00000, 0x0000000082b00000| Complete 
|  44|0x0000000082c00000, 0x0000000082d00000, 0x0000000082d00000|100%|HS|  |TAMS 0x0000000082d00000, 0x0000000082c00000| Complete 
|  45|0x0000000082d00000, 0x0000000082e00000, 0x0000000082e00000|100%|HC|  |TAMS 0x0000000082e00000, 0x0000000082d00000| Complete 
|  46|0x0000000082e00000, 0x0000000082f00000, 0x0000000082f00000|100%|HC|  |TAMS 0x0000000082f00000, 0x0000000082e00000| Complete 
|  47|0x0000000082f00000, 0x0000000083000000, 0x0000000083000000|100%|HC|  |TAMS 0x0000000083000000, 0x0000000082f00000| Complete 
|  48|0x0000000083000000, 0x0000000083100000, 0x0000000083100000|100%|HC|  |TAMS 0x0000000083100000, 0x0000000083000000| Complete 
|  49|0x0000000083100000, 0x0000000083200000, 0x0000000083200000|100%| O|  |TAMS 0x0000000083200000, 0x0000000083100000| Untracked 
|  50|0x0000000083200000, 0x0000000083300000, 0x0000000083300000|100%| O|  |TAMS 0x0000000083300000, 0x0000000083200000| Untracked 
|  51|0x0000000083300000, 0x0000000083400000, 0x0000000083400000|100%| O|  |TAMS 0x0000000083400000, 0x0000000083300000| Untracked 
|  52|0x0000000083400000, 0x0000000083500000, 0x0000000083500000|100%| O|  |TAMS 0x0000000083500000, 0x0000000083400000| Untracked 
|  53|0x0000000083500000, 0x0000000083600000, 0x0000000083600000|100%| O|  |TAMS 0x0000000083600000, 0x0000000083500000| Untracked 
|  54|0x0000000083600000, 0x0000000083700000, 0x0000000083700000|100%| O|  |TAMS 0x0000000083700000, 0x0000000083600000| Untracked 
|  55|0x0000000083700000, 0x0000000083800000, 0x0000000083800000|100%| O|  |TAMS 0x0000000083800000, 0x0000000083700000| Untracked 
|  56|0x0000000083800000, 0x0000000083900000, 0x0000000083900000|100%| O|  |TAMS 0x0000000083900000, 0x0000000083800000| Untracked 
|  57|0x0000000083900000, 0x0000000083a00000, 0x0000000083a00000|100%|HS|  |TAMS 0x0000000083a00000, 0x0000000083900000| Complete 
|  58|0x0000000083a00000, 0x0000000083b00000, 0x0000000083b00000|100%|HC|  |TAMS 0x0000000083b00000, 0x0000000083a00000| Complete 
|  59|0x0000000083b00000, 0x0000000083c00000, 0x0000000083c00000|100%| O|  |TAMS 0x0000000083c00000, 0x0000000083b00000| Untracked 
|  60|0x0000000083c00000, 0x0000000083d00000, 0x0000000083d00000|100%| O|  |TAMS 0x0000000083d00000, 0x0000000083c00000| Untracked 
|  61|0x0000000083d00000, 0x0000000083e00000, 0x0000000083e00000|100%|HS|  |TAMS 0x0000000083e00000, 0x0000000083d00000| Complete 
|  62|0x0000000083e00000, 0x0000000083f00000, 0x0000000083f00000|100%|HC|  |TAMS 0x0000000083f00000, 0x0000000083e00000| Complete 
|  63|0x0000000083f00000, 0x0000000084000000, 0x0000000084000000|100%|HC|  |TAMS 0x0000000084000000, 0x0000000083f00000| Complete 
|  64|0x0000000084000000, 0x0000000084100000, 0x0000000084100000|100%| O|  |TAMS 0x0000000084100000, 0x0000000084000000| Untracked 
|  65|0x0000000084100000, 0x0000000084200000, 0x0000000084200000|100%|HS|  |TAMS 0x0000000084200000, 0x0000000084100000| Complete 
|  66|0x0000000084200000, 0x0000000084300000, 0x0000000084300000|100%|HC|  |TAMS 0x0000000084300000, 0x0000000084200000| Complete 
|  67|0x0000000084300000, 0x0000000084400000, 0x0000000084400000|100%|HC|  |TAMS 0x0000000084400000, 0x0000000084300000| Complete 
|  68|0x0000000084400000, 0x0000000084500000, 0x0000000084500000|100%|HS|  |TAMS 0x0000000084500000, 0x0000000084400000| Complete 
|  69|0x0000000084500000, 0x0000000084600000, 0x0000000084600000|100%|HC|  |TAMS 0x0000000084600000, 0x0000000084500000| Complete 
|  70|0x0000000084600000, 0x0000000084700000, 0x0000000084700000|100%|HC|  |TAMS 0x0000000084700000, 0x0000000084600000| Complete 
|  71|0x0000000084700000, 0x0000000084800000, 0x0000000084800000|100%|HC|  |TAMS 0x0000000084800000, 0x0000000084700000| Complete 
|  72|0x0000000084800000, 0x0000000084900000, 0x0000000084900000|100%|HC|  |TAMS 0x0000000084900000, 0x0000000084800000| Complete 
|  73|0x0000000084900000, 0x0000000084a00000, 0x0000000084a00000|100%|HC|  |TAMS 0x0000000084a00000, 0x0000000084900000| Complete 
|  74|0x0000000084a00000, 0x0000000084b00000, 0x0000000084b00000|100%|HC|  |TAMS 0x0000000084b00000, 0x0000000084a00000| Complete 
|  75|0x0000000084b00000, 0x0000000084c00000, 0x0000000084c00000|100%|HC|  |TAMS 0x0000000084c00000, 0x0000000084b00000| Complete 
|  76|0x0000000084c00000, 0x0000000084d00000, 0x0000000084d00000|100%|HC|  |TAMS 0x0000000084d00000, 0x0000000084c00000| Complete 
|  77|0x0000000084d00000, 0x0000000084e00000, 0x0000000084e00000|100%|HC|  |TAMS 0x0000000084e00000, 0x0000000084d00000| Complete 
|  78|0x0000000084e00000, 0x0000000084f00000, 0x0000000084f00000|100%|HS|  |TAMS 0x0000000084f00000, 0x0000000084e00000| Complete 
|  79|0x0000000084f00000, 0x0000000085000000, 0x0000000085000000|100%|HC|  |TAMS 0x0000000085000000, 0x0000000084f00000| Complete 
|  80|0x0000000085000000, 0x0000000085100000, 0x0000000085100000|100%| O|  |TAMS 0x0000000085100000, 0x0000000085000000| Untracked 
|  81|0x0000000085100000, 0x0000000085200000, 0x0000000085200000|100%| O|  |TAMS 0x0000000085200000, 0x0000000085100000| Untracked 
|  82|0x0000000085200000, 0x0000000085300000, 0x0000000085300000|100%| O|  |TAMS 0x0000000085300000, 0x0000000085200000| Untracked 
|  83|0x0000000085300000, 0x0000000085400000, 0x0000000085400000|100%| O|  |TAMS 0x0000000085400000, 0x0000000085300000| Untracked 
|  84|0x0000000085400000, 0x0000000085500000, 0x0000000085500000|100%|HS|  |TAMS 0x0000000085500000, 0x0000000085400000| Complete 
|  85|0x0000000085500000, 0x0000000085600000, 0x0000000085600000|100%|HC|  |TAMS 0x0000000085600000, 0x0000000085500000| Complete 
|  86|0x0000000085600000, 0x0000000085700000, 0x0000000085700000|100%|HC|  |TAMS 0x0000000085700000, 0x0000000085600000| Complete 
|  87|0x0000000085700000, 0x0000000085800000, 0x0000000085800000|100%|HC|  |TAMS 0x0000000085800000, 0x0000000085700000| Complete 
|  88|0x0000000085800000, 0x0000000085900000, 0x0000000085900000|100%|HC|  |TAMS 0x0000000085900000, 0x0000000085800000| Complete 
|  89|0x0000000085900000, 0x0000000085a00000, 0x0000000085a00000|100%| O|  |TAMS 0x0000000085a00000, 0x0000000085900000| Untracked 
|  90|0x0000000085a00000, 0x0000000085b00000, 0x0000000085b00000|100%| O|  |TAMS 0x0000000085b00000, 0x0000000085a00000| Untracked 
|  91|0x0000000085b00000, 0x0000000085c00000, 0x0000000085c00000|100%| O|  |TAMS 0x0000000085c00000, 0x0000000085b00000| Untracked 
|  92|0x0000000085c00000, 0x0000000085d00000, 0x0000000085d00000|100%| O|  |TAMS 0x0000000085d00000, 0x0000000085c00000| Untracked 
|  93|0x0000000085d00000, 0x0000000085e00000, 0x0000000085e00000|100%|HS|  |TAMS 0x0000000085e00000, 0x0000000085d00000| Complete 
|  94|0x0000000085e00000, 0x0000000085f00000, 0x0000000085f00000|100%|HS|  |TAMS 0x0000000085f00000, 0x0000000085e00000| Complete 
|  95|0x0000000085f00000, 0x0000000086000000, 0x0000000086000000|100%| O|  |TAMS 0x0000000085f2e400, 0x0000000085f00000| Untracked 
|  96|0x0000000086000000, 0x0000000086000000, 0x0000000086100000|  0%| F|  |TAMS 0x0000000086000000, 0x0000000086000000| Untracked 
|  97|0x0000000086100000, 0x0000000086200000, 0x0000000086200000|100%| O|  |TAMS 0x0000000086100000, 0x0000000086100000| Untracked 
|  98|0x0000000086200000, 0x0000000086300000, 0x0000000086300000|100%| O|  |TAMS 0x0000000086200000, 0x0000000086200000| Untracked 
|  99|0x0000000086300000, 0x00000000863f3600, 0x0000000086400000| 95%| O|  |TAMS 0x0000000086300000, 0x0000000086300000| Untracked 
| 100|0x0000000086400000, 0x0000000086400000, 0x0000000086500000|  0%| F|  |TAMS 0x0000000086400000, 0x0000000086400000| Untracked 
| 101|0x0000000086500000, 0x0000000086500000, 0x0000000086600000|  0%| F|  |TAMS 0x0000000086500000, 0x0000000086500000| Untracked 
| 102|0x0000000086600000, 0x0000000086600000, 0x0000000086700000|  0%| F|  |TAMS 0x0000000086600000, 0x0000000086600000| Untracked 
| 103|0x0000000086700000, 0x0000000086700000, 0x0000000086800000|  0%| F|  |TAMS 0x0000000086700000, 0x0000000086700000| Untracked 
| 104|0x0000000086800000, 0x0000000086800000, 0x0000000086900000|  0%| F|  |TAMS 0x0000000086800000, 0x0000000086800000| Untracked 
| 105|0x0000000086900000, 0x0000000086900000, 0x0000000086a00000|  0%| F|  |TAMS 0x0000000086900000, 0x0000000086900000| Untracked 
| 106|0x0000000086a00000, 0x0000000086a00000, 0x0000000086b00000|  0%| F|  |TAMS 0x0000000086a00000, 0x0000000086a00000| Untracked 
| 107|0x0000000086b00000, 0x0000000086b00000, 0x0000000086c00000|  0%| F|  |TAMS 0x0000000086b00000, 0x0000000086b00000| Untracked 
| 108|0x0000000086c00000, 0x0000000086c00000, 0x0000000086d00000|  0%| F|  |TAMS 0x0000000086c00000, 0x0000000086c00000| Untracked 
| 109|0x0000000086d00000, 0x0000000086d00000, 0x0000000086e00000|  0%| F|  |TAMS 0x0000000086d00000, 0x0000000086d00000| Untracked 
| 110|0x0000000086e00000, 0x0000000086e00000, 0x0000000086f00000|  0%| F|  |TAMS 0x0000000086e00000, 0x0000000086e00000| Untracked 
| 111|0x0000000086f00000, 0x0000000086f00000, 0x0000000087000000|  0%| F|  |TAMS 0x0000000086f00000, 0x0000000086f00000| Untracked 
| 112|0x0000000087000000, 0x0000000087000000, 0x0000000087100000|  0%| F|  |TAMS 0x0000000087000000, 0x0000000087000000| Untracked 
| 113|0x0000000087100000, 0x0000000087100000, 0x0000000087200000|  0%| F|  |TAMS 0x0000000087100000, 0x0000000087100000| Untracked 
| 114|0x0000000087200000, 0x0000000087200000, 0x0000000087300000|  0%| F|  |TAMS 0x0000000087200000, 0x0000000087200000| Untracked 
| 115|0x0000000087300000, 0x0000000087300000, 0x0000000087400000|  0%| F|  |TAMS 0x0000000087300000, 0x0000000087300000| Untracked 
| 116|0x0000000087400000, 0x0000000087400000, 0x0000000087500000|  0%| F|  |TAMS 0x0000000087400000, 0x0000000087400000| Untracked 
| 117|0x0000000087500000, 0x0000000087500000, 0x0000000087600000|  0%| F|  |TAMS 0x0000000087500000, 0x0000000087500000| Untracked 
| 118|0x0000000087600000, 0x0000000087600000, 0x0000000087700000|  0%| F|  |TAMS 0x0000000087600000, 0x0000000087600000| Untracked 
| 119|0x0000000087700000, 0x0000000087700000, 0x0000000087800000|  0%| F|  |TAMS 0x0000000087700000, 0x0000000087700000| Untracked 
| 120|0x0000000087800000, 0x0000000087800000, 0x0000000087900000|  0%| F|  |TAMS 0x0000000087800000, 0x0000000087800000| Untracked 
| 121|0x0000000087900000, 0x0000000087900000, 0x0000000087a00000|  0%| F|  |TAMS 0x0000000087900000, 0x0000000087900000| Untracked 
| 122|0x0000000087a00000, 0x0000000087a00000, 0x0000000087b00000|  0%| F|  |TAMS 0x0000000087a00000, 0x0000000087a00000| Untracked 
| 123|0x0000000087b00000, 0x0000000087b00000, 0x0000000087c00000|  0%| F|  |TAMS 0x0000000087b00000, 0x0000000087b00000| Untracked 
| 124|0x0000000087c00000, 0x0000000087c00000, 0x0000000087d00000|  0%| F|  |TAMS 0x0000000087c00000, 0x0000000087c00000| Untracked 
| 125|0x0000000087d00000, 0x0000000087d00000, 0x0000000087e00000|  0%| F|  |TAMS 0x0000000087d00000, 0x0000000087d00000| Untracked 
| 126|0x0000000087e00000, 0x0000000087e00000, 0x0000000087f00000|  0%| F|  |TAMS 0x0000000087e00000, 0x0000000087e00000| Untracked 
| 127|0x0000000087f00000, 0x0000000087f00000, 0x0000000088000000|  0%| F|  |TAMS 0x0000000087f00000, 0x0000000087f00000| Untracked 
| 128|0x0000000088000000, 0x0000000088000000, 0x0000000088100000|  0%| F|  |TAMS 0x0000000088000000, 0x0000000088000000| Untracked 
| 129|0x0000000088100000, 0x0000000088100000, 0x0000000088200000|  0%| F|  |TAMS 0x0000000088100000, 0x0000000088100000| Untracked 
| 130|0x0000000088200000, 0x0000000088200000, 0x0000000088300000|  0%| F|  |TAMS 0x0000000088200000, 0x0000000088200000| Untracked 
| 131|0x0000000088300000, 0x0000000088300000, 0x0000000088400000|  0%| F|  |TAMS 0x0000000088300000, 0x0000000088300000| Untracked 
| 132|0x0000000088400000, 0x0000000088400000, 0x0000000088500000|  0%| F|  |TAMS 0x0000000088400000, 0x0000000088400000| Untracked 
| 133|0x0000000088500000, 0x0000000088500000, 0x0000000088600000|  0%| F|  |TAMS 0x0000000088500000, 0x0000000088500000| Untracked 
| 134|0x0000000088600000, 0x0000000088600000, 0x0000000088700000|  0%| F|  |TAMS 0x0000000088600000, 0x0000000088600000| Untracked 
| 135|0x0000000088700000, 0x0000000088700000, 0x0000000088800000|  0%| F|  |TAMS 0x0000000088700000, 0x0000000088700000| Untracked 
| 136|0x0000000088800000, 0x0000000088800000, 0x0000000088900000|  0%| F|  |TAMS 0x0000000088800000, 0x0000000088800000| Untracked 
| 137|0x0000000088900000, 0x0000000088900000, 0x0000000088a00000|  0%| F|  |TAMS 0x0000000088900000, 0x0000000088900000| Untracked 
| 138|0x0000000088a00000, 0x0000000088a00000, 0x0000000088b00000|  0%| F|  |TAMS 0x0000000088a00000, 0x0000000088a00000| Untracked 
| 139|0x0000000088b00000, 0x0000000088b00000, 0x0000000088c00000|  0%| F|  |TAMS 0x0000000088b00000, 0x0000000088b00000| Untracked 
| 140|0x0000000088c00000, 0x0000000088c00000, 0x0000000088d00000|  0%| F|  |TAMS 0x0000000088c00000, 0x0000000088c00000| Untracked 
| 141|0x0000000088d00000, 0x0000000088d00000, 0x0000000088e00000|  0%| F|  |TAMS 0x0000000088d00000, 0x0000000088d00000| Untracked 
| 142|0x0000000088e00000, 0x0000000088e00000, 0x0000000088f00000|  0%| F|  |TAMS 0x0000000088e00000, 0x0000000088e00000| Untracked 
| 143|0x0000000088f00000, 0x0000000088f00000, 0x0000000089000000|  0%| F|  |TAMS 0x0000000088f00000, 0x0000000088f00000| Untracked 
| 144|0x0000000089000000, 0x0000000089000000, 0x0000000089100000|  0%| F|  |TAMS 0x0000000089000000, 0x0000000089000000| Untracked 
| 145|0x0000000089100000, 0x0000000089100000, 0x0000000089200000|  0%| F|  |TAMS 0x0000000089100000, 0x0000000089100000| Untracked 
| 146|0x0000000089200000, 0x0000000089200000, 0x0000000089300000|  0%| F|  |TAMS 0x0000000089200000, 0x0000000089200000| Untracked 
| 147|0x0000000089300000, 0x0000000089300000, 0x0000000089400000|  0%| F|  |TAMS 0x0000000089300000, 0x0000000089300000| Untracked 
| 148|0x0000000089400000, 0x0000000089400000, 0x0000000089500000|  0%| F|  |TAMS 0x0000000089400000, 0x0000000089400000| Untracked 
| 149|0x0000000089500000, 0x0000000089500000, 0x0000000089600000|  0%| F|  |TAMS 0x0000000089500000, 0x0000000089500000| Untracked 
| 150|0x0000000089600000, 0x0000000089600000, 0x0000000089700000|  0%| F|  |TAMS 0x0000000089600000, 0x0000000089600000| Untracked 
| 151|0x0000000089700000, 0x0000000089700000, 0x0000000089800000|  0%| F|  |TAMS 0x0000000089700000, 0x0000000089700000| Untracked 
| 152|0x0000000089800000, 0x0000000089800000, 0x0000000089900000|  0%| F|  |TAMS 0x0000000089800000, 0x0000000089800000| Untracked 
| 153|0x0000000089900000, 0x0000000089900000, 0x0000000089a00000|  0%| F|  |TAMS 0x0000000089900000, 0x0000000089900000| Untracked 
| 154|0x0000000089a00000, 0x0000000089a00000, 0x0000000089b00000|  0%| F|  |TAMS 0x0000000089a00000, 0x0000000089a00000| Untracked 
| 155|0x0000000089b00000, 0x0000000089b00000, 0x0000000089c00000|  0%| F|  |TAMS 0x0000000089b00000, 0x0000000089b00000| Untracked 
| 156|0x0000000089c00000, 0x0000000089c00000, 0x0000000089d00000|  0%| F|  |TAMS 0x0000000089c00000, 0x0000000089c00000| Untracked 
| 157|0x0000000089d00000, 0x0000000089d00000, 0x0000000089e00000|  0%| F|  |TAMS 0x0000000089d00000, 0x0000000089d00000| Untracked 
| 158|0x0000000089e00000, 0x0000000089e00000, 0x0000000089f00000|  0%| F|  |TAMS 0x0000000089e00000, 0x0000000089e00000| Untracked 
| 159|0x0000000089f00000, 0x0000000089f00000, 0x000000008a000000|  0%| F|  |TAMS 0x0000000089f00000, 0x0000000089f00000| Untracked 
| 160|0x000000008a000000, 0x000000008a0c6100, 0x000000008a100000| 77%| S|CS|TAMS 0x000000008a000000, 0x000000008a000000| Complete 
| 161|0x000000008a100000, 0x000000008a200000, 0x000000008a200000|100%| S|CS|TAMS 0x000000008a100000, 0x000000008a100000| Complete 
| 162|0x000000008a200000, 0x000000008a300000, 0x000000008a300000|100%| S|CS|TAMS 0x000000008a200000, 0x000000008a200000| Complete 
| 163|0x000000008a300000, 0x000000008a300000, 0x000000008a400000|  0%| F|  |TAMS 0x000000008a300000, 0x000000008a300000| Untracked 
| 164|0x000000008a400000, 0x000000008a400000, 0x000000008a500000|  0%| F|  |TAMS 0x000000008a400000, 0x000000008a400000| Untracked 
| 165|0x000000008a500000, 0x000000008a500000, 0x000000008a600000|  0%| F|  |TAMS 0x000000008a500000, 0x000000008a500000| Untracked 
| 166|0x000000008a600000, 0x000000008a600000, 0x000000008a700000|  0%| F|  |TAMS 0x000000008a600000, 0x000000008a600000| Untracked 
| 167|0x000000008a700000, 0x000000008a700000, 0x000000008a800000|  0%| F|  |TAMS 0x000000008a700000, 0x000000008a700000| Untracked 
| 168|0x000000008a800000, 0x000000008a800000, 0x000000008a900000|  0%| F|  |TAMS 0x000000008a800000, 0x000000008a800000| Untracked 
| 169|0x000000008a900000, 0x000000008a900000, 0x000000008aa00000|  0%| F|  |TAMS 0x000000008a900000, 0x000000008a900000| Untracked 
| 170|0x000000008aa00000, 0x000000008aa00000, 0x000000008ab00000|  0%| F|  |TAMS 0x000000008aa00000, 0x000000008aa00000| Untracked 
| 171|0x000000008ab00000, 0x000000008ab00000, 0x000000008ac00000|  0%| F|  |TAMS 0x000000008ab00000, 0x000000008ab00000| Untracked 
| 172|0x000000008ac00000, 0x000000008ac00000, 0x000000008ad00000|  0%| F|  |TAMS 0x000000008ac00000, 0x000000008ac00000| Untracked 
| 173|0x000000008ad00000, 0x000000008ad00000, 0x000000008ae00000|  0%| F|  |TAMS 0x000000008ad00000, 0x000000008ad00000| Untracked 
| 174|0x000000008ae00000, 0x000000008ae00000, 0x000000008af00000|  0%| F|  |TAMS 0x000000008ae00000, 0x000000008ae00000| Untracked 
| 175|0x000000008af00000, 0x000000008af00000, 0x000000008b000000|  0%| F|  |TAMS 0x000000008af00000, 0x000000008af00000| Untracked 
| 176|0x000000008b000000, 0x000000008b000000, 0x000000008b100000|  0%| F|  |TAMS 0x000000008b000000, 0x000000008b000000| Untracked 
| 177|0x000000008b100000, 0x000000008b100000, 0x000000008b200000|  0%| F|  |TAMS 0x000000008b100000, 0x000000008b100000| Untracked 
| 178|0x000000008b200000, 0x000000008b200000, 0x000000008b300000|  0%| F|  |TAMS 0x000000008b200000, 0x000000008b200000| Untracked 
| 179|0x000000008b300000, 0x000000008b300000, 0x000000008b400000|  0%| F|  |TAMS 0x000000008b300000, 0x000000008b300000| Untracked 
| 180|0x000000008b400000, 0x000000008b400000, 0x000000008b500000|  0%| F|  |TAMS 0x000000008b400000, 0x000000008b400000| Untracked 
| 181|0x000000008b500000, 0x000000008b500000, 0x000000008b600000|  0%| F|  |TAMS 0x000000008b500000, 0x000000008b500000| Untracked 
| 182|0x000000008b600000, 0x000000008b600000, 0x000000008b700000|  0%| F|  |TAMS 0x000000008b600000, 0x000000008b600000| Untracked 
| 183|0x000000008b700000, 0x000000008b700000, 0x000000008b800000|  0%| F|  |TAMS 0x000000008b700000, 0x000000008b700000| Untracked 
| 184|0x000000008b800000, 0x000000008b800000, 0x000000008b900000|  0%| F|  |TAMS 0x000000008b800000, 0x000000008b800000| Untracked 
| 185|0x000000008b900000, 0x000000008b900000, 0x000000008ba00000|  0%| F|  |TAMS 0x000000008b900000, 0x000000008b900000| Untracked 
| 186|0x000000008ba00000, 0x000000008ba00000, 0x000000008bb00000|  0%| F|  |TAMS 0x000000008ba00000, 0x000000008ba00000| Untracked 
| 187|0x000000008bb00000, 0x000000008bb00000, 0x000000008bc00000|  0%| F|  |TAMS 0x000000008bb00000, 0x000000008bb00000| Untracked 
| 188|0x000000008bc00000, 0x000000008bc00000, 0x000000008bd00000|  0%| F|  |TAMS 0x000000008bc00000, 0x000000008bc00000| Untracked 
| 189|0x000000008bd00000, 0x000000008bd00000, 0x000000008be00000|  0%| F|  |TAMS 0x000000008bd00000, 0x000000008bd00000| Untracked 
| 190|0x000000008be00000, 0x000000008be00000, 0x000000008bf00000|  0%| F|  |TAMS 0x000000008be00000, 0x000000008be00000| Untracked 
| 191|0x000000008bf00000, 0x000000008bf00000, 0x000000008c000000|  0%| F|  |TAMS 0x000000008bf00000, 0x000000008bf00000| Untracked 
| 192|0x000000008c000000, 0x000000008c000000, 0x000000008c100000|  0%| F|  |TAMS 0x000000008c000000, 0x000000008c000000| Untracked 
| 193|0x000000008c100000, 0x000000008c100000, 0x000000008c200000|  0%| F|  |TAMS 0x000000008c100000, 0x000000008c100000| Untracked 
| 194|0x000000008c200000, 0x000000008c200000, 0x000000008c300000|  0%| F|  |TAMS 0x000000008c200000, 0x000000008c200000| Untracked 
| 195|0x000000008c300000, 0x000000008c300000, 0x000000008c400000|  0%| F|  |TAMS 0x000000008c300000, 0x000000008c300000| Untracked 
| 196|0x000000008c400000, 0x000000008c400000, 0x000000008c500000|  0%| F|  |TAMS 0x000000008c400000, 0x000000008c400000| Untracked 
| 197|0x000000008c500000, 0x000000008c500000, 0x000000008c600000|  0%| F|  |TAMS 0x000000008c500000, 0x000000008c500000| Untracked 
| 198|0x000000008c600000, 0x000000008c680800, 0x000000008c700000| 50%| E|  |TAMS 0x000000008c600000, 0x000000008c600000| Complete 
| 199|0x000000008c700000, 0x000000008c800000, 0x000000008c800000|100%| E|CS|TAMS 0x000000008c700000, 0x000000008c700000| Complete 

Card table byte_map: [0x000001b9b94e0000,0x000001b9b98e0000] _byte_map_base: 0x000001b9b90e0000

Marking Bits (Prev, Next): (CMBitMap*) 0x000001b9a65f5a00, (CMBitMap*) 0x000001b9a65f59c8
 Prev Bits: [0x000001b9bbce0000, 0x000001b9bdce0000)
 Next Bits: [0x000001b9b9ce0000, 0x000001b9bbce0000)

Polling page: 0x000001b9a45c0000

Metaspace:

Usage:
  Non-class:     49.01 MB capacity,    48.03 MB ( 98%) used,   845.56 KB (  2%) free+waste,   159.12 KB ( <1%) overhead. 
      Class:      7.64 MB capacity,     7.02 MB ( 92%) used,   559.59 KB (  7%) free+waste,    76.38 KB ( <1%) overhead. 
       Both:     56.65 MB capacity,    55.05 MB ( 97%) used,     1.37 MB (  2%) free+waste,   235.50 KB ( <1%) overhead. 

Virtual space:
  Non-class space:       50.00 MB reserved,      49.17 MB ( 98%) committed 
      Class space:        1.00 GB reserved,       7.70 MB ( <1%) committed 
             Both:        1.05 GB reserved,      56.87 MB (  5%) committed 

Chunk freelists:
   Non-Class:  41.00 KB
       Class:  15.00 KB
        Both:  56.00 KB

MaxMetaspaceSize: 17179869184.00 GB
CompressedClassSpaceSize: 1.00 GB
Initial GC threshold: 20.80 MB
Current GC threshold: 88.54 MB
CDS: off

CodeHeap 'non-profiled nmethods': size=120064Kb used=3038Kb max_used=3038Kb free=117026Kb
 bounds [0x000001b9b1ba0000, 0x000001b9b1ea0000, 0x000001b9b90e0000]
CodeHeap 'profiled nmethods': size=120000Kb used=12508Kb max_used=12508Kb free=107491Kb
 bounds [0x000001b9aa670000, 0x000001b9ab2b0000, 0x000001b9b1ba0000]
CodeHeap 'non-nmethods': size=5696Kb used=2315Kb max_used=2336Kb free=3380Kb
 bounds [0x000001b9aa0e0000, 0x000001b9aa350000, 0x000001b9aa670000]
 total_blobs=6822 nmethods=5997 adapters=738
 compilation: enabled
              stopped_count=0, restarted_count=0
 full_count=0

Compilation events (20 events):
Event: 26.096 Thread 0x000001b9bfebe000 6012       3       java.lang.invoke.MethodHandle::bindArgumentL (10 bytes)
Event: 26.097 Thread 0x000001b9bfebe000 nmethod 6012 0x000001b9ab2a0790 code [0x000001b9ab2a09a0, 0x000001b9ab2a1008]
Event: 26.103 Thread 0x000001b9bfeba800 nmethod 5992 0x000001b9b1e92c90 code [0x000001b9b1e92f60, 0x000001b9b1e94ec0]
Event: 26.103 Thread 0x000001b9bfeba800 6006       4       java.util.stream.AbstractPipeline::evaluate (94 bytes)
Event: 26.109 Thread 0x000001b9bfeba800 nmethod 6006 0x000001b9b1e96010 code [0x000001b9b1e961c0, 0x000001b9b1e963b8]
Event: 26.121 Thread 0x000001b9bfebe000 6014       3       jdk.internal.org.objectweb.asm.ClassWriter::newConstItem (320 bytes)
Event: 26.124 Thread 0x000001b9bfebe000 nmethod 6014 0x000001b9ab2a1290 code [0x000001b9ab2a17e0, 0x000001b9ab2a46f8]
Event: 26.124 Thread 0x000001b9bfebe000 6015       3       sun.reflect.annotation.AnnotationParser::skipMemberValue (11 bytes)
Event: 26.124 Thread 0x000001b9bfebe000 nmethod 6015 0x000001b9ab2a5210 code [0x000001b9ab2a53e0, 0x000001b9ab2a55b8]
Event: 26.125 Thread 0x000001b9bfebe000 6016       3       java.lang.reflect.ProxyGenerator$PrimitiveTypeInfo::get (13 bytes)
Event: 26.125 Thread 0x000001b9bfebe000 nmethod 6016 0x000001b9ab2a5690 code [0x000001b9ab2a5860, 0x000001b9ab2a5b08]
Event: 26.137 Thread 0x000001b9bfeba800 6017   !   4       java.util.jar.JarFile$JarFileEntry::getCodeSigners (81 bytes)
Event: 26.162 Thread 0x000001b9bfeba800 nmethod 6017 0x000001b9b1e96890 code [0x000001b9b1e96a60, 0x000001b9b1e96ff8]
Event: 26.176 Thread 0x000001b9bfebe000 6018       3       com.google.common.collect.Sets::newHashSet (8 bytes)
Event: 26.177 Thread 0x000001b9bfebe000 nmethod 6018 0x000001b9ab2a5c10 code [0x000001b9ab2a5e00, 0x000001b9ab2a6298]
Event: 26.178 Thread 0x000001b9bfeba800 6019       4       org.objectweb.asm.Frame::pop (44 bytes)
Event: 26.178 Thread 0x000001b9bfeba800 nmethod 6019 0x000001b9b1e97510 code [0x000001b9b1e976a0, 0x000001b9b1e97738]
Event: 26.186 Thread 0x000001b9bfeba800 6020   !   4       java.util.zip.ZipFile$ZipFileInflaterInputStream::close (67 bytes)
Event: 26.223 Thread 0x000001b9bfebe000 6021   !   3       org.gradle.internal.instantiation.generator.DependencyInjectingInstantiator::doCreate (64 bytes)
Event: 26.223 Thread 0x000001b9bfebe000 nmethod 6021 0x000001b9ab2a6490 code [0x000001b9ab2a66a0, 0x000001b9ab2a6c88]

GC Heap History (20 events):
Event: 18.740 GC heap before
{Heap before GC invocations=36 (full 0):
 garbage-first heap   total 133120K, used 97780K [0x0000000080000000, 0x0000000100000000)
  region size 1024K, 16 young (16384K), 1 survivors (1024K)
 Metaspace       used 45063K, capacity 46426K, committed 46716K, reserved 1089536K
  class space    used 5766K, capacity 6245K, committed 6348K, reserved 1048576K
}
Event: 18.749 GC heap after
{Heap after GC invocations=37 (full 0):
 garbage-first heap   total 133120K, used 84004K [0x0000000080000000, 0x0000000100000000)
  region size 1024K, 2 young (2048K), 2 survivors (2048K)
 Metaspace       used 45063K, capacity 46426K, committed 46716K, reserved 1089536K
  class space    used 5766K, capacity 6245K, committed 6348K, reserved 1048576K
}
Event: 18.969 GC heap before
{Heap before GC invocations=37 (full 0):
 garbage-first heap   total 133120K, used 90148K [0x0000000080000000, 0x0000000100000000)
  region size 1024K, 10 young (10240K), 2 survivors (2048K)
 Metaspace       used 45590K, capacity 46971K, committed 47356K, reserved 1089536K
  class space    used 5824K, capacity 6341K, committed 6476K, reserved 1048576K
}
Event: 18.977 GC heap after
{Heap after GC invocations=38 (full 0):
 garbage-first heap   total 133120K, used 85032K [0x0000000080000000, 0x0000000100000000)
  region size 1024K, 3 young (3072K), 3 survivors (3072K)
 Metaspace       used 45590K, capacity 46971K, committed 47356K, reserved 1089536K
  class space    used 5824K, capacity 6341K, committed 6476K, reserved 1048576K
}
Event: 19.554 GC heap before
{Heap before GC invocations=39 (full 0):
 garbage-first heap   total 133120K, used 100392K [0x0000000080000000, 0x0000000100000000)
  region size 1024K, 17 young (17408K), 3 survivors (3072K)
 Metaspace       used 46727K, capacity 48013K, committed 48124K, reserved 1091584K
  class space    used 5879K, capacity 6388K, committed 6476K, reserved 1048576K
}
Event: 19.567 GC heap after
{Heap after GC invocations=40 (full 0):
 garbage-first heap   total 133120K, used 85737K [0x0000000080000000, 0x0000000100000000)
  region size 1024K, 2 young (2048K), 2 survivors (2048K)
 Metaspace       used 46727K, capacity 48013K, committed 48124K, reserved 1091584K
  class space    used 5879K, capacity 6388K, committed 6476K, reserved 1048576K
}
Event: 20.009 GC heap before
{Heap before GC invocations=40 (full 0):
 garbage-first heap   total 133120K, used 101097K [0x0000000080000000, 0x0000000100000000)
  region size 1024K, 17 young (17408K), 2 survivors (2048K)
 Metaspace       used 47458K, capacity 48841K, committed 49020K, reserved 1091584K
  class space    used 6004K, capacity 6510K, committed 6604K, reserved 1048576K
}
Event: 20.021 GC heap after
{Heap after GC invocations=41 (full 0):
 garbage-first heap   total 159744K, used 86728K [0x0000000080000000, 0x0000000100000000)
  region size 1024K, 3 young (3072K), 3 survivors (3072K)
 Metaspace       used 47458K, capacity 48841K, committed 49020K, reserved 1091584K
  class space    used 6004K, capacity 6510K, committed 6604K, reserved 1048576K
}
Event: 20.594 GC heap before
{Heap before GC invocations=42 (full 0):
 garbage-first heap   total 159744K, used 97992K [0x0000000080000000, 0x0000000100000000)
  region size 1024K, 15 young (15360K), 3 survivors (3072K)
 Metaspace       used 48352K, capacity 49760K, committed 49916K, reserved 1093632K
  class space    used 6153K, capacity 6689K, committed 6732K, reserved 1048576K
}
Event: 20.611 GC heap after
{Heap after GC invocations=43 (full 0):
 garbage-first heap   total 159744K, used 87338K [0x0000000080000000, 0x0000000100000000)
  region size 1024K, 2 young (2048K), 2 survivors (2048K)
 Metaspace       used 48352K, capacity 49760K, committed 49916K, reserved 1093632K
  class space    used 6153K, capacity 6689K, committed 6732K, reserved 1048576K
}
Event: 21.745 GC heap before
{Heap before GC invocations=44 (full 0):
 garbage-first heap   total 159744K, used 120106K [0x0000000080000000, 0x0000000100000000)
  region size 1024K, 29 young (29696K), 2 survivors (2048K)
 Metaspace       used 50244K, capacity 51752K, committed 51836K, reserved 1093632K
  class space    used 6480K, capacity 7056K, committed 7116K, reserved 1048576K
}
Event: 21.763 GC heap after
{Heap after GC invocations=45 (full 0):
 garbage-first heap   total 159744K, used 94580K [0x0000000080000000, 0x0000000100000000)
  region size 1024K, 4 young (4096K), 4 survivors (4096K)
 Metaspace       used 50244K, capacity 51752K, committed 51836K, reserved 1093632K
  class space    used 6480K, capacity 7056K, committed 7116K, reserved 1048576K
}
Event: 23.170 GC heap before
{Heap before GC invocations=45 (full 0):
 garbage-first heap   total 159744K, used 121204K [0x0000000080000000, 0x0000000100000000)
  region size 1024K, 30 young (30720K), 4 survivors (4096K)
 Metaspace       used 51873K, capacity 53368K, committed 53500K, reserved 1095680K
  class space    used 6640K, capacity 7225K, committed 7244K, reserved 1048576K
}
Event: 23.189 GC heap after
{Heap after GC invocations=46 (full 0):
 garbage-first heap   total 159744K, used 95521K [0x0000000080000000, 0x0000000100000000)
  region size 1024K, 3 young (3072K), 3 survivors (3072K)
 Metaspace       used 51873K, capacity 53368K, committed 53500K, reserved 1095680K
  class space    used 6640K, capacity 7225K, committed 7244K, reserved 1048576K
}
Event: 23.943 GC heap before
{Heap before GC invocations=47 (full 0):
 garbage-first heap   total 159744K, used 104737K [0x0000000080000000, 0x0000000100000000)
  region size 1024K, 14 young (14336K), 3 survivors (3072K)
 Metaspace       used 52136K, capacity 53670K, committed 53756K, reserved 1095680K
  class space    used 6650K, capacity 7232K, committed 7244K, reserved 1048576K
}
Event: 23.963 GC heap after
{Heap after GC invocations=48 (full 0):
 garbage-first heap   total 204800K, used 96105K [0x0000000080000000, 0x0000000100000000)
  region size 1024K, 2 young (2048K), 2 survivors (2048K)
 Metaspace       used 52136K, capacity 53670K, committed 53756K, reserved 1095680K
  class space    used 6650K, capacity 7232K, committed 7244K, reserved 1048576K
}
Event: 24.269 GC heap before
{Heap before GC invocations=49 (full 0):
 garbage-first heap   total 204800K, used 99177K [0x0000000080000000, 0x0000000100000000)
  region size 1024K, 5 young (5120K), 2 survivors (2048K)
 Metaspace       used 52239K, capacity 53820K, committed 54140K, reserved 1095680K
  class space    used 6665K, capacity 7306K, committed 7372K, reserved 1048576K
}
Event: 24.280 GC heap after
{Heap after GC invocations=50 (full 0):
 garbage-first heap   total 204800K, used 98427K [0x0000000080000000, 0x0000000100000000)
  region size 1024K, 3 young (3072K), 3 survivors (3072K)
 Metaspace       used 52239K, capacity 53820K, committed 54140K, reserved 1095680K
  class space    used 6665K, capacity 7306K, committed 7372K, reserved 1048576K
}
Event: 24.552 GC heap before
{Heap before GC invocations=51 (full 0):
 garbage-first heap   total 204800K, used 105595K [0x0000000080000000, 0x0000000100000000)
  region size 1024K, 10 young (10240K), 3 survivors (3072K)
 Metaspace       used 52534K, capacity 54108K, committed 54396K, reserved 1095680K
  class space    used 6715K, capacity 7338K, committed 7372K, reserved 1048576K
}
Event: 24.565 GC heap after
{Heap after GC invocations=52 (full 0):
 garbage-first heap   total 204800K, used 102211K [0x0000000080000000, 0x0000000100000000)
  region size 1024K, 5 young (5120K), 5 survivors (5120K)
 Metaspace       used 52534K, capacity 54108K, committed 54396K, reserved 1095680K
  class space    used 6715K, capacity 7338K, committed 7372K, reserved 1048576K
}

Deoptimization events (20 events):
Event: 25.647 Thread 0x000001b9c22ad800 Uncommon trap: trap_request=0xffffff4d fr.pc=0x000001b9b1c98254 relative=0x0000000000001294
Event: 25.647 Thread 0x000001b9c22ad800 Uncommon trap: reason=unstable_if action=reinterpret pc=0x000001b9b1c98254 method=java.util.concurrent.ConcurrentHashMap.putVal(Ljava/lang/Object;Ljava/lang/Object;Z)Ljava/lang/Object; @ 245 c2
Event: 25.647 Thread 0x000001b9c22ad800 DEOPT PACKING pc=0x000001b9b1c98254 sp=0x000000610f8f3e80
Event: 25.647 Thread 0x000001b9c22ad800 DEOPT UNPACKING pc=0x000001b9aa12a1a9 sp=0x000000610f8f3e08 mode 2
Event: 25.651 Thread 0x000001b9c22ad800 Uncommon trap: trap_request=0xffffff4d fr.pc=0x000001b9b1c7aaa0 relative=0x0000000000000080
Event: 25.651 Thread 0x000001b9c22ad800 Uncommon trap: reason=unstable_if action=reinterpret pc=0x000001b9b1c7aaa0 method=java.lang.CharacterDataLatin1.isWhitespace(I)Z @ 14 c2
Event: 25.651 Thread 0x000001b9c22ad800 DEOPT PACKING pc=0x000001b9b1c7aaa0 sp=0x000000610f8f4870
Event: 25.651 Thread 0x000001b9c22ad800 DEOPT UNPACKING pc=0x000001b9aa12a1a9 sp=0x000000610f8f47e0 mode 2
Event: 25.656 Thread 0x000001b9c22ad800 Uncommon trap: trap_request=0xffffff4d fr.pc=0x000001b9b1d666a4 relative=0x00000000000003e4
Event: 25.656 Thread 0x000001b9c22ad800 Uncommon trap: reason=unstable_if action=reinterpret pc=0x000001b9b1d666a4 method=java.lang.String.substring(I)Ljava/lang/String; @ 43 c2
Event: 25.656 Thread 0x000001b9c22ad800 DEOPT PACKING pc=0x000001b9b1d666a4 sp=0x000000610f8f48e0
Event: 25.656 Thread 0x000001b9c22ad800 DEOPT UNPACKING pc=0x000001b9aa12a1a9 sp=0x000000610f8f48b8 mode 2
Event: 25.656 Thread 0x000001b9c22ad800 Uncommon trap: trap_request=0xffffff4d fr.pc=0x000001b9b1bd4004 relative=0x0000000000000444
Event: 25.656 Thread 0x000001b9c22ad800 Uncommon trap: reason=unstable_if action=reinterpret pc=0x000001b9b1bd4004 method=java.lang.AbstractStringBuilder.putStringAt(ILjava/lang/String;)V @ 8 c2
Event: 25.656 Thread 0x000001b9c22ad800 DEOPT PACKING pc=0x000001b9b1bd4004 sp=0x000000610f8f4690
Event: 25.656 Thread 0x000001b9c22ad800 DEOPT UNPACKING pc=0x000001b9aa12a1a9 sp=0x000000610f8f45f0 mode 2
Event: 25.875 Thread 0x000001b9c22ad800 Uncommon trap: trap_request=0xffffffc6 fr.pc=0x000001b9b1cd6af4 relative=0x00000000000007f4
Event: 25.876 Thread 0x000001b9c22ad800 Uncommon trap: reason=bimorphic_or_optimized_type_check action=maybe_recompile pc=0x000001b9b1cd6af4 method=java.io.BufferedInputStream.read([BII)I @ 101 c2
Event: 25.876 Thread 0x000001b9c22ad800 DEOPT PACKING pc=0x000001b9b1cd6af4 sp=0x000000610f8f6560
Event: 25.876 Thread 0x000001b9c22ad800 DEOPT UNPACKING pc=0x000001b9aa12a1a9 sp=0x000000610f8f6518 mode 2

Classes redefined (0 events):
No events

Internal exceptions (20 events):
Event: 24.357 Thread 0x000001b9c22ad800 Exception <a 'java/security/PrivilegedActionException'{0x000000008c65dc48}> (0x000000008c65dc48) thrown at [src/hotspot/share/prims/jvm.cpp, line 1306]
Event: 24.357 Thread 0x000001b9c22ad800 Exception <a 'java/security/PrivilegedActionException'{0x000000008c65f1b0}> (0x000000008c65f1b0) thrown at [src/hotspot/share/prims/jvm.cpp, line 1306]
Event: 24.357 Thread 0x000001b9c22ad800 Exception <a 'java/security/PrivilegedActionException'{0x000000008c662848}> (0x000000008c662848) thrown at [src/hotspot/share/prims/jvm.cpp, line 1306]
Event: 24.357 Thread 0x000001b9c22ad800 Exception <a 'java/security/PrivilegedActionException'{0x000000008c663db0}> (0x000000008c663db0) thrown at [src/hotspot/share/prims/jvm.cpp, line 1306]
Event: 24.357 Thread 0x000001b9c22ad800 Exception <a 'java/security/PrivilegedActionException'{0x000000008c667570}> (0x000000008c667570) thrown at [src/hotspot/share/prims/jvm.cpp, line 1306]
Event: 24.357 Thread 0x000001b9c22ad800 Exception <a 'java/security/PrivilegedActionException'{0x000000008c668ad8}> (0x000000008c668ad8) thrown at [src/hotspot/share/prims/jvm.cpp, line 1306]
Event: 24.358 Thread 0x000001b9c22ad800 Exception <a 'java/security/PrivilegedActionException'{0x000000008c66c198}> (0x000000008c66c198) thrown at [src/hotspot/share/prims/jvm.cpp, line 1306]
Event: 24.358 Thread 0x000001b9c22ad800 Exception <a 'java/security/PrivilegedActionException'{0x000000008c66d700}> (0x000000008c66d700) thrown at [src/hotspot/share/prims/jvm.cpp, line 1306]
Event: 24.358 Thread 0x000001b9c22ad800 Exception <a 'java/security/PrivilegedActionException'{0x000000008c670e18}> (0x000000008c670e18) thrown at [src/hotspot/share/prims/jvm.cpp, line 1306]
Event: 24.358 Thread 0x000001b9c22ad800 Exception <a 'java/security/PrivilegedActionException'{0x000000008c672380}> (0x000000008c672380) thrown at [src/hotspot/share/prims/jvm.cpp, line 1306]
Event: 24.358 Thread 0x000001b9c22ad800 Exception <a 'java/security/PrivilegedActionException'{0x000000008c675b40}> (0x000000008c675b40) thrown at [src/hotspot/share/prims/jvm.cpp, line 1306]
Event: 24.358 Thread 0x000001b9c22ad800 Exception <a 'java/security/PrivilegedActionException'{0x000000008c6770a8}> (0x000000008c6770a8) thrown at [src/hotspot/share/prims/jvm.cpp, line 1306]
Event: 25.211 Thread 0x000001b9c22ad800 Exception <a 'java/lang/NoSuchMethodError'{0x000000008b8e47f8}: 'java.lang.Object java.lang.invoke.DirectMethodHandle$Holder.invokeStatic(java.lang.Object, java.lang.Object, java.lang.Object, java.lang.Object, int)'> (0x000000008b8e47f8) thrown at [src/hotspot/share/interpreter/linkResolver.cpp, line 773]
Event: 25.213 Thread 0x000001b9c22ad800 Exception <a 'java/lang/NoSuchMethodError'{0x000000008b8e9498}: 'java.lang.Object java.lang.invoke.DirectMethodHandle$Holder.invokeSpecial(java.lang.Object, java.lang.Object, java.lang.Object, java.lang.Object, java.lang.Object, int)'> (0x000000008b8e9498) thrown at [src/hotspot/share/interpreter/linkResolver.cpp, line 773]
Event: 25.216 Thread 0x000001b9c22ad800 Exception <a 'java/lang/NoSuchMethodError'{0x000000008b8edd80}: 'java.lang.Object java.lang.invoke.Invokers$Holder.linkToTargetMethod(java.lang.Object, java.lang.Object, java.lang.Object, int, java.lang.Object)'> (0x000000008b8edd80) thrown at [src/hotspot/share/interpreter/linkResolver.cpp, line 773]
Event: 25.375 Thread 0x000001b9c22ad800 Exception <a 'java/lang/NoSuchMethodError'{0x000000008b7d28d8}: 'java.lang.Object java.lang.invoke.Invokers$Holder.linkToTargetMethod(java.lang.Object, int, int, java.lang.Object)'> (0x000000008b7d28d8) thrown at [src/hotspot/share/interpreter/linkResolver.cpp, line 773]
Event: 25.378 Thread 0x000001b9c22ad800 Exception <a 'java/lang/NoSuchMethodError'{0x000000008b7ea4f0}: 'java.lang.Object java.lang.invoke.DirectMethodHandle$Holder.invokeStatic(java.lang.Object, java.lang.Object, int, int, java.lang.Object, java.lang.Object)'> (0x000000008b7ea4f0) thrown at [src/hotspot/share/interpreter/linkResolver.cpp, line 773]
Event: 25.990 Thread 0x000001b9c22ad800 Exception <a 'java/lang/NoSuchMethodError'{0x000000008a787460}: 'java.lang.Object java.lang.invoke.DirectMethodHandle$Holder.invokeStatic(java.lang.Object, java.lang.Object, java.lang.Object, java.lang.Object, java.lang.Object, java.lang.Object, java.lang.Object, java.lang.Object, java.lang.Object, java.lang.Object, java.lang.Object, java.lang.Object, java.lang.Object, int)'> (0x000000008a787460) thrown at [src/hotspot/share/interpreter/linkResolver.cpp, line 773]
Event: 25.995 Thread 0x000001b9c22ad800 Exception <a 'java/lang/NoSuchMethodError'{0x000000008a794e48}: 'java.lang.Object java.lang.invoke.DirectMethodHandle$Holder.invokeStatic(java.lang.Object, java.lang.Object, java.lang.Object, java.lang.Object, java.lang.Object, java.lang.Object, java.lang.Object, java.lang.Object, java.lang.Object, java.lang.Object, java.lang.Object, java.lang.Object, java.lang.Object, int, int)'> (0x000000008a794e48) thrown at [src/hotspot/share/interpreter/linkResolver.cpp, line 773]
Event: 26.121 Thread 0x000001b9c22ad800 Exception <a 'java/lang/NoSuchMethodError'{0x000000008a5f0cb0}: 'int java.lang.invoke.DirectMethodHandle$Holder.invokeInterface(java.lang.Object, java.lang.Object, java.lang.Object, java.lang.Object)'> (0x000000008a5f0cb0) thrown at [src/hotspot/share/interpreter/linkResolver.cpp, line 773]

Events (20 events):
Event: 26.223 loading class org/gradle/api/artifacts/ArtifactView$ViewConfiguration
Event: 26.223 loading class org/gradle/api/artifacts/ArtifactView$ViewConfiguration done
Event: 26.224 loading class com/android/build/gradle/internal/res/Aapt2FromMaven$Companion$create$aapt2Directory$1$1
Event: 26.224 loading class com/android/build/gradle/internal/res/Aapt2FromMaven$Companion$create$aapt2Directory$1$1 done
Event: 26.225 loading class org/gradle/api/artifacts/ArtifactView
Event: 26.225 loading class org/gradle/api/artifacts/ArtifactView done
Event: 26.226 loading class org/gradle/api/internal/artifacts/configurations/ResolutionHost
Event: 26.226 loading class org/gradle/api/internal/artifacts/configurations/ResolutionHost done
Event: 26.226 loading class org/gradle/api/internal/artifacts/configurations/DefaultConfiguration$ArtifactSetResult
Event: 26.226 loading class org/gradle/api/internal/artifacts/configurations/DefaultConfiguration$ArtifactSetResult done
Event: 26.226 loading class org/gradle/api/internal/artifacts/configurations/DefaultConfiguration$ConfigurationArtifactCollection
Event: 26.226 loading class org/gradle/api/internal/artifacts/configurations/DefaultConfiguration$ConfigurationArtifactCollection done
Event: 26.227 loading class org/gradle/internal/model/CalculatedValueContainerFactory$SupplierBackedCalculator
Event: 26.227 loading class org/gradle/internal/model/CalculatedValueContainerFactory$SupplierBackedCalculator done
Event: 26.227 loading class org/gradle/api/artifacts/ArtifactCollection
Event: 26.227 loading class org/gradle/api/artifacts/ArtifactCollection done
Event: 26.228 loading class org/gradle/StartParameter
Event: 26.228 loading class org/gradle/StartParameter done
Event: 26.228 loading class com/android/build/gradle/internal/scope/ProjectInfo
Event: 26.228 loading class com/android/build/gradle/internal/scope/ProjectInfo done


Dynamic libraries:
0x00007ff7c9d60000 - 0x00007ff7c9d6a000 	D:\Android Studio\android\jbr\bin\java.exe
0x00007ffdd1b30000 - 0x00007ffdd1d28000 	C:\windows\SYSTEM32\ntdll.dll
0x00007ffdd05d0000 - 0x00007ffdd068f000 	C:\windows\System32\KERNEL32.DLL
0x00007ffdcf340000 - 0x00007ffdcf612000 	C:\windows\System32\KERNELBASE.dll
0x00007ffdcf6b0000 - 0x00007ffdcf7b0000 	C:\windows\System32\ucrtbase.dll
0x00007ffda8540000 - 0x00007ffda8557000 	D:\Android Studio\android\jbr\bin\jli.dll
0x00007ffda82f0000 - 0x00007ffda830b000 	D:\Android Studio\android\jbr\bin\VCRUNTIME140.dll
0x00007ffdd16e0000 - 0x00007ffdd1881000 	C:\windows\System32\USER32.dll
0x00007ffdcf8c0000 - 0x00007ffdcf8e2000 	C:\windows\System32\win32u.dll
0x00007ffdd02b0000 - 0x00007ffdd02db000 	C:\windows\System32\GDI32.dll
0x00007ffdcf7b0000 - 0x00007ffdcf8bf000 	C:\windows\System32\gdi32full.dll
0x00007ffdcfa50000 - 0x00007ffdcfaed000 	C:\windows\System32\msvcp_win.dll
0x00007ffdb7eb0000 - 0x00007ffdb814a000 	C:\windows\WinSxS\amd64_microsoft.windows.common-controls_6595b64144ccf1df_6.0.19041.1110_none_60b5254171f9507e\COMCTL32.dll
0x00007ffdd0690000 - 0x00007ffdd072e000 	C:\windows\System32\msvcrt.dll
0x00007ffdd0730000 - 0x00007ffdd0762000 	C:\windows\System32\IMM32.DLL
0x00007ffd9c9b0000 - 0x00007ffd9c9bc000 	D:\Android Studio\android\jbr\bin\vcruntime140_1.dll
0x00007ffd967e0000 - 0x00007ffd9686d000 	D:\Android Studio\android\jbr\bin\msvcp140.dll
0x00007ffd94190000 - 0x00007ffd94d4c000 	D:\Android Studio\android\jbr\bin\server\jvm.dll
0x00007ffdcfb70000 - 0x00007ffdcfc1e000 	C:\windows\System32\ADVAPI32.dll
0x00007ffdd0210000 - 0x00007ffdd02ac000 	C:\windows\System32\sechost.dll
0x00007ffdd19c0000 - 0x00007ffdd1ae5000 	C:\windows\System32\RPCRT4.dll
0x00007ffdd16d0000 - 0x00007ffdd16d8000 	C:\windows\System32\PSAPI.DLL
0x00007ffdad210000 - 0x00007ffdad237000 	C:\windows\SYSTEM32\WINMM.dll
0x00007ffdc7a60000 - 0x00007ffdc7a6a000 	C:\windows\SYSTEM32\VERSION.dll
0x00007ffdbf700000 - 0x00007ffdbf709000 	C:\windows\SYSTEM32\WSOCK32.dll
0x00007ffdd1890000 - 0x00007ffdd18fb000 	C:\windows\System32\WS2_32.dll
0x00007ffdcda80000 - 0x00007ffdcda92000 	C:\windows\SYSTEM32\kernel.appcore.dll
0x00007ffda6a70000 - 0x00007ffda6a80000 	D:\Android Studio\android\jbr\bin\verify.dll
0x00007ffdcd750000 - 0x00007ffdcd934000 	C:\windows\SYSTEM32\DBGHELP.DLL
0x00007ffdb9cb0000 - 0x00007ffdb9ce5000 	C:\windows\SYSTEM32\dbgcore.DLL
0x00007ffdcf620000 - 0x00007ffdcf6a2000 	C:\windows\System32\bcryptPrimitives.dll
0x00007ffd9a3f0000 - 0x00007ffd9a418000 	D:\Android Studio\android\jbr\bin\java.dll
0x00007ffda6a30000 - 0x00007ffda6a3a000 	D:\Android Studio\android\jbr\bin\jimage.dll
0x00007ffd99980000 - 0x00007ffd99998000 	D:\Android Studio\android\jbr\bin\zip.dll
0x00007ffdd0f80000 - 0x00007ffdd16c4000 	C:\windows\System32\SHELL32.dll
0x00007ffdccee0000 - 0x00007ffdcd672000 	C:\windows\SYSTEM32\windows.storage.dll
0x00007ffdcfc20000 - 0x00007ffdcff75000 	C:\windows\System32\combase.dll
0x00007ffdceba0000 - 0x00007ffdcebd0000 	C:\windows\SYSTEM32\Wldp.dll
0x00007ffdd0a00000 - 0x00007ffdd0aad000 	C:\windows\System32\SHCORE.dll
0x00007ffdd1960000 - 0x00007ffdd19b5000 	C:\windows\System32\shlwapi.dll
0x00007ffdcf160000 - 0x00007ffdcf17f000 	C:\windows\SYSTEM32\profapi.dll
0x00007ffd98fc0000 - 0x00007ffd98fd9000 	D:\Android Studio\android\jbr\bin\net.dll
0x00007ffdbfb90000 - 0x00007ffdbfc9c000 	C:\windows\SYSTEM32\WINHTTP.dll
0x00007ffdce8c0000 - 0x00007ffdce92a000 	C:\windows\system32\mswsock.dll
0x00007ffd978a0000 - 0x00007ffd978b3000 	D:\Android Studio\android\jbr\bin\nio.dll
0x00007ffd94d70000 - 0x00007ffd94d97000 	C:\SD Card\.gradle\native\e1d6ef7f7dcc3fd88c89a11ec53ec762bb8ba0a96d01ffa2cd45eb1d1d8dd5c5\windows-amd64\native-platform.dll
0x00007ffd96690000 - 0x00007ffd967d4000 	C:\SD Card\.gradle\native\0d407fdbe67a94daf76414ababcb853783967236a71b16ec16e742cd7a986fd3\windows-amd64\native-platform-file-events.dll
0x00007ffda69c0000 - 0x00007ffda69ca000 	D:\Android Studio\android\jbr\bin\management.dll
0x00007ffda6900000 - 0x00007ffda690b000 	D:\Android Studio\android\jbr\bin\management_ext.dll
0x00007ffdceae0000 - 0x00007ffdceaf8000 	C:\windows\SYSTEM32\CRYPTSP.dll
0x00007ffdce1e0000 - 0x00007ffdce214000 	C:\windows\system32\rsaenh.dll
0x00007ffdcfaf0000 - 0x00007ffdcfb17000 	C:\windows\System32\bcrypt.dll
0x00007ffdcf0e0000 - 0x00007ffdcf10e000 	C:\windows\SYSTEM32\USERENV.dll
0x00007ffdcead0000 - 0x00007ffdceadc000 	C:\windows\SYSTEM32\CRYPTBASE.dll
0x00007ffdce5c0000 - 0x00007ffdce5fb000 	C:\windows\SYSTEM32\IPHLPAPI.DLL
0x00007ffdd0770000 - 0x00007ffdd0778000 	C:\windows\System32\NSI.dll
0x00007ffdbfa90000 - 0x00007ffdbfaa7000 	C:\windows\SYSTEM32\dhcpcsvc6.DLL
0x00007ffdbf7f0000 - 0x00007ffdbf80d000 	C:\windows\SYSTEM32\dhcpcsvc.DLL
0x00007ffdce600000 - 0x00007ffdce6ca000 	C:\windows\SYSTEM32\DNSAPI.dll

dbghelp: loaded successfully - version: 4.0.5 - missing functions: none
symbol engine: initialized successfully - sym options: 0x614 - pdb path: .;D:\Android Studio\android\jbr\bin;C:\windows\SYSTEM32;C:\windows\WinSxS\amd64_microsoft.windows.common-controls_6595b64144ccf1df_6.0.19041.1110_none_60b5254171f9507e;D:\Android Studio\android\jbr\bin\server;C:\SD Card\.gradle\native\e1d6ef7f7dcc3fd88c89a11ec53ec762bb8ba0a96d01ffa2cd45eb1d1d8dd5c5\windows-amd64;C:\SD Card\.gradle\native\0d407fdbe67a94daf76414ababcb853783967236a71b16ec16e742cd7a986fd3\windows-amd64

VM Arguments:
jvm_args: --add-opens=java.base/java.util=ALL-UNNAMED --add-opens=java.base/java.lang=ALL-UNNAMED --add-opens=java.base/java.lang.invoke=ALL-UNNAMED --add-opens=java.base/java.util=ALL-UNNAMED --add-opens=java.prefs/java.util.prefs=ALL-UNNAMED --add-opens=java.prefs/java.util.prefs=ALL-UNNAMED --add-opens=java.base/java.nio.charset=ALL-UNNAMED --add-opens=java.base/java.net=ALL-UNNAMED --add-opens=java.base/java.util.concurrent.atomic=ALL-UNNAMED -Xmx2048m -Dfile.encoding=UTF-8 -Duser.country=US -Duser.language=en -Duser.variant 
java_command: org.gradle.launcher.daemon.bootstrap.GradleDaemon 7.5
java_class_path (initial): C:\SD Card\.gradle\wrapper\dists\gradle-7.5-bin\f1w0cc9nuo0eivz97x2xlu9sv\gradle-7.5\lib\gradle-launcher-7.5.jar
Launcher Type: SUN_STANDARD

[Global flags]
     intx CICompilerCount                          = 2                                         {product} {ergonomic}
     uint ConcGCThreads                            = 1                                         {product} {ergonomic}
     uint G1ConcRefinementThreads                  = 2                                         {product} {ergonomic}
   size_t G1HeapRegionSize                         = 1048576                                   {product} {ergonomic}
    uintx GCDrainStackTargetSize                   = 64                                        {product} {ergonomic}
   size_t InitialHeapSize                          = 65011712                                  {product} {ergonomic}
   size_t MarkStackSize                            = 4194304                                   {product} {ergonomic}
   size_t MaxHeapSize                              = 2147483648                                {product} {command line}
   size_t MaxNewSize                               = 1287651328                                {product} {ergonomic}
   size_t MinHeapDeltaBytes                        = 1048576                                   {product} {ergonomic}
    uintx NonNMethodCodeHeapSize                   = 5825164                                {pd product} {ergonomic}
    uintx NonProfiledCodeHeapSize                  = 122916538                              {pd product} {ergonomic}
    uintx ProfiledCodeHeapSize                     = 122916538                              {pd product} {ergonomic}
    uintx ReservedCodeCacheSize                    = 251658240                              {pd product} {ergonomic}
     bool SegmentedCodeCache                       = true                                      {product} {ergonomic}
     bool UseCompressedClassPointers               = true                                 {lp64_product} {ergonomic}
     bool UseCompressedOops                        = true                                 {lp64_product} {ergonomic}
     bool UseG1GC                                  = true                                      {product} {ergonomic}
     bool UseLargePagesIndividualAllocation        = false                                  {pd product} {ergonomic}

Logging:
Log output configuration:
 #0: stdout all=warning uptime,level,tags
 #1: stderr all=off uptime,level,tags

Environment Variables:
PATH=C:\windows\system32;C:\windows;C:\windows\System32\Wbem;C:\windows\System32\WindowsPowerShell\v1.0\;C:\Program Files (x86)\dotnet\;C:\Program Files\dotnet\;C:\Program Files\Java\jdk-19\bin;D:\MinGW\bin;D:\Git\cmd;C:\Users\karin\AppData\Local\Microsoft\WindowsApps;C:\Program Files (x86)\SSH Communications Security\SSH Secure Shell
USERNAME=karin
OS=Windows_NT
PROCESSOR_IDENTIFIER=Intel64 Family 6 Model 122 Stepping 8, GenuineIntel



---------------  S Y S T E M  ---------------

OS: Windows 10 , 64 bit Build 19041 (10.0.19041.2364)
OS uptime: 0 days 6:47 hours
Hyper-V role detected

CPU:total 2 (initial active 2) (2 cores per cpu, 1 threads per core) family 6 model 122 stepping 8 microcode 0x18, cmov, cx8, fxsr, mmx, sse, sse2, sse3, ssse3, sse4.1, sse4.2, popcnt, aes, clmul, erms, 3dnowpref, tsc, tscinvbit, sha

Memory: 4k page, system-wide physical 3911M (324M free)
TotalPageFile size 5259M (AvailPageFile size 5M)
current process WorkingSet (physical memory assigned to process): 361M, peak: 361M
current process commit charge ("private bytes"): 395M, peak: 397M

vm_info: OpenJDK 64-Bit Server VM (11.0.15+0-b2043.56-9505619) for windows-amd64 JRE (11.0.15+0-b2043.56-9505619), built on Jan 19 2023 02:48:00 by "builduser" with unknown MS VC++:1929

END.
