#
# There is insufficient memory for the Java Runtime Environment to continue.
# Native memory allocation (mmap) failed to map 44040192 bytes for Failed to commit area from 0x000000008cf00000 to 0x000000008f900000 of length 44040192.
# Possible reasons:
#   The system is out of physical RAM or swap space
#   The process is running with CompressedOops enabled, and the Java Heap may be blocking the growth of the native heap
# Possible solutions:
#   Reduce memory load on the system
#   Increase physical memory or swap space
#   Check if swap backing store is full
#   Decrease Java heap size (-Xmx/-Xms)
#   Decrease number of Java threads
#   Decrease Java thread stack sizes (-Xss)
#   Set larger code cache with -XX:ReservedCodeCacheSize=
#   JVM is running with Unscaled Compressed Oops mode in which the Java heap is
#     placed in the first 4GB address space. The Java Heap base address is the
#     maximum limit for the native heap growth. Please use -XX:HeapBaseMinAddress
#     to set the Java Heap base and to place the Java Heap above 4GB virtual address.
# This output file may be truncated or incomplete.
#
#  Out of Memory Error (src/hotspot/os/windows/os_windows.cpp:3627), pid=1328, tid=6972
#
# JRE version: OpenJDK Runtime Environment (11.0.15) (build 11.0.15+0-b2043.56-9505619)
# Java VM: OpenJDK 64-Bit Server VM (11.0.15+0-b2043.56-9505619, mixed mode, tiered, compressed oops, g1 gc, windows-amd64)
# No core dump will be written. Minidumps are not enabled by default on client versions of Windows
#

---------------  S U M M A R Y ------------

Command Line: --add-opens=java.base/java.util=ALL-UNNAMED --add-opens=java.base/java.lang=ALL-UNNAMED --add-opens=java.base/java.lang.invoke=ALL-UNNAMED --add-opens=java.base/java.util=ALL-UNNAMED --add-opens=java.prefs/java.util.prefs=ALL-UNNAMED --add-opens=java.prefs/java.util.prefs=ALL-UNNAMED --add-opens=java.base/java.nio.charset=ALL-UNNAMED --add-opens=java.base/java.net=ALL-UNNAMED --add-opens=java.base/java.util.concurrent.atomic=ALL-UNNAMED -Xmx2048m -Dfile.encoding=UTF-8 -Duser.country=US -Duser.language=en -Duser.variant org.gradle.launcher.daemon.bootstrap.GradleDaemon 7.5

Host: Intel(R) Celeron(R) N4020 CPU @ 1.10GHz, 2 cores, 3G,  Windows 10 , 64 bit Build 19041 (10.0.19041.2364)
Time: Sat Apr 29 23:16:34 2023 Central Daylight Time elapsed time: 92.442771 seconds (0d 0h 1m 32s)

---------------  T H R E A D  ---------------

Current thread (0x000002487ef22000):  VMThread "VM Thread" [stack: 0x000000db26300000,0x000000db26400000] [id=6972]

Stack: [0x000000db26300000,0x000000db26400000]
[error occurred during error reporting (printing stack bounds), id 0xc0000005, EXCEPTION_ACCESS_VIOLATION (0xc0000005) at pc=0x000002480000113d]

Native frames: (J=compiled Java code, j=interpreted, Vv=VM code, C=native code)
V  [jvm.dll+0x64135a]
V  [jvm.dll+0x7d39f9]
V  [jvm.dll+0x7d51b9]
V  [jvm.dll+0x7d5805]
V  [jvm.dll+0x7d57bb]
V  [jvm.dll+0x640655]
V  [jvm.dll+0x640d68]
C  [ntdll.dll+0xa241f]
C  [ntdll.dll+0x514a4]
C  [ntdll.dll+0xa0f4e]
C  0x000002480000113d

VM_Operation (0x000000db280fc500): G1CollectForAllocation, mode: safepoint, requested by thread 0x000002480f003800


---------------  P R O C E S S  ---------------

Threads class SMR info:
_java_thread_list=0x000002481714c7a0, length=60, elements={
0x0000024874851800, 0x000002487ef27000, 0x000002487ef32800, 0x000002487ef82000,
0x000002487ef83000, 0x000002487ef85000, 0x000002487ef89000, 0x000002487ef8a000,
0x000002487ef90800, 0x000002487f9f2000, 0x0000024810a81800, 0x000002480fff3800,
0x000002480f72f000, 0x000002481036f000, 0x0000024810370000, 0x000002480f90c800,
0x000002480f939000, 0x000002480fcc0000, 0x000002480f7e0800, 0x000002480f002000,
0x000002480f001000, 0x000002480f005000, 0x000002480f002800, 0x000002480f006000,
0x000002480f000800, 0x000002480f004800, 0x000002480f007000, 0x000002480f003800,
0x0000024810e89800, 0x0000024810e88000, 0x0000024810e86800, 0x0000024810e8a800,
0x0000024810e89000, 0x0000024810e8c000, 0x0000024810e8d000, 0x0000024810e87800,
0x0000024810e92800, 0x0000024810e93800, 0x0000024810e91000, 0x0000024810e8e800,
0x0000024810e8e000, 0x0000024810e90800, 0x0000024810e92000, 0x0000024810e94800,
0x0000024810e8f800, 0x0000024810e95000, 0x000002481113b000, 0x0000024811138800,
0x000002481113a000, 0x000002481113b800, 0x0000024811139000, 0x000002481113f000,
0x0000024811141800, 0x000002481113f800, 0x0000024811140800, 0x0000024811142000,
0x000002481113e000, 0x000002481113c800, 0x0000024811143000, 0x000002481113d000
}

Java Threads: ( => current thread )
  0x0000024874851800 JavaThread "main" [_thread_blocked, id=5728, stack(0x000000db25d00000,0x000000db25e00000)]
  0x000002487ef27000 JavaThread "Reference Handler" daemon [_thread_blocked, id=5852, stack(0x000000db26400000,0x000000db26500000)]
  0x000002487ef32800 JavaThread "Finalizer" daemon [_thread_blocked, id=5172, stack(0x000000db26500000,0x000000db26600000)]
  0x000002487ef82000 JavaThread "Signal Dispatcher" daemon [_thread_blocked, id=10828, stack(0x000000db26600000,0x000000db26700000)]
  0x000002487ef83000 JavaThread "Attach Listener" daemon [_thread_blocked, id=11372, stack(0x000000db26700000,0x000000db26800000)]
  0x000002487ef85000 JavaThread "Service Thread" daemon [_thread_blocked, id=8164, stack(0x000000db26800000,0x000000db26900000)]
  0x000002487ef89000 JavaThread "C2 CompilerThread0" daemon [_thread_blocked, id=2924, stack(0x000000db26900000,0x000000db26a00000)]
  0x000002487ef8a000 JavaThread "C1 CompilerThread0" daemon [_thread_blocked, id=1936, stack(0x000000db26a00000,0x000000db26b00000)]
  0x000002487ef90800 JavaThread "Sweeper thread" daemon [_thread_blocked, id=11556, stack(0x000000db26b00000,0x000000db26c00000)]
  0x000002487f9f2000 JavaThread "Common-Cleaner" daemon [_thread_blocked, id=8744, stack(0x000000db26c00000,0x000000db26d00000)]
  0x0000024810a81800 JavaThread "Daemon health stats" [_thread_blocked, id=6504, stack(0x000000db26f00000,0x000000db27000000)]
  0x000002480fff3800 JavaThread "Incoming local TCP Connector on port 63356" [_thread_in_native, id=4164, stack(0x000000db27000000,0x000000db27100000)]
  0x000002480f72f000 JavaThread "Daemon" [_thread_blocked, id=6580, stack(0x000000db27100000,0x000000db27200000)]
  0x000002481036f000 JavaThread "Daemon periodic checks" [_thread_blocked, id=6152, stack(0x000000db27200000,0x000000db27300000)]
  0x0000024810370000 JavaThread "Handler for socket connection from /127.0.0.1:63356 to /127.0.0.1:63357" [_thread_in_native, id=7324, stack(0x000000db27300000,0x000000db27400000)]
  0x000002480f90c800 JavaThread "Cancel handler" [_thread_blocked, id=4936, stack(0x000000db27400000,0x000000db27500000)]
  0x000002480f939000 JavaThread "Daemon worker" [_thread_blocked, id=3756, stack(0x000000db27500000,0x000000db27600000)]
  0x000002480fcc0000 JavaThread "Asynchronous log dispatcher for DefaultDaemonConnection: socket connection from /127.0.0.1:63356 to /127.0.0.1:63357" [_thread_blocked, id=8968, stack(0x000000db27600000,0x000000db27700000)]
  0x000002480f7e0800 JavaThread "Daemon client event forwarder" [_thread_blocked, id=10252, stack(0x000000db27800000,0x000000db27900000)]
  0x000002480f002000 JavaThread "Cache worker for journal cache (C:\SD Card\.gradle\caches\journal-1)" [_thread_blocked, id=564, stack(0x000000db27900000,0x000000db27a00000)]
  0x000002480f001000 JavaThread "File lock request listener" [_thread_in_native, id=11840, stack(0x000000db27a00000,0x000000db27b00000)]
  0x000002480f005000 JavaThread "Cache worker for file hash cache (C:\SD Card\.gradle\caches\7.5\fileHashes)" [_thread_blocked, id=11072, stack(0x000000db27b00000,0x000000db27c00000)]
  0x000002480f002800 JavaThread "File watcher server" daemon [_thread_in_native, id=9812, stack(0x000000db27c00000,0x000000db27d00000)]
  0x000002480f006000 JavaThread "File watcher consumer" daemon [_thread_blocked, id=9928, stack(0x000000db27d00000,0x000000db27e00000)]
  0x000002480f000800 JavaThread "jar transforms" [_thread_blocked, id=3372, stack(0x000000db27e00000,0x000000db27f00000)]
  0x000002480f004800 JavaThread "jar transforms Thread 2" [_thread_blocked, id=9356, stack(0x000000db27f00000,0x000000db28000000)]
  0x000002480f007000 JavaThread "Cache worker for checksums cache (C:\SD Card\Downloads\Task Eliminator\TaskEliminator\.gradle\7.5\checksums)" [_thread_blocked, id=3816, stack(0x000000db25c00000,0x000000db25d00000)]
  0x000002480f003800 JavaThread "Cache worker for cache directory md-rule (C:\SD Card\.gradle\caches\7.5\md-rule)" [_thread_blocked, id=3368, stack(0x000000db28000000,0x000000db28100000)]
  0x0000024810e89800 JavaThread "Cache worker for file content cache (C:\SD Card\.gradle\caches\7.5\fileContent)" [_thread_blocked, id=9692, stack(0x000000db28100000,0x000000db28200000)]
  0x0000024810e88000 JavaThread "Cache worker for file hash cache (C:\SD Card\Downloads\Task Eliminator\TaskEliminator\.gradle\7.5\fileHashes)" [_thread_blocked, id=1860, stack(0x000000db28200000,0x000000db28300000)]
  0x0000024810e86800 JavaThread "Cache worker for cache directory md-supplier (C:\SD Card\.gradle\caches\7.5\md-supplier)" [_thread_blocked, id=5868, stack(0x000000db28300000,0x000000db28400000)]
  0x0000024810e8a800 JavaThread "Cache worker for execution history cache (C:\SD Card\.gradle\caches\7.5\executionHistory)" [_thread_blocked, id=1772, stack(0x000000db28400000,0x000000db28500000)]
  0x0000024810e89000 JavaThread "Cache worker for dependencies-accessors (C:\SD Card\Downloads\Task Eliminator\TaskEliminator\.gradle\7.5\dependencies-accessors)" [_thread_blocked, id=2384, stack(0x000000db28700000,0x000000db28800000)]
  0x0000024810e8c000 JavaThread "Cache worker for Build Output Cleanup Cache (C:\SD Card\Downloads\Task Eliminator\TaskEliminator\.gradle\buildOutputCleanup)" [_thread_blocked, id=4256, stack(0x000000db28800000,0x000000db28900000)]
  0x0000024810e8d000 JavaThread "Unconstrained build operations" [_thread_blocked, id=12092, stack(0x000000db28900000,0x000000db28a00000)]
  0x0000024810e87800 JavaThread "Unconstrained build operations Thread 2" [_thread_blocked, id=2372, stack(0x000000db28a00000,0x000000db28b00000)]
  0x0000024810e92800 JavaThread "Unconstrained build operations Thread 3" [_thread_blocked, id=8176, stack(0x000000db28b00000,0x000000db28c00000)]
  0x0000024810e93800 JavaThread "Unconstrained build operations Thread 4" [_thread_blocked, id=5944, stack(0x000000db28c00000,0x000000db28d00000)]
  0x0000024810e91000 JavaThread "Unconstrained build operations Thread 5" [_thread_blocked, id=3256, stack(0x000000db28d00000,0x000000db28e00000)]
  0x0000024810e8e800 JavaThread "Unconstrained build operations Thread 6" [_thread_blocked, id=6212, stack(0x000000db28e00000,0x000000db28f00000)]
  0x0000024810e8e000 JavaThread "Unconstrained build operations Thread 7" [_thread_blocked, id=8688, stack(0x000000db28f00000,0x000000db29000000)]
  0x0000024810e90800 JavaThread "Unconstrained build operations Thread 8" [_thread_blocked, id=11864, stack(0x000000db29000000,0x000000db29100000)]
  0x0000024810e92000 JavaThread "Unconstrained build operations Thread 9" [_thread_blocked, id=9012, stack(0x000000db29100000,0x000000db29200000)]
  0x0000024810e94800 JavaThread "Unconstrained build operations Thread 10" [_thread_blocked, id=11444, stack(0x000000db29200000,0x000000db29300000)]
  0x0000024810e8f800 JavaThread "Unconstrained build operations Thread 11" [_thread_blocked, id=6968, stack(0x000000db29300000,0x000000db29400000)]
  0x0000024810e95000 JavaThread "Unconstrained build operations Thread 12" [_thread_blocked, id=8680, stack(0x000000db29400000,0x000000db29500000)]
  0x000002481113b000 JavaThread "Unconstrained build operations Thread 13" [_thread_blocked, id=11928, stack(0x000000db29500000,0x000000db29600000)]
  0x0000024811138800 JavaThread "Unconstrained build operations Thread 14" [_thread_blocked, id=12044, stack(0x000000db29600000,0x000000db29700000)]
  0x000002481113a000 JavaThread "Unconstrained build operations Thread 15" [_thread_blocked, id=12156, stack(0x000000db29700000,0x000000db29800000)]
  0x000002481113b800 JavaThread "Unconstrained build operations Thread 16" [_thread_blocked, id=7824, stack(0x000000db29800000,0x000000db29900000)]
  0x0000024811139000 JavaThread "Unconstrained build operations Thread 17" [_thread_blocked, id=10884, stack(0x000000db29900000,0x000000db29a00000)]
  0x000002481113f000 JavaThread "Unconstrained build operations Thread 18" [_thread_blocked, id=7764, stack(0x000000db29a00000,0x000000db29b00000)]
  0x0000024811141800 JavaThread "Unconstrained build operations Thread 19" [_thread_blocked, id=11836, stack(0x000000db29b00000,0x000000db29c00000)]
  0x000002481113f800 JavaThread "Unconstrained build operations Thread 20" [_thread_blocked, id=2444, stack(0x000000db29c00000,0x000000db29d00000)]
  0x0000024811140800 JavaThread "Memory manager" [_thread_blocked, id=3212, stack(0x000000db25a00000,0x000000db25b00000)]
  0x0000024811142000 JavaThread "pool-3-thread-1" [_thread_blocked, id=2588, stack(0x000000db25b00000,0x000000db25c00000)]
  0x000002481113e000 JavaThread "included builds" [_thread_blocked, id=7096, stack(0x000000db27700000,0x000000db27800000)]
  0x000002481113c800 JavaThread "Execution worker" [_thread_blocked, id=9412, stack(0x000000db29d00000,0x000000db29e00000)]
  0x0000024811143000 JavaThread "Cache worker for execution history cache (C:\SD Card\Downloads\Task Eliminator\TaskEliminator\.gradle\7.5\executionHistory)" [_thread_blocked, id=4840, stack(0x000000db29e00000,0x000000db29f00000)]
  0x000002481113d000 JavaThread "idea-tooling-model-converter" [_thread_blocked, id=1540, stack(0x000000db29f00000,0x000000db2a000000)]

Other Threads:
=>0x000002487ef22000 VMThread "VM Thread" [stack: 0x000000db26300000,0x000000db26400000] [id=6972]
  0x000002487f9f8800 WatcherThread [stack: 0x000000db26d00000,0x000000db26e00000] [id=10872]
  0x000002487486a800 GCTaskThread "GC Thread#0" [stack: 0x000000db25e00000,0x000000db25f00000] [id=10072]
  0x000002487fb3f000 GCTaskThread "GC Thread#1" [stack: 0x000000db26e00000,0x000000db26f00000] [id=10924]
  0x000002487489c800 ConcurrentGCThread "G1 Main Marker" [stack: 0x000000db25f00000,0x000000db26000000] [id=4988]
  0x000002487489d800 ConcurrentGCThread "G1 Conc#0" [stack: 0x000000db26000000,0x000000db26100000] [id=10460]
  0x00000248748ec000 ConcurrentGCThread "G1 Refine#0" [stack: 0x000000db26100000,0x000000db26200000] [id=2700]
  0x00000248748ed000 ConcurrentGCThread "G1 Young RemSet Sampling" [stack: 0x000000db26200000,0x000000db26300000] [id=10604]

Threads with active compile tasks:
C2 CompilerThread0    92502 9057   !   4       org.gradle.api.internal.attributes.DefaultImmutableAttributesFactory::doConcatIsolatable (128 bytes)

VM state:at safepoint (normal execution)

VM Mutex/Monitor currently owned by a thread:  ([mutex/lock_event])
[0x000002487484e760] Threads_lock - owner thread: 0x000002487ef22000
[0x000002487484d050] Heap_lock - owner thread: 0x000002480f003800

Heap address: 0x0000000080000000, size: 2048 MB, Compressed Oops mode: 32-bit
Narrow klass base: 0x0000000000000000, Narrow klass shift: 3
Compressed class space size: 1073741824 Address: 0x0000000100000000

Heap:
 garbage-first heap   total 254976K, used 165622K [0x0000000080000000, 0x0000000100000000)
  region size 1024K, 3 young (3072K), 3 survivors (3072K)
 Metaspace       used 94321K, capacity 96992K, committed 97020K, reserved 1132544K
  class space    used 12113K, capacity 13123K, committed 13132K, reserved 1048576K
Heap Regions: E=young(eden), S=young(survivor), O=old, HS=humongous(starts), HC=humongous(continues), CS=collection set, F=free, A=archive, TAMS=top-at-mark-start (previous, next)
|   0|0x0000000080000000, 0x0000000080100000, 0x0000000080100000|100%| O|  |TAMS 0x0000000080100000, 0x0000000080000000| Untracked 
|   1|0x0000000080100000, 0x0000000080200000, 0x0000000080200000|100%| O|  |TAMS 0x0000000080200000, 0x0000000080100000| Untracked 
|   2|0x0000000080200000, 0x0000000080300000, 0x0000000080300000|100%| O|  |TAMS 0x0000000080300000, 0x0000000080200000| Untracked 
|   3|0x0000000080300000, 0x0000000080400000, 0x0000000080400000|100%| O|  |TAMS 0x0000000080400000, 0x0000000080300000| Untracked 
|   4|0x0000000080400000, 0x0000000080500000, 0x0000000080500000|100%|HS|  |TAMS 0x0000000080500000, 0x0000000080400000| Complete 
|   5|0x0000000080500000, 0x0000000080600000, 0x0000000080600000|100%|HC|  |TAMS 0x0000000080600000, 0x0000000080500000| Complete 
|   6|0x0000000080600000, 0x0000000080700000, 0x0000000080700000|100%|HC|  |TAMS 0x0000000080700000, 0x0000000080600000| Complete 
|   7|0x0000000080700000, 0x0000000080800000, 0x0000000080800000|100%| O|  |TAMS 0x0000000080800000, 0x0000000080700000| Untracked 
|   8|0x0000000080800000, 0x0000000080900000, 0x0000000080900000|100%| O|  |TAMS 0x0000000080900000, 0x0000000080800000| Untracked 
|   9|0x0000000080900000, 0x0000000080a00000, 0x0000000080a00000|100%| O|  |TAMS 0x0000000080a00000, 0x0000000080900000| Untracked 
|  10|0x0000000080a00000, 0x0000000080b00000, 0x0000000080b00000|100%| O|  |TAMS 0x0000000080b00000, 0x0000000080a00000| Untracked 
|  11|0x0000000080b00000, 0x0000000080c00000, 0x0000000080c00000|100%| O|  |TAMS 0x0000000080c00000, 0x0000000080b00000| Untracked 
|  12|0x0000000080c00000, 0x0000000080d00000, 0x0000000080d00000|100%| O|  |TAMS 0x0000000080d00000, 0x0000000080c00000| Untracked 
|  13|0x0000000080d00000, 0x0000000080e00000, 0x0000000080e00000|100%| O|  |TAMS 0x0000000080e00000, 0x0000000080d00000| Untracked 
|  14|0x0000000080e00000, 0x0000000080f00000, 0x0000000080f00000|100%| O|  |TAMS 0x0000000080f00000, 0x0000000080e00000| Untracked 
|  15|0x0000000080f00000, 0x0000000081000000, 0x0000000081000000|100%| O|  |TAMS 0x0000000081000000, 0x0000000080f00000| Untracked 
|  16|0x0000000081000000, 0x0000000081100000, 0x0000000081100000|100%| O|  |TAMS 0x0000000081100000, 0x0000000081000000| Untracked 
|  17|0x0000000081100000, 0x0000000081200000, 0x0000000081200000|100%|HS|  |TAMS 0x0000000081200000, 0x0000000081100000| Complete 
|  18|0x0000000081200000, 0x0000000081300000, 0x0000000081300000|100%|HC|  |TAMS 0x0000000081300000, 0x0000000081200000| Complete 
|  19|0x0000000081300000, 0x0000000081400000, 0x0000000081400000|100%|HS|  |TAMS 0x0000000081400000, 0x0000000081300000| Complete 
|  20|0x0000000081400000, 0x0000000081500000, 0x0000000081500000|100%|HC|  |TAMS 0x0000000081500000, 0x0000000081400000| Complete 
|  21|0x0000000081500000, 0x0000000081600000, 0x0000000081600000|100%|HC|  |TAMS 0x0000000081600000, 0x0000000081500000| Complete 
|  22|0x0000000081600000, 0x0000000081700000, 0x0000000081700000|100%|HS|  |TAMS 0x0000000081700000, 0x0000000081600000| Complete 
|  23|0x0000000081700000, 0x0000000081800000, 0x0000000081800000|100%|HC|  |TAMS 0x0000000081800000, 0x0000000081700000| Complete 
|  24|0x0000000081800000, 0x0000000081900000, 0x0000000081900000|100%|HC|  |TAMS 0x0000000081900000, 0x0000000081800000| Complete 
|  25|0x0000000081900000, 0x0000000081a00000, 0x0000000081a00000|100%|HS|  |TAMS 0x0000000081a00000, 0x0000000081900000| Complete 
|  26|0x0000000081a00000, 0x0000000081b00000, 0x0000000081b00000|100%|HC|  |TAMS 0x0000000081b00000, 0x0000000081a00000| Complete 
|  27|0x0000000081b00000, 0x0000000081c00000, 0x0000000081c00000|100%| O|  |TAMS 0x0000000081c00000, 0x0000000081b00000| Untracked 
|  28|0x0000000081c00000, 0x0000000081d00000, 0x0000000081d00000|100%| O|  |TAMS 0x0000000081d00000, 0x0000000081c00000| Untracked 
|  29|0x0000000081d00000, 0x0000000081e00000, 0x0000000081e00000|100%| O|  |TAMS 0x0000000081e00000, 0x0000000081d00000| Untracked 
|  30|0x0000000081e00000, 0x0000000081f00000, 0x0000000081f00000|100%| O|  |TAMS 0x0000000081f00000, 0x0000000081e00000| Untracked 
|  31|0x0000000081f00000, 0x0000000082000000, 0x0000000082000000|100%| O|  |TAMS 0x0000000082000000, 0x0000000081f00000| Untracked 
|  32|0x0000000082000000, 0x0000000082100000, 0x0000000082100000|100%| O|  |TAMS 0x0000000082100000, 0x0000000082000000| Untracked 
|  33|0x0000000082100000, 0x0000000082200000, 0x0000000082200000|100%|HS|  |TAMS 0x0000000082200000, 0x0000000082100000| Complete 
|  34|0x0000000082200000, 0x0000000082300000, 0x0000000082300000|100%|HC|  |TAMS 0x0000000082300000, 0x0000000082200000| Complete 
|  35|0x0000000082300000, 0x0000000082400000, 0x0000000082400000|100%|HS|  |TAMS 0x0000000082400000, 0x0000000082300000| Complete 
|  36|0x0000000082400000, 0x0000000082500000, 0x0000000082500000|100%|HC|  |TAMS 0x0000000082500000, 0x0000000082400000| Complete 
|  37|0x0000000082500000, 0x0000000082600000, 0x0000000082600000|100%|HC|  |TAMS 0x0000000082600000, 0x0000000082500000| Complete 
|  38|0x0000000082600000, 0x0000000082700000, 0x0000000082700000|100%|HC|  |TAMS 0x0000000082700000, 0x0000000082600000| Complete 
|  39|0x0000000082700000, 0x0000000082800000, 0x0000000082800000|100%|HC|  |TAMS 0x0000000082800000, 0x0000000082700000| Complete 
|  40|0x0000000082800000, 0x0000000082900000, 0x0000000082900000|100%|HS|  |TAMS 0x0000000082900000, 0x0000000082800000| Complete 
|  41|0x0000000082900000, 0x0000000082a00000, 0x0000000082a00000|100%|HC|  |TAMS 0x0000000082a00000, 0x0000000082900000| Complete 
|  42|0x0000000082a00000, 0x0000000082b00000, 0x0000000082b00000|100%|HC|  |TAMS 0x0000000082b00000, 0x0000000082a00000| Complete 
|  43|0x0000000082b00000, 0x0000000082c00000, 0x0000000082c00000|100%|HC|  |TAMS 0x0000000082c00000, 0x0000000082b00000| Complete 
|  44|0x0000000082c00000, 0x0000000082d00000, 0x0000000082d00000|100%|HC|  |TAMS 0x0000000082d00000, 0x0000000082c00000| Complete 
|  45|0x0000000082d00000, 0x0000000082e00000, 0x0000000082e00000|100%|HC|  |TAMS 0x0000000082e00000, 0x0000000082d00000| Complete 
|  46|0x0000000082e00000, 0x0000000082f00000, 0x0000000082f00000|100%|HC|  |TAMS 0x0000000082f00000, 0x0000000082e00000| Complete 
|  47|0x0000000082f00000, 0x0000000083000000, 0x0000000083000000|100%|HC|  |TAMS 0x0000000083000000, 0x0000000082f00000| Complete 
|  48|0x0000000083000000, 0x0000000083100000, 0x0000000083100000|100%|HC|  |TAMS 0x0000000083100000, 0x0000000083000000| Complete 
|  49|0x0000000083100000, 0x0000000083200000, 0x0000000083200000|100%|HC|  |TAMS 0x0000000083200000, 0x0000000083100000| Complete 
|  50|0x0000000083200000, 0x0000000083300000, 0x0000000083300000|100%| O|  |TAMS 0x0000000083300000, 0x0000000083200000| Untracked 
|  51|0x0000000083300000, 0x0000000083400000, 0x0000000083400000|100%| O|  |TAMS 0x0000000083400000, 0x0000000083300000| Untracked 
|  52|0x0000000083400000, 0x0000000083500000, 0x0000000083500000|100%| O|  |TAMS 0x0000000083500000, 0x0000000083400000| Untracked 
|  53|0x0000000083500000, 0x0000000083600000, 0x0000000083600000|100%| O|  |TAMS 0x0000000083600000, 0x0000000083500000| Untracked 
|  54|0x0000000083600000, 0x0000000083700000, 0x0000000083700000|100%| O|  |TAMS 0x0000000083700000, 0x0000000083600000| Untracked 
|  55|0x0000000083700000, 0x0000000083800000, 0x0000000083800000|100%| O|  |TAMS 0x0000000083800000, 0x0000000083700000| Untracked 
|  56|0x0000000083800000, 0x0000000083900000, 0x0000000083900000|100%| O|  |TAMS 0x0000000083900000, 0x0000000083800000| Untracked 
|  57|0x0000000083900000, 0x0000000083a00000, 0x0000000083a00000|100%| O|  |TAMS 0x0000000083a00000, 0x0000000083900000| Untracked 
|  58|0x0000000083a00000, 0x0000000083b00000, 0x0000000083b00000|100%| O|  |TAMS 0x0000000083b00000, 0x0000000083a00000| Untracked 
|  59|0x0000000083b00000, 0x0000000083c00000, 0x0000000083c00000|100%| O|  |TAMS 0x0000000083c00000, 0x0000000083b00000| Untracked 
|  60|0x0000000083c00000, 0x0000000083d00000, 0x0000000083d00000|100%|HS|  |TAMS 0x0000000083d00000, 0x0000000083c00000| Complete 
|  61|0x0000000083d00000, 0x0000000083e00000, 0x0000000083e00000|100%|HC|  |TAMS 0x0000000083e00000, 0x0000000083d00000| Complete 
|  62|0x0000000083e00000, 0x0000000083f00000, 0x0000000083f00000|100%|HS|  |TAMS 0x0000000083f00000, 0x0000000083e00000| Complete 
|  63|0x0000000083f00000, 0x0000000084000000, 0x0000000084000000|100%|HC|  |TAMS 0x0000000084000000, 0x0000000083f00000| Complete 
|  64|0x0000000084000000, 0x0000000084100000, 0x0000000084100000|100%|HC|  |TAMS 0x0000000084100000, 0x0000000084000000| Complete 
|  65|0x0000000084100000, 0x0000000084200000, 0x0000000084200000|100%|HS|  |TAMS 0x0000000084200000, 0x0000000084100000| Complete 
|  66|0x0000000084200000, 0x0000000084300000, 0x0000000084300000|100%|HC|  |TAMS 0x0000000084300000, 0x0000000084200000| Complete 
|  67|0x0000000084300000, 0x0000000084400000, 0x0000000084400000|100%|HC|  |TAMS 0x0000000084400000, 0x0000000084300000| Complete 
|  68|0x0000000084400000, 0x0000000084500000, 0x0000000084500000|100%|HS|  |TAMS 0x0000000084500000, 0x0000000084400000| Complete 
|  69|0x0000000084500000, 0x0000000084600000, 0x0000000084600000|100%|HC|  |TAMS 0x0000000084600000, 0x0000000084500000| Complete 
|  70|0x0000000084600000, 0x0000000084700000, 0x0000000084700000|100%|HC|  |TAMS 0x0000000084700000, 0x0000000084600000| Complete 
|  71|0x0000000084700000, 0x0000000084800000, 0x0000000084800000|100%|HC|  |TAMS 0x0000000084800000, 0x0000000084700000| Complete 
|  72|0x0000000084800000, 0x0000000084900000, 0x0000000084900000|100%|HC|  |TAMS 0x0000000084900000, 0x0000000084800000| Complete 
|  73|0x0000000084900000, 0x0000000084a00000, 0x0000000084a00000|100%|HC|  |TAMS 0x0000000084a00000, 0x0000000084900000| Complete 
|  74|0x0000000084a00000, 0x0000000084b00000, 0x0000000084b00000|100%|HC|  |TAMS 0x0000000084b00000, 0x0000000084a00000| Complete 
|  75|0x0000000084b00000, 0x0000000084c00000, 0x0000000084c00000|100%|HC|  |TAMS 0x0000000084c00000, 0x0000000084b00000| Complete 
|  76|0x0000000084c00000, 0x0000000084d00000, 0x0000000084d00000|100%|HC|  |TAMS 0x0000000084d00000, 0x0000000084c00000| Complete 
|  77|0x0000000084d00000, 0x0000000084e00000, 0x0000000084e00000|100%|HC|  |TAMS 0x0000000084e00000, 0x0000000084d00000| Complete 
|  78|0x0000000084e00000, 0x0000000084f00000, 0x0000000084f00000|100%|HS|  |TAMS 0x0000000084f00000, 0x0000000084e00000| Complete 
|  79|0x0000000084f00000, 0x0000000085000000, 0x0000000085000000|100%|HC|  |TAMS 0x0000000085000000, 0x0000000084f00000| Complete 
|  80|0x0000000085000000, 0x0000000085100000, 0x0000000085100000|100%| O|  |TAMS 0x0000000085100000, 0x0000000085000000| Untracked 
|  81|0x0000000085100000, 0x0000000085200000, 0x0000000085200000|100%| O|  |TAMS 0x0000000085200000, 0x0000000085100000| Untracked 
|  82|0x0000000085200000, 0x0000000085300000, 0x0000000085300000|100%|HS|  |TAMS 0x0000000085300000, 0x0000000085200000| Complete 
|  83|0x0000000085300000, 0x0000000085400000, 0x0000000085400000|100%|HC|  |TAMS 0x0000000085400000, 0x0000000085300000| Complete 
|  84|0x0000000085400000, 0x0000000085500000, 0x0000000085500000|100%|HC|  |TAMS 0x0000000085500000, 0x0000000085400000| Complete 
|  85|0x0000000085500000, 0x0000000085600000, 0x0000000085600000|100%|HC|  |TAMS 0x0000000085600000, 0x0000000085500000| Complete 
|  86|0x0000000085600000, 0x0000000085700000, 0x0000000085700000|100%|HC|  |TAMS 0x0000000085700000, 0x0000000085600000| Complete 
|  87|0x0000000085700000, 0x0000000085800000, 0x0000000085800000|100%| O|  |TAMS 0x0000000085800000, 0x0000000085700000| Untracked 
|  88|0x0000000085800000, 0x0000000085900000, 0x0000000085900000|100%| O|  |TAMS 0x0000000085900000, 0x0000000085800000| Untracked 
|  89|0x0000000085900000, 0x0000000085a00000, 0x0000000085a00000|100%| O|  |TAMS 0x0000000085a00000, 0x0000000085900000| Untracked 
|  90|0x0000000085a00000, 0x0000000085b00000, 0x0000000085b00000|100%| O|  |TAMS 0x0000000085b00000, 0x0000000085a00000| Untracked 
|  91|0x0000000085b00000, 0x0000000085c00000, 0x0000000085c00000|100%| O|  |TAMS 0x0000000085c00000, 0x0000000085b00000| Untracked 
|  92|0x0000000085c00000, 0x0000000085d00000, 0x0000000085d00000|100%|HS|  |TAMS 0x0000000085d00000, 0x0000000085c00000| Complete 
|  93|0x0000000085d00000, 0x0000000085e00000, 0x0000000085e00000|100%|HS|  |TAMS 0x0000000085e00000, 0x0000000085d00000| Complete 
|  94|0x0000000085e00000, 0x0000000085f00000, 0x0000000085f00000|100%| O|  |TAMS 0x0000000085f00000, 0x0000000085e00000| Untracked 
|  95|0x0000000085f00000, 0x0000000086000000, 0x0000000086000000|100%| O|  |TAMS 0x0000000086000000, 0x0000000085f00000| Untracked 
|  96|0x0000000086000000, 0x0000000086100000, 0x0000000086100000|100%| O|  |TAMS 0x0000000086100000, 0x0000000086000000| Untracked 
|  97|0x0000000086100000, 0x0000000086200000, 0x0000000086200000|100%| O|  |TAMS 0x0000000086200000, 0x0000000086100000| Untracked 
|  98|0x0000000086200000, 0x0000000086300000, 0x0000000086300000|100%| O|  |TAMS 0x0000000086300000, 0x0000000086200000| Untracked 
|  99|0x0000000086300000, 0x0000000086400000, 0x0000000086400000|100%| O|  |TAMS 0x0000000086400000, 0x0000000086300000| Untracked 
| 100|0x0000000086400000, 0x0000000086500000, 0x0000000086500000|100%| O|  |TAMS 0x0000000086500000, 0x0000000086400000| Untracked 
| 101|0x0000000086500000, 0x0000000086600000, 0x0000000086600000|100%| O|  |TAMS 0x0000000086600000, 0x0000000086500000| Untracked 
| 102|0x0000000086600000, 0x0000000086700000, 0x0000000086700000|100%| O|  |TAMS 0x0000000086700000, 0x0000000086600000| Untracked 
| 103|0x0000000086700000, 0x0000000086800000, 0x0000000086800000|100%| O|  |TAMS 0x0000000086800000, 0x0000000086700000| Untracked 
| 104|0x0000000086800000, 0x0000000086900000, 0x0000000086900000|100%| O|  |TAMS 0x0000000086900000, 0x0000000086800000| Untracked 
| 105|0x0000000086900000, 0x0000000086a00000, 0x0000000086a00000|100%| O|  |TAMS 0x0000000086a00000, 0x0000000086900000| Untracked 
| 106|0x0000000086a00000, 0x0000000086b00000, 0x0000000086b00000|100%| O|  |TAMS 0x0000000086b00000, 0x0000000086a00000| Untracked 
| 107|0x0000000086b00000, 0x0000000086c00000, 0x0000000086c00000|100%| O|  |TAMS 0x0000000086c00000, 0x0000000086b00000| Untracked 
| 108|0x0000000086c00000, 0x0000000086d00000, 0x0000000086d00000|100%| O|  |TAMS 0x0000000086d00000, 0x0000000086c00000| Untracked 
| 109|0x0000000086d00000, 0x0000000086e00000, 0x0000000086e00000|100%| O|  |TAMS 0x0000000086e00000, 0x0000000086d00000| Untracked 
| 110|0x0000000086e00000, 0x0000000086f00000, 0x0000000086f00000|100%| O|  |TAMS 0x0000000086f00000, 0x0000000086e00000| Untracked 
| 111|0x0000000086f00000, 0x0000000087000000, 0x0000000087000000|100%| O|  |TAMS 0x0000000087000000, 0x0000000086f00000| Untracked 
| 112|0x0000000087000000, 0x0000000087100000, 0x0000000087100000|100%| O|  |TAMS 0x0000000087100000, 0x0000000087000000| Untracked 
| 113|0x0000000087100000, 0x0000000087200000, 0x0000000087200000|100%| O|  |TAMS 0x0000000087200000, 0x0000000087100000| Untracked 
| 114|0x0000000087200000, 0x0000000087300000, 0x0000000087300000|100%|HS|  |TAMS 0x0000000087300000, 0x0000000087200000| Complete 
| 115|0x0000000087300000, 0x0000000087400000, 0x0000000087400000|100%|HC|  |TAMS 0x0000000087400000, 0x0000000087300000| Complete 
| 116|0x0000000087400000, 0x0000000087500000, 0x0000000087500000|100%| O|  |TAMS 0x0000000087500000, 0x0000000087400000| Untracked 
| 117|0x0000000087500000, 0x0000000087600000, 0x0000000087600000|100%| O|  |TAMS 0x0000000087600000, 0x0000000087500000| Untracked 
| 118|0x0000000087600000, 0x0000000087700000, 0x0000000087700000|100%| O|  |TAMS 0x0000000087700000, 0x0000000087600000| Untracked 
| 119|0x0000000087700000, 0x0000000087800000, 0x0000000087800000|100%| O|  |TAMS 0x0000000087800000, 0x0000000087700000| Untracked 
| 120|0x0000000087800000, 0x0000000087900000, 0x0000000087900000|100%| O|  |TAMS 0x0000000087900000, 0x0000000087800000| Untracked 
| 121|0x0000000087900000, 0x0000000087a00000, 0x0000000087a00000|100%| O|  |TAMS 0x0000000087a00000, 0x0000000087900000| Untracked 
| 122|0x0000000087a00000, 0x0000000087b00000, 0x0000000087b00000|100%| O|  |TAMS 0x0000000087b00000, 0x0000000087a00000| Untracked 
| 123|0x0000000087b00000, 0x0000000087c00000, 0x0000000087c00000|100%|HS|  |TAMS 0x0000000087c00000, 0x0000000087b00000| Complete 
| 124|0x0000000087c00000, 0x0000000087d00000, 0x0000000087d00000|100%|HC|  |TAMS 0x0000000087d00000, 0x0000000087c00000| Complete 
| 125|0x0000000087d00000, 0x0000000087e00000, 0x0000000087e00000|100%|HC|  |TAMS 0x0000000087e00000, 0x0000000087d00000| Complete 
| 126|0x0000000087e00000, 0x0000000087f00000, 0x0000000087f00000|100%|HS|  |TAMS 0x0000000087f00000, 0x0000000087e00000| Complete 
| 127|0x0000000087f00000, 0x0000000088000000, 0x0000000088000000|100%|HC|  |TAMS 0x0000000088000000, 0x0000000087f00000| Complete 
| 128|0x0000000088000000, 0x0000000088100000, 0x0000000088100000|100%|HC|  |TAMS 0x0000000088100000, 0x0000000088000000| Complete 
| 129|0x0000000088100000, 0x0000000088200000, 0x0000000088200000|100%|HS|  |TAMS 0x0000000088200000, 0x0000000088100000| Complete 
| 130|0x0000000088200000, 0x0000000088300000, 0x0000000088300000|100%|HC|  |TAMS 0x0000000088300000, 0x0000000088200000| Complete 
| 131|0x0000000088300000, 0x0000000088400000, 0x0000000088400000|100%|HS|  |TAMS 0x0000000088400000, 0x0000000088300000| Complete 
| 132|0x0000000088400000, 0x0000000088500000, 0x0000000088500000|100%|HC|  |TAMS 0x0000000088500000, 0x0000000088400000| Complete 
| 133|0x0000000088500000, 0x0000000088600000, 0x0000000088600000|100%|HC|  |TAMS 0x0000000088600000, 0x0000000088500000| Complete 
| 134|0x0000000088600000, 0x0000000088700000, 0x0000000088700000|100%|HC|  |TAMS 0x0000000088700000, 0x0000000088600000| Complete 
| 135|0x0000000088700000, 0x0000000088800000, 0x0000000088800000|100%|HC|  |TAMS 0x0000000088800000, 0x0000000088700000| Complete 
| 136|0x0000000088800000, 0x0000000088900000, 0x0000000088900000|100%|HC|  |TAMS 0x0000000088900000, 0x0000000088800000| Complete 
| 137|0x0000000088900000, 0x0000000088a00000, 0x0000000088a00000|100%|HC|  |TAMS 0x0000000088a00000, 0x0000000088900000| Complete 
| 138|0x0000000088a00000, 0x0000000088b00000, 0x0000000088b00000|100%|HC|  |TAMS 0x0000000088b00000, 0x0000000088a00000| Complete 
| 139|0x0000000088b00000, 0x0000000088c00000, 0x0000000088c00000|100%|HC|  |TAMS 0x0000000088c00000, 0x0000000088b00000| Complete 
| 140|0x0000000088c00000, 0x0000000088d00000, 0x0000000088d00000|100%|HC|  |TAMS 0x0000000088d00000, 0x0000000088c00000| Complete 
| 141|0x0000000088d00000, 0x0000000088e00000, 0x0000000088e00000|100%|HS|  |TAMS 0x0000000088e00000, 0x0000000088d00000| Complete 
| 142|0x0000000088e00000, 0x0000000088f00000, 0x0000000088f00000|100%|HC|  |TAMS 0x0000000088f00000, 0x0000000088e00000| Complete 
| 143|0x0000000088f00000, 0x0000000089000000, 0x0000000089000000|100%|HS|  |TAMS 0x0000000089000000, 0x0000000088f00000| Complete 
| 144|0x0000000089000000, 0x0000000089100000, 0x0000000089100000|100%|HC|  |TAMS 0x0000000089100000, 0x0000000089000000| Complete 
| 145|0x0000000089100000, 0x0000000089200000, 0x0000000089200000|100%|HC|  |TAMS 0x0000000089200000, 0x0000000089100000| Complete 
| 146|0x0000000089200000, 0x0000000089300000, 0x0000000089300000|100%|HC|  |TAMS 0x0000000089300000, 0x0000000089200000| Complete 
| 147|0x0000000089300000, 0x0000000089400000, 0x0000000089400000|100%|HC|  |TAMS 0x0000000089400000, 0x0000000089300000| Complete 
| 148|0x0000000089400000, 0x0000000089500000, 0x0000000089500000|100%| O|  |TAMS 0x0000000089500000, 0x0000000089400000| Untracked 
| 149|0x0000000089500000, 0x0000000089600000, 0x0000000089600000|100%| O|  |TAMS 0x0000000089600000, 0x0000000089500000| Untracked 
| 150|0x0000000089600000, 0x0000000089700000, 0x0000000089700000|100%| O|  |TAMS 0x0000000089700000, 0x0000000089600000| Untracked 
| 151|0x0000000089700000, 0x0000000089800000, 0x0000000089800000|100%| O|  |TAMS 0x0000000089800000, 0x0000000089700000| Untracked 
| 152|0x0000000089800000, 0x0000000089900000, 0x0000000089900000|100%| O|  |TAMS 0x0000000089900000, 0x0000000089800000| Untracked 
| 153|0x0000000089900000, 0x0000000089a00000, 0x0000000089a00000|100%| O|  |TAMS 0x0000000089a00000, 0x0000000089900000| Untracked 
| 154|0x0000000089a00000, 0x0000000089b00000, 0x0000000089b00000|100%| O|  |TAMS 0x0000000089b00000, 0x0000000089a00000| Untracked 
| 155|0x0000000089b00000, 0x0000000089c00000, 0x0000000089c00000|100%| O|  |TAMS 0x0000000089c00000, 0x0000000089b00000| Untracked 
| 156|0x0000000089c00000, 0x0000000089d00000, 0x0000000089d00000|100%| O|  |TAMS 0x0000000089d00000, 0x0000000089c00000| Untracked 
| 157|0x0000000089d00000, 0x0000000089e00000, 0x0000000089e00000|100%| O|  |TAMS 0x0000000089d58a00, 0x0000000089d00000| Untracked 
| 158|0x0000000089e00000, 0x0000000089ebda00, 0x0000000089f00000| 74%| O|  |TAMS 0x0000000089e00000, 0x0000000089e00000| Untracked 
| 159|0x0000000089f00000, 0x0000000089f00000, 0x000000008a000000|  0%| F|  |TAMS 0x0000000089f00000, 0x0000000089f00000| Untracked 
| 160|0x000000008a000000, 0x000000008a000000, 0x000000008a100000|  0%| F|  |TAMS 0x000000008a000000, 0x000000008a000000| Untracked 
| 161|0x000000008a100000, 0x000000008a100000, 0x000000008a200000|  0%| F|  |TAMS 0x000000008a100000, 0x000000008a100000| Untracked 
| 162|0x000000008a200000, 0x000000008a200000, 0x000000008a300000|  0%| F|  |TAMS 0x000000008a200000, 0x000000008a200000| Untracked 
| 163|0x000000008a300000, 0x000000008a300000, 0x000000008a400000|  0%| F|  |TAMS 0x000000008a300000, 0x000000008a300000| Untracked 
| 164|0x000000008a400000, 0x000000008a400000, 0x000000008a500000|  0%| F|  |TAMS 0x000000008a400000, 0x000000008a400000| Untracked 
| 165|0x000000008a500000, 0x000000008a500000, 0x000000008a600000|  0%| F|  |TAMS 0x000000008a500000, 0x000000008a500000| Untracked 
| 166|0x000000008a600000, 0x000000008a600000, 0x000000008a700000|  0%| F|  |TAMS 0x000000008a600000, 0x000000008a600000| Untracked 
| 167|0x000000008a700000, 0x000000008a700000, 0x000000008a800000|  0%| F|  |TAMS 0x000000008a700000, 0x000000008a700000| Untracked 
| 168|0x000000008a800000, 0x000000008a800000, 0x000000008a900000|  0%| F|  |TAMS 0x000000008a800000, 0x000000008a800000| Untracked 
| 169|0x000000008a900000, 0x000000008a900000, 0x000000008aa00000|  0%| F|  |TAMS 0x000000008a900000, 0x000000008a900000| Untracked 
| 170|0x000000008aa00000, 0x000000008aa00000, 0x000000008ab00000|  0%| F|  |TAMS 0x000000008aa00000, 0x000000008aa00000| Untracked 
| 171|0x000000008ab00000, 0x000000008ab00000, 0x000000008ac00000|  0%| F|  |TAMS 0x000000008ab00000, 0x000000008ab00000| Untracked 
| 172|0x000000008ac00000, 0x000000008ac00000, 0x000000008ad00000|  0%| F|  |TAMS 0x000000008ac00000, 0x000000008ac00000| Untracked 
| 173|0x000000008ad00000, 0x000000008ad00000, 0x000000008ae00000|  0%| F|  |TAMS 0x000000008ad00000, 0x000000008ad00000| Untracked 
| 174|0x000000008ae00000, 0x000000008ae00000, 0x000000008af00000|  0%| F|  |TAMS 0x000000008ae00000, 0x000000008ae00000| Untracked 
| 175|0x000000008af00000, 0x000000008af00000, 0x000000008b000000|  0%| F|  |TAMS 0x000000008af00000, 0x000000008af00000| Untracked 
| 176|0x000000008b000000, 0x000000008b000000, 0x000000008b100000|  0%| F|  |TAMS 0x000000008b000000, 0x000000008b000000| Untracked 
| 177|0x000000008b100000, 0x000000008b100000, 0x000000008b200000|  0%| F|  |TAMS 0x000000008b100000, 0x000000008b100000| Untracked 
| 178|0x000000008b200000, 0x000000008b200000, 0x000000008b300000|  0%| F|  |TAMS 0x000000008b200000, 0x000000008b200000| Untracked 
| 179|0x000000008b300000, 0x000000008b300000, 0x000000008b400000|  0%| F|  |TAMS 0x000000008b300000, 0x000000008b300000| Untracked 
| 180|0x000000008b400000, 0x000000008b400000, 0x000000008b500000|  0%| F|  |TAMS 0x000000008b400000, 0x000000008b400000| Untracked 
| 181|0x000000008b500000, 0x000000008b500000, 0x000000008b600000|  0%| F|  |TAMS 0x000000008b500000, 0x000000008b500000| Untracked 
| 182|0x000000008b600000, 0x000000008b700000, 0x000000008b700000|100%| S|CS|TAMS 0x000000008b600000, 0x000000008b600000| Complete 
| 183|0x000000008b700000, 0x000000008b800000, 0x000000008b800000|100%| S|CS|TAMS 0x000000008b700000, 0x000000008b700000| Complete 
| 184|0x000000008b800000, 0x000000008b800000, 0x000000008b900000|  0%| F|  |TAMS 0x000000008b800000, 0x000000008b800000| Untracked 
| 185|0x000000008b900000, 0x000000008b900000, 0x000000008ba00000|  0%| F|  |TAMS 0x000000008b900000, 0x000000008b900000| Untracked 
| 186|0x000000008ba00000, 0x000000008bb00000, 0x000000008bb00000|100%| S|CS|TAMS 0x000000008ba00000, 0x000000008ba00000| Complete 
| 187|0x000000008bb00000, 0x000000008bb00000, 0x000000008bc00000|  0%| F|  |TAMS 0x000000008bb00000, 0x000000008bb00000| Untracked 
| 188|0x000000008bc00000, 0x000000008bc00000, 0x000000008bd00000|  0%| F|  |TAMS 0x000000008bc00000, 0x000000008bc00000| Untracked 
| 189|0x000000008bd00000, 0x000000008bd00000, 0x000000008be00000|  0%| F|  |TAMS 0x000000008bd00000, 0x000000008bd00000| Untracked 
| 190|0x000000008be00000, 0x000000008be00000, 0x000000008bf00000|  0%| F|  |TAMS 0x000000008be00000, 0x000000008be00000| Untracked 
| 191|0x000000008bf00000, 0x000000008bf00000, 0x000000008c000000|  0%| F|  |TAMS 0x000000008bf00000, 0x000000008bf00000| Untracked 
| 192|0x000000008c000000, 0x000000008c000000, 0x000000008c100000|  0%| F|  |TAMS 0x000000008c000000, 0x000000008c000000| Untracked 
| 193|0x000000008c100000, 0x000000008c100000, 0x000000008c200000|  0%| F|  |TAMS 0x000000008c100000, 0x000000008c100000| Untracked 
| 194|0x000000008c200000, 0x000000008c200000, 0x000000008c300000|  0%| F|  |TAMS 0x000000008c200000, 0x000000008c200000| Untracked 
| 195|0x000000008c300000, 0x000000008c300000, 0x000000008c400000|  0%| F|  |TAMS 0x000000008c300000, 0x000000008c300000| Untracked 
| 196|0x000000008c400000, 0x000000008c400000, 0x000000008c500000|  0%| F|  |TAMS 0x000000008c400000, 0x000000008c400000| Untracked 
| 197|0x000000008c500000, 0x000000008c500000, 0x000000008c600000|  0%| F|  |TAMS 0x000000008c500000, 0x000000008c500000| Untracked 
| 198|0x000000008c600000, 0x000000008c600000, 0x000000008c700000|  0%| F|  |TAMS 0x000000008c600000, 0x000000008c600000| Untracked 
| 199|0x000000008c700000, 0x000000008c700000, 0x000000008c800000|  0%| F|  |TAMS 0x000000008c700000, 0x000000008c700000| Untracked 
| 200|0x000000008c800000, 0x000000008c800000, 0x000000008c900000|  0%| F|  |TAMS 0x000000008c800000, 0x000000008c800000| Untracked 
| 201|0x000000008c900000, 0x000000008c900000, 0x000000008ca00000|  0%| F|  |TAMS 0x000000008c900000, 0x000000008c900000| Untracked 
| 202|0x000000008ca00000, 0x000000008ca00000, 0x000000008cb00000|  0%| F|  |TAMS 0x000000008ca00000, 0x000000008ca00000| Untracked 
| 203|0x000000008cb00000, 0x000000008cb00000, 0x000000008cc00000|  0%| F|  |TAMS 0x000000008cb00000, 0x000000008cb00000| Untracked 
| 204|0x000000008cc00000, 0x000000008cc00000, 0x000000008cd00000|  0%| F|  |TAMS 0x000000008cc00000, 0x000000008cc00000| Untracked 
| 205|0x000000008cd00000, 0x000000008cd00000, 0x000000008ce00000|  0%| F|  |TAMS 0x000000008cd00000, 0x000000008cd00000| Untracked 
| 206|0x000000008ce00000, 0x000000008ce00000, 0x000000008cf00000|  0%| F|  |TAMS 0x000000008ce00000, 0x000000008ce00000| Untracked 

Card table byte_map: [0x0000024878380000,0x0000024878780000] _byte_map_base: 0x0000024877f80000

Marking Bits (Prev, Next): (CMBitMap*) 0x0000024874893ad8, (CMBitMap*) 0x0000024874893b10
 Prev Bits: [0x0000024878b80000, 0x000002487ab80000)
 Next Bits: [0x000002487ab80000, 0x000002487cb80000)

Polling page: 0x0000024872700000

Metaspace:

Usage:
  Non-class:     81.90 MB capacity,    80.28 MB ( 98%) used,     1.35 MB (  2%) free+waste,   278.69 KB ( <1%) overhead. 
      Class:     12.82 MB capacity,    11.83 MB ( 92%) used,   879.50 KB (  7%) free+waste,   129.94 KB ( <1%) overhead. 
       Both:     94.72 MB capacity,    92.11 MB ( 97%) used,     2.21 MB (  2%) free+waste,   408.62 KB ( <1%) overhead. 

Virtual space:
  Non-class space:       82.00 MB reserved,      81.92 MB (>99%) committed 
      Class space:        1.00 GB reserved,      12.82 MB (  1%) committed 
             Both:        1.08 GB reserved,      94.75 MB (  9%) committed 

Chunk freelists:
   Non-Class:  19.00 KB
       Class:  0 bytes
        Both:  19.00 KB

MaxMetaspaceSize: 17179869184.00 GB
CompressedClassSpaceSize: 1.00 GB
Initial GC threshold: 20.80 MB
Current GC threshold: 154.79 MB
CDS: off

CodeHeap 'non-profiled nmethods': size=120064Kb used=5209Kb max_used=5209Kb free=114854Kb
 bounds [0x0000024807ac0000, 0x0000024807fe0000, 0x000002480f000000]
CodeHeap 'profiled nmethods': size=120000Kb used=20071Kb max_used=20071Kb free=99928Kb
 bounds [0x0000024800590000, 0x0000024801930000, 0x0000024807ac0000]
CodeHeap 'non-nmethods': size=5696Kb used=2405Kb max_used=2420Kb free=3290Kb
 bounds [0x0000024800000000, 0x0000024800270000, 0x0000024800590000]
 total_blobs=9980 nmethods=9046 adapters=847
 compilation: enabled
              stopped_count=0, restarted_count=0
 full_count=0

Compilation events (20 events):
Event: 92.393 Thread 0x000002487ef8a000 9078       3       org.gradle.api.internal.artifacts.ivyservice.resolveengine.graph.builder.NodeState::notNull (12 bytes)
Event: 92.393 Thread 0x000002487ef8a000 nmethod 9078 0x0000024801925790 code [0x0000024801925940, 0x0000024801925a78]
Event: 92.393 Thread 0x000002487ef8a000 9079       3       org.gradle.api.internal.artifacts.ivyservice.resolveengine.strict.StrictVersionConstraints$1::union (2 bytes)
Event: 92.393 Thread 0x000002487ef8a000 nmethod 9079 0x0000024801925b10 code [0x0000024801925cc0, 0x0000024801925db8]
Event: 92.394 Thread 0x000002487ef8a000 9080       3       com.google.common.primitives.Longs::tryParse (7 bytes)
Event: 92.394 Thread 0x000002487ef8a000 nmethod 9080 0x0000024801925e90 code [0x0000024801926040, 0x0000024801926148]
Event: 92.394 Thread 0x000002487ef8a000 9081       1       org.gradle.api.internal.artifacts.ivyservice.ivyresolve.strategy.VersionParser$DefaultVersion::getParts (5 bytes)
Event: 92.394 Thread 0x000002487ef8a000 nmethod 9081 0x0000024807fd5f10 code [0x0000024807fd60c0, 0x0000024807fd6178]
Event: 92.394 Thread 0x000002487ef8a000 9082       1       org.gradle.api.internal.artifacts.ivyservice.ivyresolve.strategy.VersionParser$DefaultVersion::getNumericParts (5 bytes)
Event: 92.394 Thread 0x000002487ef8a000 nmethod 9082 0x0000024807fd6210 code [0x0000024807fd63c0, 0x0000024807fd6478]
Event: 92.394 Thread 0x000002487ef8a000 9083       3       org.gradle.api.internal.artifacts.ivyservice.resolveengine.graph.builder.DefaultPendingDependenciesVisitor::markNoLongerPending (45 bytes)
Event: 92.395 Thread 0x000002487ef8a000 nmethod 9083 0x0000024801926210 code [0x0000024801926440, 0x0000024801926bd8]
Event: 92.395 Thread 0x000002487ef8a000 9084       3       org.gradle.api.internal.artifacts.ivyservice.resolveengine.graph.builder.EdgeState::<init> (90 bytes)
Event: 92.396 Thread 0x000002487ef8a000 nmethod 9084 0x0000024801926e90 code [0x00000248019270c0, 0x0000024801927a28]
Event: 92.396 Thread 0x000002487ef8a000 9085       3       org.gradle.api.internal.artifacts.ivyservice.resolveengine.graph.builder.NodeState::versionProvidedByAncestors (34 bytes)
Event: 92.397 Thread 0x000002487ef8a000 nmethod 9085 0x0000024801927d10 code [0x0000024801927f20, 0x0000024801928458]
Event: 92.397 Thread 0x000002487ef8a000 9086       3       org.gradle.api.internal.artifacts.ivyservice.resolveengine.graph.builder.ResolveState::getSelector (53 bytes)
Event: 92.398 Thread 0x000002487ef8a000 nmethod 9086 0x0000024801928690 code [0x00000248019288e0, 0x00000248019292b8]
Event: 92.398 Thread 0x000002487ef8a000 9087       3       org.gradle.api.internal.artifacts.ivyservice.resolveengine.graph.builder.DependencyState::maybeAddReason (37 bytes)
Event: 92.398 Thread 0x000002487ef8a000 nmethod 9087 0x0000024801929690 code [0x0000024801929880, 0x0000024801929c78]

GC Heap History (20 events):
Event: 83.925 GC heap after
{Heap after GC invocations=75 (full 0):
 garbage-first heap   total 211968K, used 157731K [0x0000000080000000, 0x0000000100000000)
  region size 1024K, 4 young (4096K), 4 survivors (4096K)
 Metaspace       used 79461K, capacity 81678K, committed 81916K, reserved 1120256K
  class space    used 10245K, capacity 11083K, committed 11084K, reserved 1048576K
}
Event: 84.212 GC heap before
{Heap before GC invocations=75 (full 0):
 garbage-first heap   total 211968K, used 176163K [0x0000000080000000, 0x0000000100000000)
  region size 1024K, 22 young (22528K), 4 survivors (4096K)
 Metaspace       used 79927K, capacity 82104K, committed 82300K, reserved 1120256K
  class space    used 10294K, capacity 11117K, committed 11212K, reserved 1048576K
}
Event: 84.222 GC heap after
{Heap after GC invocations=76 (full 0):
 garbage-first heap   total 211968K, used 157968K [0x0000000080000000, 0x0000000100000000)
  region size 1024K, 1 young (1024K), 1 survivors (1024K)
 Metaspace       used 79927K, capacity 82104K, committed 82300K, reserved 1120256K
  class space    used 10294K, capacity 11117K, committed 11212K, reserved 1048576K
}
Event: 84.762 GC heap before
{Heap before GC invocations=77 (full 0):
 garbage-first heap   total 211968K, used 177424K [0x0000000080000000, 0x0000000100000000)
  region size 1024K, 20 young (20480K), 1 survivors (1024K)
 Metaspace       used 80515K, capacity 82753K, committed 82812K, reserved 1120256K
  class space    used 10370K, capacity 11184K, committed 11212K, reserved 1048576K
}
Event: 84.770 GC heap after
{Heap after GC invocations=78 (full 0):
 garbage-first heap   total 211968K, used 158100K [0x0000000080000000, 0x0000000100000000)
  region size 1024K, 1 young (1024K), 1 survivors (1024K)
 Metaspace       used 80515K, capacity 82753K, committed 82812K, reserved 1120256K
  class space    used 10370K, capacity 11184K, committed 11212K, reserved 1048576K
}
Event: 85.443 GC heap before
{Heap before GC invocations=78 (full 0):
 garbage-first heap   total 211968K, used 177556K [0x0000000080000000, 0x0000000100000000)
  region size 1024K, 21 young (21504K), 1 survivors (1024K)
 Metaspace       used 80824K, capacity 83061K, committed 83196K, reserved 1122304K
  class space    used 10401K, capacity 11218K, committed 11340K, reserved 1048576K
}
Event: 85.451 GC heap after
{Heap after GC invocations=79 (full 0):
 garbage-first heap   total 211968K, used 158904K [0x0000000080000000, 0x0000000100000000)
  region size 1024K, 2 young (2048K), 2 survivors (2048K)
 Metaspace       used 80824K, capacity 83061K, committed 83196K, reserved 1122304K
  class space    used 10401K, capacity 11218K, committed 11340K, reserved 1048576K
}
Event: 86.395 GC heap before
{Heap before GC invocations=80 (full 0):
 garbage-first heap   total 211968K, used 179384K [0x0000000080000000, 0x0000000100000000)
  region size 1024K, 22 young (22528K), 2 survivors (2048K)
 Metaspace       used 81790K, capacity 84104K, committed 84348K, reserved 1122304K
  class space    used 10520K, capacity 11393K, committed 11468K, reserved 1048576K
}
Event: 86.406 GC heap after
{Heap after GC invocations=81 (full 0):
 garbage-first heap   total 211968K, used 159566K [0x0000000080000000, 0x0000000100000000)
  region size 1024K, 3 young (3072K), 3 survivors (3072K)
 Metaspace       used 81790K, capacity 84104K, committed 84348K, reserved 1122304K
  class space    used 10520K, capacity 11393K, committed 11468K, reserved 1048576K
}
Event: 86.476 GC heap before
{Heap before GC invocations=81 (full 0):
 garbage-first heap   total 211968K, used 159566K [0x0000000080000000, 0x0000000100000000)
  region size 1024K, 5 young (5120K), 3 survivors (3072K)
 Metaspace       used 81985K, capacity 84328K, committed 84604K, reserved 1122304K
  class space    used 10531K, capacity 11425K, committed 11468K, reserved 1048576K
}
Event: 86.485 GC heap after
{Heap after GC invocations=82 (full 0):
 garbage-first heap   total 211968K, used 160236K [0x0000000080000000, 0x0000000100000000)
  region size 1024K, 2 young (2048K), 2 survivors (2048K)
 Metaspace       used 81985K, capacity 84328K, committed 84604K, reserved 1122304K
  class space    used 10531K, capacity 11425K, committed 11468K, reserved 1048576K
}
Event: 87.911 GC heap before
{Heap before GC invocations=83 (full 0):
 garbage-first heap   total 211968K, used 182764K [0x0000000080000000, 0x0000000100000000)
  region size 1024K, 23 young (23552K), 2 survivors (2048K)
 Metaspace       used 84920K, capacity 87333K, committed 87548K, reserved 1124352K
  class space    used 10845K, capacity 11721K, committed 11852K, reserved 1048576K
}
Event: 87.922 GC heap after
{Heap after GC invocations=84 (full 0):
 garbage-first heap   total 211968K, used 160012K [0x0000000080000000, 0x0000000100000000)
  region size 1024K, 2 young (2048K), 2 survivors (2048K)
 Metaspace       used 84920K, capacity 87333K, committed 87548K, reserved 1124352K
  class space    used 10845K, capacity 11721K, committed 11852K, reserved 1048576K
}
Event: 88.689 GC heap before
{Heap before GC invocations=84 (full 0):
 garbage-first heap   total 211968K, used 182540K [0x0000000080000000, 0x0000000100000000)
  region size 1024K, 24 young (24576K), 2 survivors (2048K)
 Metaspace       used 87137K, capacity 89634K, committed 89852K, reserved 1126400K
  class space    used 11185K, capacity 12092K, committed 12108K, reserved 1048576K
}
Event: 88.708 GC heap after
{Heap after GC invocations=85 (full 0):
 garbage-first heap   total 211968K, used 161317K [0x0000000080000000, 0x0000000100000000)
  region size 1024K, 3 young (3072K), 3 survivors (3072K)
 Metaspace       used 87137K, capacity 89634K, committed 89852K, reserved 1126400K
  class space    used 11185K, capacity 12092K, committed 12108K, reserved 1048576K
}
Event: 89.962 GC heap before
{Heap before GC invocations=86 (full 0):
 garbage-first heap   total 211968K, used 183845K [0x0000000080000000, 0x0000000100000000)
  region size 1024K, 25 young (25600K), 3 survivors (3072K)
 Metaspace       used 89973K, capacity 92527K, committed 92668K, reserved 1130496K
  class space    used 11557K, capacity 12499K, committed 12620K, reserved 1048576K
}
Event: 89.984 GC heap after
{Heap after GC invocations=87 (full 0):
 garbage-first heap   total 211968K, used 162544K [0x0000000080000000, 0x0000000100000000)
  region size 1024K, 3 young (3072K), 3 survivors (3072K)
 Metaspace       used 89973K, capacity 92527K, committed 92668K, reserved 1130496K
  class space    used 11557K, capacity 12499K, committed 12620K, reserved 1048576K
}
Event: 90.978 GC heap before
{Heap before GC invocations=87 (full 0):
 garbage-first heap   total 211968K, used 184048K [0x0000000080000000, 0x0000000100000000)
  region size 1024K, 24 young (24576K), 3 survivors (3072K)
 Metaspace       used 91950K, capacity 94666K, committed 94844K, reserved 1130496K
  class space    used 11855K, capacity 12883K, committed 13004K, reserved 1048576K
}
Event: 90.998 GC heap after
{Heap after GC invocations=88 (full 0):
 garbage-first heap   total 211968K, used 163989K [0x0000000080000000, 0x0000000100000000)
  region size 1024K, 3 young (3072K), 3 survivors (3072K)
 Metaspace       used 91950K, capacity 94666K, committed 94844K, reserved 1130496K
  class space    used 11855K, capacity 12883K, committed 13004K, reserved 1048576K
}
Event: 92.406 GC heap before
{Heap before GC invocations=89 (full 0):
 garbage-first heap   total 211968K, used 184469K [0x0000000080000000, 0x0000000100000000)
  region size 1024K, 23 young (23552K), 3 survivors (3072K)
 Metaspace       used 94321K, capacity 96992K, committed 97020K, reserved 1132544K
  class space    used 12113K, capacity 13123K, committed 13132K, reserved 1048576K
}

Deoptimization events (20 events):
Event: 90.376 Thread 0x000002480f939000 DEOPT PACKING pc=0x00000248014fc349 sp=0x000000db275f6c10
Event: 90.376 Thread 0x000002480f939000 DEOPT UNPACKING pc=0x000002480004a93f sp=0x000000db275f6168 mode 0
Event: 91.193 Thread 0x000002480f939000 Uncommon trap: trap_request=0xffffff4d fr.pc=0x0000024807d14c64 relative=0x0000000000000264
Event: 91.193 Thread 0x000002480f939000 Uncommon trap: reason=unstable_if action=reinterpret pc=0x0000024807d14c64 method=java.lang.Class.getTypeName()Ljava/lang/String; @ 23 c2
Event: 91.193 Thread 0x000002480f939000 DEOPT PACKING pc=0x0000024807d14c64 sp=0x000000db275f8e60
Event: 91.193 Thread 0x000002480f939000 DEOPT UNPACKING pc=0x000002480004a1a9 sp=0x000000db275f8e28 mode 2
Event: 91.412 Thread 0x000002480f939000 DEOPT PACKING pc=0x00000248014fc349 sp=0x000000db275f7bd0
Event: 91.412 Thread 0x000002480f939000 DEOPT UNPACKING pc=0x000002480004a93f sp=0x000000db275f7128 mode 0
Event: 91.422 Thread 0x000002480f939000 Uncommon trap: trap_request=0xffffffc6 fr.pc=0x0000024807e232fc relative=0x00000000000019dc
Event: 91.422 Thread 0x000002480f939000 Uncommon trap: reason=bimorphic_or_optimized_type_check action=maybe_recompile pc=0x0000024807e232fc method=java.util.concurrent.ConcurrentHashMap.putVal(Ljava/lang/Object;Ljava/lang/Object;Z)Ljava/lang/Object; @ 242 c2
Event: 91.422 Thread 0x000002480f939000 DEOPT PACKING pc=0x0000024807e232fc sp=0x000000db275f8bd0
Event: 91.422 Thread 0x000002480f939000 DEOPT UNPACKING pc=0x000002480004a1a9 sp=0x000000db275f8b50 mode 2
Event: 91.438 Thread 0x000002480f939000 Uncommon trap: trap_request=0xffffffc6 fr.pc=0x0000024807e232fc relative=0x00000000000019dc
Event: 91.438 Thread 0x000002480f939000 Uncommon trap: reason=bimorphic_or_optimized_type_check action=maybe_recompile pc=0x0000024807e232fc method=java.util.concurrent.ConcurrentHashMap.putVal(Ljava/lang/Object;Ljava/lang/Object;Z)Ljava/lang/Object; @ 242 c2
Event: 91.438 Thread 0x000002480f939000 DEOPT PACKING pc=0x0000024807e232fc sp=0x000000db275f88b0
Event: 91.438 Thread 0x000002480f939000 DEOPT UNPACKING pc=0x000002480004a1a9 sp=0x000000db275f8830 mode 2
Event: 92.004 Thread 0x000002480f939000 Uncommon trap: trap_request=0xffffff4d fr.pc=0x0000024807e22f1c relative=0x00000000000015fc
Event: 92.004 Thread 0x000002480f939000 Uncommon trap: reason=unstable_if action=reinterpret pc=0x0000024807e22f1c method=java.util.concurrent.ConcurrentHashMap.putVal(Ljava/lang/Object;Ljava/lang/Object;Z)Ljava/lang/Object; @ 162 c2
Event: 92.004 Thread 0x000002480f939000 DEOPT PACKING pc=0x0000024807e22f1c sp=0x000000db275fa610
Event: 92.004 Thread 0x000002480f939000 DEOPT UNPACKING pc=0x000002480004a1a9 sp=0x000000db275fa5a8 mode 2

Classes redefined (0 events):
No events

Internal exceptions (20 events):
Event: 86.143 Thread 0x000002480f939000 Exception <a 'java/lang/ClassNotFoundException'{0x000000008bf38640}: org/gradle/api/internal/tasks/DefaultSourceSetContainerCustomizer> (0x000000008bf38640) thrown at [src/hotspot/share/classfile/systemDictionary.cpp, line 230]
Event: 86.146 Thread 0x000002480f939000 Exception <a 'java/lang/ClassNotFoundException'{0x000000008bf6def0}: org/gradle/api/internal/tasks/DefaultSourceSetContainer_DecoratedCustomizer> (0x000000008bf6def0) thrown at [src/hotspot/share/classfile/systemDictionary.cpp, line 230]
Event: 86.298 Thread 0x000002481113d000 Exception <a 'java/lang/NoSuchMethodError'{0x000000008bd722f8}: <clinit>> (0x000000008bd722f8) thrown at [src/hotspot/share/prims/jni.cpp, line 1367]
Event: 87.745 Thread 0x000002480f939000 Exception <a 'sun/nio/fs/WindowsException'{0x000000008bb5db60}> (0x000000008bb5db60) thrown at [src/hotspot/share/prims/jni.cpp, line 617]
Event: 88.102 Thread 0x000002480f939000 Exception <a 'java/lang/NullPointerException'{0x000000008c845580}> (0x000000008c845580) thrown at [src/hotspot/share/interpreter/linkResolver.cpp, line 1440]
Event: 89.106 Thread 0x000002480f939000 Exception <a 'sun/nio/fs/WindowsException'{0x000000008cd7bca8}> (0x000000008cd7bca8) thrown at [src/hotspot/share/prims/jni.cpp, line 617]
Event: 89.107 Thread 0x000002480f939000 Exception <a 'sun/nio/fs/WindowsException'{0x000000008cd7cfe8}> (0x000000008cd7cfe8) thrown at [src/hotspot/share/prims/jni.cpp, line 617]
Event: 89.107 Thread 0x000002480f939000 Exception <a 'sun/nio/fs/WindowsException'{0x000000008cd7e378}> (0x000000008cd7e378) thrown at [src/hotspot/share/prims/jni.cpp, line 617]
Event: 89.107 Thread 0x000002480f939000 Exception <a 'sun/nio/fs/WindowsException'{0x000000008cd7f708}> (0x000000008cd7f708) thrown at [src/hotspot/share/prims/jni.cpp, line 617]
Event: 89.373 Thread 0x000002480f939000 Exception <a 'java/lang/NoSuchMethodError'{0x000000008c7b0638}: 'java.lang.Object java.lang.invoke.DirectMethodHandle$Holder.invokeStatic(java.lang.Object, java.lang.Object, java.lang.Object, java.lang.Object, java.lang.Object, java.lang.Object, int)'> (0x000000008c7b0638) thrown at [src/hotspot/share/interpreter/linkResolver.cpp, line 773]
Event: 89.376 Thread 0x000002480f939000 Exception <a 'java/lang/NoSuchMethodError'{0x000000008c7c8c80}: 'java.lang.Object java.lang.invoke.DirectMethodHandle$Holder.invokeStatic(java.lang.Object, java.lang.Object, java.lang.Object, java.lang.Object, java.lang.Object, java.lang.Object, int, int)'> (0x000000008c7c8c80) thrown at [src/hotspot/share/interpreter/linkResolver.cpp, line 773]
Event: 89.378 Thread 0x000002480f939000 Exception <a 'java/lang/NoSuchMethodError'{0x000000008c7e14e0}: 'java.lang.Object java.lang.invoke.DirectMethodHandle$Holder.invokeStatic(java.lang.Object, java.lang.Object, java.lang.Object, java.lang.Object, java.lang.Object, java.lang.Object, int, int, java.lang.Object)'> (0x000000008c7e14e0) thrown at [src/hotspot/share/interpreter/linkResolver.cpp, line 773]
Event: 89.628 Thread 0x000002480f939000 Exception <a 'java/lang/NoSuchMethodError'{0x000000008c01f3a8}: 'int java.lang.invoke.DirectMethodHandle$Holder.invokeSpecialIFC(java.lang.Object, java.lang.Object, java.lang.Object)'> (0x000000008c01f3a8) thrown at [src/hotspot/share/interpreter/linkResolver.cpp, line 773]
Event: 89.821 Thread 0x000002480f939000 Exception <a 'java/lang/NoSuchMethodError'{0x000000008bdad260}: 'java.lang.Object java.lang.invoke.DirectMethodHandle$Holder.invokeStatic(java.lang.Object, java.lang.Object, java.lang.Object, java.lang.Object, int, java.lang.Object)'> (0x000000008bdad260) thrown at [src/hotspot/share/interpreter/linkResolver.cpp, line 773]
Event: 89.824 Thread 0x000002480f939000 Exception <a 'java/lang/NoSuchMethodError'{0x000000008bdb1b30}: 'java.lang.Object java.lang.invoke.DirectMethodHandle$Holder.invokeSpecial(java.lang.Object, java.lang.Object, java.lang.Object, java.lang.Object, java.lang.Object, int, java.lang.Object)'> (0x000000008bdb1b30) thrown at [src/hotspot/share/interpreter/linkResolver.cpp, line 773]
Event: 89.824 Thread 0x000002480f939000 Exception <a 'java/lang/NoSuchMethodError'{0x000000008bdb5dc0}: 'java.lang.Object java.lang.invoke.Invokers$Holder.linkToTargetMethod(java.lang.Object, java.lang.Object, java.lang.Object, int, java.lang.Object, java.lang.Object)'> (0x000000008bdb5dc0) thrown at [src/hotspot/share/interpreter/linkResolver.cpp, line 773]
Event: 90.469 Thread 0x000002480f939000 Exception <a 'java/lang/NoSuchMethodError'{0x000000008c2225d0}: 'void java.lang.invoke.DirectMethodHandle$Holder.invokeStatic(java.lang.Object, java.lang.Object, java.lang.Object, java.lang.Object, int, java.lang.Object, java.lang.Object)'> (0x000000008c2225d0) thrown at [src/hotspot/share/interpreter/linkResolver.cpp, line 773]
Event: 90.517 Thread 0x000002480f939000 Exception <a 'java/lang/IncompatibleClassChangeError'{0x000000008c1dbd90}: Found class java.lang.Object, but interface was expected> (0x000000008c1dbd90) thrown at [src/hotspot/share/interpreter/linkResolver.cpp, line 839]
Event: 90.652 Thread 0x0000024810e8d000 Exception <a 'java/lang/IncompatibleClassChangeError'{0x000000008be2be38}: Found class java.lang.Object, but interface was expected> (0x000000008be2be38) thrown at [src/hotspot/share/interpreter/linkResolver.cpp, line 839]
Event: 90.701 Thread 0x0000024810e8d000 Exception <a 'java/lang/NoSuchMethodError'{0x000000008bdea2f0}: 'int java.lang.invoke.DirectMethodHandle$Holder.invokeStaticInit(java.lang.Object, java.lang.Object, java.lang.Object, java.lang.Object, java.lang.Object)'> (0x000000008bdea2f0) thrown at [src/hotspot/share/interpreter/linkResolver.cpp, line 773]

Events (20 events):
Event: 92.161 loading class org/gradle/internal/resolve/caching/ImplicitInputsCapturingInstantiator$1 done
Event: 92.185 Executing VM operation: RevokeBias
Event: 92.186 Executing VM operation: RevokeBias done
Event: 92.188 loading class org/gradle/internal/component/external/model/ivy/DefaultIvyModuleResolveMetadata
Event: 92.188 loading class org/gradle/internal/component/external/model/ivy/DefaultIvyModuleResolveMetadata done
Event: 92.189 loading class org/gradle/internal/component/external/model/ivy/IvyModuleResolveMetadata
Event: 92.189 loading class org/gradle/internal/component/external/model/ivy/IvyModuleResolveMetadata done
Event: 92.192 loading class org/gradle/internal/component/external/model/AbstractRealisedModuleComponentResolveMetadata$ImmutableRealisedVariantImpl
Event: 92.192 loading class org/gradle/internal/component/external/model/AbstractRealisedModuleComponentResolveMetadata$ImmutableRealisedVariantImpl done
Event: 92.195 loading class org/gradle/internal/component/external/model/LazyToRealisedModuleComponentResolveMetadataHelper
Event: 92.195 loading class org/gradle/internal/component/external/model/LazyToRealisedModuleComponentResolveMetadataHelper done
Event: 92.198 loading class org/gradle/internal/component/external/model/RealisedConfigurationMetadata
Event: 92.198 loading class org/gradle/internal/component/external/model/RealisedConfigurationMetadata done
Event: 92.203 loading class org/gradle/internal/resolve/caching/ComponentMetadataRuleExecutor$SimpleResolvedModuleVersion
Event: 92.203 loading class org/gradle/internal/resolve/caching/ComponentMetadataRuleExecutor$SimpleResolvedModuleVersion done
Event: 92.224 loading class org/gradle/internal/component/external/model/RealisedVariantBackedConfigurationMetadata
Event: 92.224 loading class org/gradle/internal/component/external/model/RealisedVariantBackedConfigurationMetadata done
Event: 92.225 loading class org/gradle/internal/component/external/model/RealisedVariantBackedConfigurationMetadata$ComponentAttributesAwareVariant
Event: 92.225 loading class org/gradle/internal/component/external/model/RealisedVariantBackedConfigurationMetadata$ComponentAttributesAwareVariant done
Event: 92.406 Executing VM operation: G1CollectForAllocation


Dynamic libraries:
0x00007ff7c9d60000 - 0x00007ff7c9d6a000 	D:\Android Studio\android\jbr\bin\java.exe
0x00007ffdd1b30000 - 0x00007ffdd1d28000 	C:\windows\SYSTEM32\ntdll.dll
0x00007ffdd05d0000 - 0x00007ffdd068f000 	C:\windows\System32\KERNEL32.DLL
0x00007ffdcf340000 - 0x00007ffdcf612000 	C:\windows\System32\KERNELBASE.dll
0x00007ffdcf6b0000 - 0x00007ffdcf7b0000 	C:\windows\System32\ucrtbase.dll
0x00007ffda8540000 - 0x00007ffda8557000 	D:\Android Studio\android\jbr\bin\jli.dll
0x00007ffdd16e0000 - 0x00007ffdd1881000 	C:\windows\System32\USER32.dll
0x00007ffdcf8c0000 - 0x00007ffdcf8e2000 	C:\windows\System32\win32u.dll
0x00007ffdb7eb0000 - 0x00007ffdb814a000 	C:\windows\WinSxS\amd64_microsoft.windows.common-controls_6595b64144ccf1df_6.0.19041.1110_none_60b5254171f9507e\COMCTL32.dll
0x00007ffdd02b0000 - 0x00007ffdd02db000 	C:\windows\System32\GDI32.dll
0x00007ffdd0690000 - 0x00007ffdd072e000 	C:\windows\System32\msvcrt.dll
0x00007ffdcf7b0000 - 0x00007ffdcf8bf000 	C:\windows\System32\gdi32full.dll
0x00007ffdcfa50000 - 0x00007ffdcfaed000 	C:\windows\System32\msvcp_win.dll
0x00007ffda82f0000 - 0x00007ffda830b000 	D:\Android Studio\android\jbr\bin\VCRUNTIME140.dll
0x00007ffdd0730000 - 0x00007ffdd0762000 	C:\windows\System32\IMM32.DLL
0x00007ffd9c9b0000 - 0x00007ffd9c9bc000 	D:\Android Studio\android\jbr\bin\vcruntime140_1.dll
0x00007ffd967e0000 - 0x00007ffd9686d000 	D:\Android Studio\android\jbr\bin\msvcp140.dll
0x00007ffd94190000 - 0x00007ffd94d4c000 	D:\Android Studio\android\jbr\bin\server\jvm.dll
0x00007ffdcfb70000 - 0x00007ffdcfc1e000 	C:\windows\System32\ADVAPI32.dll
0x00007ffdd0210000 - 0x00007ffdd02ac000 	C:\windows\System32\sechost.dll
0x00007ffdd19c0000 - 0x00007ffdd1ae5000 	C:\windows\System32\RPCRT4.dll
0x00007ffdd16d0000 - 0x00007ffdd16d8000 	C:\windows\System32\PSAPI.DLL
0x00007ffdad210000 - 0x00007ffdad237000 	C:\windows\SYSTEM32\WINMM.dll
0x00007ffdbf700000 - 0x00007ffdbf709000 	C:\windows\SYSTEM32\WSOCK32.dll
0x00007ffdd1890000 - 0x00007ffdd18fb000 	C:\windows\System32\WS2_32.dll
0x00007ffdc7a60000 - 0x00007ffdc7a6a000 	C:\windows\SYSTEM32\VERSION.dll
0x00007ffdcda80000 - 0x00007ffdcda92000 	C:\windows\SYSTEM32\kernel.appcore.dll
0x00007ffda6a70000 - 0x00007ffda6a80000 	D:\Android Studio\android\jbr\bin\verify.dll
0x00007ffdcd750000 - 0x00007ffdcd934000 	C:\windows\SYSTEM32\DBGHELP.DLL
0x00007ffdb9cb0000 - 0x00007ffdb9ce5000 	C:\windows\SYSTEM32\dbgcore.DLL
0x00007ffdcf620000 - 0x00007ffdcf6a2000 	C:\windows\System32\bcryptPrimitives.dll
0x00007ffd9a3f0000 - 0x00007ffd9a418000 	D:\Android Studio\android\jbr\bin\java.dll
0x00007ffda6a30000 - 0x00007ffda6a3a000 	D:\Android Studio\android\jbr\bin\jimage.dll
0x00007ffd99980000 - 0x00007ffd99998000 	D:\Android Studio\android\jbr\bin\zip.dll
0x00007ffdd0f80000 - 0x00007ffdd16c4000 	C:\windows\System32\SHELL32.dll
0x00007ffdccee0000 - 0x00007ffdcd672000 	C:\windows\SYSTEM32\windows.storage.dll
0x00007ffdcfc20000 - 0x00007ffdcff75000 	C:\windows\System32\combase.dll
0x00007ffdceba0000 - 0x00007ffdcebd0000 	C:\windows\SYSTEM32\Wldp.dll
0x00007ffdd0a00000 - 0x00007ffdd0aad000 	C:\windows\System32\SHCORE.dll
0x00007ffdd1960000 - 0x00007ffdd19b5000 	C:\windows\System32\shlwapi.dll
0x00007ffdcf160000 - 0x00007ffdcf17f000 	C:\windows\SYSTEM32\profapi.dll
0x00007ffd98fc0000 - 0x00007ffd98fd9000 	D:\Android Studio\android\jbr\bin\net.dll
0x00007ffdbfb90000 - 0x00007ffdbfc9c000 	C:\windows\SYSTEM32\WINHTTP.dll
0x00007ffdce8c0000 - 0x00007ffdce92a000 	C:\windows\system32\mswsock.dll
0x00007ffd978a0000 - 0x00007ffd978b3000 	D:\Android Studio\android\jbr\bin\nio.dll
0x00007ffd94d70000 - 0x00007ffd94d97000 	C:\SD Card\.gradle\native\e1d6ef7f7dcc3fd88c89a11ec53ec762bb8ba0a96d01ffa2cd45eb1d1d8dd5c5\windows-amd64\native-platform.dll
0x00007ffd96690000 - 0x00007ffd967d4000 	C:\SD Card\.gradle\native\0d407fdbe67a94daf76414ababcb853783967236a71b16ec16e742cd7a986fd3\windows-amd64\native-platform-file-events.dll
0x00007ffda69c0000 - 0x00007ffda69ca000 	D:\Android Studio\android\jbr\bin\management.dll
0x00007ffda6900000 - 0x00007ffda690b000 	D:\Android Studio\android\jbr\bin\management_ext.dll
0x00007ffdceae0000 - 0x00007ffdceaf8000 	C:\windows\SYSTEM32\CRYPTSP.dll
0x00007ffdce1e0000 - 0x00007ffdce214000 	C:\windows\system32\rsaenh.dll
0x00007ffdcfaf0000 - 0x00007ffdcfb17000 	C:\windows\System32\bcrypt.dll
0x00007ffdcf0e0000 - 0x00007ffdcf10e000 	C:\windows\SYSTEM32\USERENV.dll
0x00007ffdcead0000 - 0x00007ffdceadc000 	C:\windows\SYSTEM32\CRYPTBASE.dll
0x00007ffdce5c0000 - 0x00007ffdce5fb000 	C:\windows\SYSTEM32\IPHLPAPI.DLL
0x00007ffdd0770000 - 0x00007ffdd0778000 	C:\windows\System32\NSI.dll
0x00007ffdbfa90000 - 0x00007ffdbfaa7000 	C:\windows\SYSTEM32\dhcpcsvc6.DLL
0x00007ffdbf7f0000 - 0x00007ffdbf80d000 	C:\windows\SYSTEM32\dhcpcsvc.DLL
0x00007ffdce600000 - 0x00007ffdce6ca000 	C:\windows\SYSTEM32\DNSAPI.dll

dbghelp: loaded successfully - version: 4.0.5 - missing functions: none
symbol engine: initialized successfully - sym options: 0x614 - pdb path: .;D:\Android Studio\android\jbr\bin;C:\windows\SYSTEM32;C:\windows\WinSxS\amd64_microsoft.windows.common-controls_6595b64144ccf1df_6.0.19041.1110_none_60b5254171f9507e;D:\Android Studio\android\jbr\bin\server;C:\SD Card\.gradle\native\e1d6ef7f7dcc3fd88c89a11ec53ec762bb8ba0a96d01ffa2cd45eb1d1d8dd5c5\windows-amd64;C:\SD Card\.gradle\native\0d407fdbe67a94daf76414ababcb853783967236a71b16ec16e742cd7a986fd3\windows-amd64

VM Arguments:
jvm_args: --add-opens=java.base/java.util=ALL-UNNAMED --add-opens=java.base/java.lang=ALL-UNNAMED --add-opens=java.base/java.lang.invoke=ALL-UNNAMED --add-opens=java.base/java.util=ALL-UNNAMED --add-opens=java.prefs/java.util.prefs=ALL-UNNAMED --add-opens=java.prefs/java.util.prefs=ALL-UNNAMED --add-opens=java.base/java.nio.charset=ALL-UNNAMED --add-opens=java.base/java.net=ALL-UNNAMED --add-opens=java.base/java.util.concurrent.atomic=ALL-UNNAMED -Xmx2048m -Dfile.encoding=UTF-8 -Duser.country=US -Duser.language=en -Duser.variant 
java_command: org.gradle.launcher.daemon.bootstrap.GradleDaemon 7.5
java_class_path (initial): C:\SD Card\.gradle\wrapper\dists\gradle-7.5-bin\f1w0cc9nuo0eivz97x2xlu9sv\gradle-7.5\lib\gradle-launcher-7.5.jar
Launcher Type: SUN_STANDARD

[Global flags]
     intx CICompilerCount                          = 2                                         {product} {ergonomic}
     uint ConcGCThreads                            = 1                                         {product} {ergonomic}
     uint G1ConcRefinementThreads                  = 2                                         {product} {ergonomic}
   size_t G1HeapRegionSize                         = 1048576                                   {product} {ergonomic}
    uintx GCDrainStackTargetSize                   = 64                                        {product} {ergonomic}
   size_t InitialHeapSize                          = 65011712                                  {product} {ergonomic}
   size_t MarkStackSize                            = 4194304                                   {product} {ergonomic}
   size_t MaxHeapSize                              = 2147483648                                {product} {command line}
   size_t MaxNewSize                               = 1287651328                                {product} {ergonomic}
   size_t MinHeapDeltaBytes                        = 1048576                                   {product} {ergonomic}
    uintx NonNMethodCodeHeapSize                   = 5825164                                {pd product} {ergonomic}
    uintx NonProfiledCodeHeapSize                  = 122916538                              {pd product} {ergonomic}
    uintx ProfiledCodeHeapSize                     = 122916538                              {pd product} {ergonomic}
    uintx ReservedCodeCacheSize                    = 251658240                              {pd product} {ergonomic}
     bool SegmentedCodeCache                       = true                                      {product} {ergonomic}
     bool UseCompressedClassPointers               = true                                 {lp64_product} {ergonomic}
     bool UseCompressedOops                        = true                                 {lp64_product} {ergonomic}
     bool UseG1GC                                  = true                                      {product} {ergonomic}
     bool UseLargePagesIndividualAllocation        = false                                  {pd product} {ergonomic}

Logging:
Log output configuration:
 #0: stdout all=warning uptime,level,tags
 #1: stderr all=off uptime,level,tags

Environment Variables:
PATH=C:\windows\system32;C:\windows;C:\windows\System32\Wbem;C:\windows\System32\WindowsPowerShell\v1.0\;C:\Program Files (x86)\dotnet\;C:\Program Files\dotnet\;C:\Program Files\Java\jdk-19\bin;D:\MinGW\bin;D:\Git\cmd;C:\Users\karin\AppData\Local\Microsoft\WindowsApps;C:\Program Files (x86)\SSH Communications Security\SSH Secure Shell
USERNAME=karin
OS=Windows_NT
PROCESSOR_IDENTIFIER=Intel64 Family 6 Model 122 Stepping 8, GenuineIntel



---------------  S Y S T E M  ---------------

OS: Windows 10 , 64 bit Build 19041 (10.0.19041.2364)
OS uptime: 0 days 6:46 hours
Hyper-V role detected

CPU:total 2 (initial active 2) (2 cores per cpu, 1 threads per core) family 6 model 122 stepping 8 microcode 0x18, cmov, cx8, fxsr, mmx, sse, sse2, sse3, ssse3, sse4.1, sse4.2, popcnt, aes, clmul, erms, 3dnowpref, tsc, tscinvbit, sha

Memory: 4k page, system-wide physical 3911M (276M free)
TotalPageFile size 5259M (AvailPageFile size 17M)
current process WorkingSet (physical memory assigned to process): 444M, peak: 447M
current process commit charge ("private bytes"): 471M, peak: 513M

vm_info: OpenJDK 64-Bit Server VM (11.0.15+0-b2043.56-9505619) for windows-amd64 JRE (11.0.15+0-b2043.56-9505619), built on Jan 19 2023 02:48:00 by "builduser" with unknown MS VC++:1929

END.
